#
# There is insufficient memory for the Java Runtime Environment to continue.
# Native memory allocation (malloc) failed to allocate 1909616 bytes. Error detail: Chunk::new
# Possible reasons:
#   The system is out of physical RAM or swap space
#   This process is running with CompressedOops enabled, and the Java Heap may be blocking the growth of the native heap
# Possible solutions:
#   Reduce memory load on the system
#   Increase physical memory or swap space
#   Check if swap backing store is full
#   Decrease Java heap size (-Xmx/-Xms)
#   Decrease number of Java threads
#   Decrease Java thread stack sizes (-Xss)
#   Set larger code cache with -XX:ReservedCodeCacheSize=
#   JVM is running with Unscaled Compressed Oops mode in which the Java heap is
#     placed in the first 4GB address space. The Java Heap base address is the
#     maximum limit for the native heap growth. Please use -XX:HeapBaseMinAddress
#     to set the Java Heap base and to place the Java Heap above 4GB virtual address.
# This output file may be truncated or incomplete.
#
#  Out of Memory Error (arena.cpp:168), pid=21500, tid=26124
#
# JRE version: OpenJDK Runtime Environment (21.0.8) (build 21.0.8+-14196175-b1038.72)
# Java VM: OpenJDK 64-Bit Server VM (21.0.8+-14196175-b1038.72, mixed mode, tiered, compressed oops, compressed class ptrs, g1 gc, windows-amd64)
# No core dump will be written. Minidumps are not enabled by default on client versions of Windows
#

---------------  S U M M A R Y ------------

Command Line: --add-opens=java.base/java.lang=ALL-UNNAMED --add-opens=java.base/java.lang.invoke=ALL-UNNAMED --add-opens=java.base/java.util=ALL-UNNAMED --add-opens=java.prefs/java.util.prefs=ALL-UNNAMED --add-exports=jdk.compiler/com.sun.tools.javac.api=ALL-UNNAMED --add-exports=jdk.compiler/com.sun.tools.javac.util=ALL-UNNAMED --add-opens=java.base/java.util=ALL-UNNAMED --add-opens=java.prefs/java.util.prefs=ALL-UNNAMED --add-opens=java.base/java.nio.charset=ALL-UNNAMED --add-opens=java.base/java.net=ALL-UNNAMED --add-opens=java.base/java.util.concurrent.atomic=ALL-UNNAMED --add-opens=java.xml/javax.xml.namespace=ALL-UNNAMED -Xmx2048m -Dfile.encoding=UTF-8 -Duser.country=IN -Duser.language=en -Duser.variant -javaagent:C:\Users\Sushmita Naik\.gradle\wrapper\dists\gradle-8.13-bin\5xuhj0ry160q40clulazy9h7d\gradle-8.13\lib\agents\gradle-instrumentation-agent-8.13.jar org.gradle.launcher.daemon.bootstrap.GradleDaemon 8.13

Host: 12th Gen Intel(R) Core(TM) i3-1215U, 8 cores, 7G,  Windows 11 , 64 bit Build 26100 (10.0.26100.7019)
Time: Tue Dec 16 13:55:24 2025 India Standard Time elapsed time: 22.437689 seconds (0d 0h 0m 22s)

---------------  T H R E A D  ---------------

Current thread (0x0000025c593f51a0):  JavaThread "C2 CompilerThread0" daemon [_thread_in_native, id=26124, stack(0x000000c917800000,0x000000c917900000) (1024K)]


Current CompileTask:
C2:22438 8091   !   4       java.net.URLClassLoader::findClass (47 bytes)

Stack: [0x000000c917800000,0x000000c917900000]
Native frames: (J=compiled Java code, j=interpreted, Vv=VM code, C=native code)
V  [jvm.dll+0x6d68d9]
V  [jvm.dll+0x866693]
V  [jvm.dll+0x868c4e]
V  [jvm.dll+0x869333]
V  [jvm.dll+0x280566]
V  [jvm.dll+0xc07cd]
V  [jvm.dll+0xc0d03]
V  [jvm.dll+0x3b961b]
V  [jvm.dll+0x1dfb24]
V  [jvm.dll+0x2493a4]
V  [jvm.dll+0x248821]
V  [jvm.dll+0x1c73a4]
V  [jvm.dll+0x257f9e]
V  [jvm.dll+0x2564e6]
V  [jvm.dll+0x3f4696]
V  [jvm.dll+0x80eac8]
V  [jvm.dll+0x6d512d]
C  [ucrtbase.dll+0x37b0]
C  [KERNEL32.DLL+0x2e8d7]
C  [ntdll.dll+0x8c53c]


---------------  P R O C E S S  ---------------

Threads class SMR info:
_java_thread_list=0x0000025c62718c30, length=59, elements={
0x0000025c3f6e6d50, 0x0000025c5939e6f0, 0x0000025c593a6e60, 0x0000025c593b1a20,
0x0000025c593a4ec0, 0x0000025c593de670, 0x0000025c593df0d0, 0x0000025c593dff30,
0x0000025c593f51a0, 0x0000025c593f94f0, 0x0000025c597a0930, 0x0000025c5f4f1bb0,
0x0000025c5f4eef00, 0x0000025c5f4c2600, 0x0000025c5f552510, 0x0000025c5f62c020,
0x0000025c5f39ce40, 0x0000025c5f3a7d00, 0x0000025c5f3b0bb0, 0x0000025c5f6abf50,
0x0000025c5f6ae6b0, 0x0000025c5f6ab230, 0x0000025c5f6ab8c0, 0x0000025c5f6ac5e0,
0x0000025c5f6acc70, 0x0000025c5f6ad990, 0x0000025c5f6ae020, 0x0000025c5fa18820,
0x0000025c5fa18190, 0x0000025c5fa18eb0, 0x0000025c5fa17b00, 0x0000025c5fa19540,
0x0000025c5fa19bd0, 0x0000025c5fa16de0, 0x0000025c5fa1a8f0, 0x0000025c5fa1a260,
0x0000025c5fa1c330, 0x0000025c5fa1c9c0, 0x0000025c5fa1d050, 0x0000025c5fa1af80,
0x0000025c5fa1bca0, 0x0000025c5fa1d6e0, 0x0000025c5fa1dd70, 0x0000025c5fa1e400,
0x0000025c61d11c10, 0x0000025c61d12fc0, 0x0000025c61d13650, 0x0000025c61d14370,
0x0000025c61d14a00, 0x0000025c61d15090, 0x0000025c61d122a0, 0x0000025c61d15720,
0x0000025c61d15db0, 0x0000025c61d12930, 0x0000025c61d17160, 0x0000025c61d16ad0,
0x0000025c61d13ce0, 0x0000025c61d16440, 0x0000025c61d17e80
}

Java Threads: ( => current thread )
  0x0000025c3f6e6d50 JavaThread "main"                              [_thread_blocked, id=21388, stack(0x000000c916900000,0x000000c916a00000) (1024K)]
  0x0000025c5939e6f0 JavaThread "Common-Cleaner"             daemon [_thread_blocked, id=2020, stack(0x000000c917100000,0x000000c917200000) (1024K)]
  0x0000025c593a6e60 JavaThread "Reference Handler"          daemon [_thread_blocked, id=17492, stack(0x000000c917200000,0x000000c917300000) (1024K)]
  0x0000025c593b1a20 JavaThread "Finalizer"                  daemon [_thread_blocked, id=26144, stack(0x000000c917300000,0x000000c917400000) (1024K)]
  0x0000025c593a4ec0 JavaThread "Signal Dispatcher"          daemon [_thread_blocked, id=22580, stack(0x000000c917400000,0x000000c917500000) (1024K)]
  0x0000025c593de670 JavaThread "Attach Listener"            daemon [_thread_blocked, id=12644, stack(0x000000c917500000,0x000000c917600000) (1024K)]
  0x0000025c593df0d0 JavaThread "Service Thread"             daemon [_thread_blocked, id=20940, stack(0x000000c917600000,0x000000c917700000) (1024K)]
  0x0000025c593dff30 JavaThread "Monitor Deflation Thread"   daemon [_thread_blocked, id=2968, stack(0x000000c917700000,0x000000c917800000) (1024K)]
=>0x0000025c593f51a0 JavaThread "C2 CompilerThread0"         daemon [_thread_in_native, id=26124, stack(0x000000c917800000,0x000000c917900000) (1024K)]
  0x0000025c593f94f0 JavaThread "C1 CompilerThread0"         daemon [_thread_blocked, id=10872, stack(0x000000c917900000,0x000000c917a00000) (1024K)]
  0x0000025c597a0930 JavaThread "Notification Thread"        daemon [_thread_blocked, id=26476, stack(0x000000c917a00000,0x000000c917b00000) (1024K)]
  0x0000025c5f4f1bb0 JavaThread "Daemon health stats"               [_thread_blocked, id=13656, stack(0x000000c917b00000,0x000000c917c00000) (1024K)]
  0x0000025c5f4eef00 JavaThread "Incoming local TCP Connector on port 52791"        [_thread_in_native, id=12072, stack(0x000000c918100000,0x000000c918200000) (1024K)]
  0x0000025c5f4c2600 JavaThread "Daemon periodic checks"            [_thread_blocked, id=24820, stack(0x000000c918200000,0x000000c918300000) (1024K)]
  0x0000025c5f552510 JavaThread "Daemon"                            [_thread_blocked, id=25176, stack(0x000000c918300000,0x000000c918400000) (1024K)]
  0x0000025c5f62c020 JavaThread "Handler for socket connection from /127.0.0.1:52791 to /127.0.0.1:52792"        [_thread_in_native, id=3200, stack(0x000000c918400000,0x000000c918500000) (1024K)]
  0x0000025c5f39ce40 JavaThread "Cancel handler"                    [_thread_blocked, id=19948, stack(0x000000c918500000,0x000000c918600000) (1024K)]
  0x0000025c5f3a7d00 JavaThread "Daemon worker"                     [_thread_blocked, id=27100, stack(0x000000c918600000,0x000000c918700000) (1024K)]
  0x0000025c5f3b0bb0 JavaThread "Asynchronous log dispatcher for DefaultDaemonConnection: socket connection from /127.0.0.1:52791 to /127.0.0.1:52792"        [_thread_blocked, id=9728, stack(0x000000c918700000,0x000000c918800000) (1024K)]
  0x0000025c5f6abf50 JavaThread "Stdin handler"                     [_thread_blocked, id=23692, stack(0x000000c918b00000,0x000000c918c00000) (1024K)]
  0x0000025c5f6ae6b0 JavaThread "Daemon client event forwarder"        [_thread_blocked, id=15832, stack(0x000000c918c00000,0x000000c918d00000) (1024K)]
  0x0000025c5f6ab230 JavaThread "Cache worker for journal cache (C:\Users\Sushmita Naik\.gradle\caches\journal-1)"        [_thread_blocked, id=20324, stack(0x000000c918d00000,0x000000c918e00000) (1024K)]
  0x0000025c5f6ab8c0 JavaThread "File lock request listener"        [_thread_in_native, id=10628, stack(0x000000c918e00000,0x000000c918f00000) (1024K)]
  0x0000025c5f6ac5e0 JavaThread "Cache worker for file hash cache (C:\Users\Sushmita Naik\.gradle\caches\8.13\fileHashes)"        [_thread_blocked, id=22552, stack(0x000000c919000000,0x000000c919100000) (1024K)]
  0x0000025c5f6acc70 JavaThread "Cache worker for file hash cache (C:\Users\Sushmita Naik\AndroidStudioProjects\Samparka\.gradle\8.13\fileHashes)"        [_thread_blocked, id=19892, stack(0x000000c919100000,0x000000c919200000) (1024K)]
  0x0000025c5f6ad990 JavaThread "Cache worker for Build Output Cleanup Cache (C:\Users\Sushmita Naik\AndroidStudioProjects\Samparka\.gradle\buildOutputCleanup)"        [_thread_blocked, id=7132, stack(0x000000c919200000,0x000000c919300000) (1024K)]
  0x0000025c5f6ae020 JavaThread "File watcher server"        daemon [_thread_in_native, id=26740, stack(0x000000c919300000,0x000000c919400000) (1024K)]
  0x0000025c5fa18820 JavaThread "File watcher consumer"      daemon [_thread_blocked, id=26340, stack(0x000000c919400000,0x000000c919500000) (1024K)]
  0x0000025c5fa18190 JavaThread "jar transforms"                    [_thread_blocked, id=12656, stack(0x000000c919500000,0x000000c919600000) (1024K)]
  0x0000025c5fa18eb0 JavaThread "jar transforms Thread 2"           [_thread_blocked, id=19396, stack(0x000000c919600000,0x000000c919700000) (1024K)]
  0x0000025c5fa17b00 JavaThread "jar transforms Thread 3"           [_thread_blocked, id=25580, stack(0x000000c919700000,0x000000c919800000) (1024K)]
  0x0000025c5fa19540 JavaThread "jar transforms Thread 4"           [_thread_blocked, id=9296, stack(0x000000c919800000,0x000000c919900000) (1024K)]
  0x0000025c5fa19bd0 JavaThread "jar transforms Thread 5"           [_thread_blocked, id=5960, stack(0x000000c919900000,0x000000c919a00000) (1024K)]
  0x0000025c5fa16de0 JavaThread "jar transforms Thread 6"           [_thread_blocked, id=19972, stack(0x000000c919a00000,0x000000c919b00000) (1024K)]
  0x0000025c5fa1a8f0 JavaThread "jar transforms Thread 7"           [_thread_blocked, id=14744, stack(0x000000c919b00000,0x000000c919c00000) (1024K)]
  0x0000025c5fa1a260 JavaThread "jar transforms Thread 8"           [_thread_blocked, id=21336, stack(0x000000c919c00000,0x000000c919d00000) (1024K)]
  0x0000025c5fa1c330 JavaThread "Cache worker for checksums cache (C:\Users\Sushmita Naik\AndroidStudioProjects\Samparka\.gradle\8.13\checksums)"        [_thread_blocked, id=12116, stack(0x000000c918f00000,0x000000c919000000) (1024K)]
  0x0000025c5fa1c9c0 JavaThread "Cache worker for file content cache (C:\Users\Sushmita Naik\.gradle\caches\8.13\fileContent)"        [_thread_blocked, id=17948, stack(0x000000c919d00000,0x000000c919e00000) (1024K)]
  0x0000025c5fa1d050 JavaThread "Cache worker for cache directory md-supplier (C:\Users\Sushmita Naik\.gradle\caches\8.13\md-supplier)"        [_thread_blocked, id=10412, stack(0x000000c919e00000,0x000000c919f00000) (1024K)]
  0x0000025c5fa1af80 JavaThread "Cache worker for cache directory md-rule (C:\Users\Sushmita Naik\.gradle\caches\8.13\md-rule)"        [_thread_blocked, id=8620, stack(0x000000c919f00000,0x000000c91a000000) (1024K)]
  0x0000025c5fa1bca0 JavaThread "Unconstrained build operations"        [_thread_blocked, id=26032, stack(0x000000c91a000000,0x000000c91a100000) (1024K)]
  0x0000025c5fa1d6e0 JavaThread "Unconstrained build operations Thread 2"        [_thread_blocked, id=15992, stack(0x000000c91a100000,0x000000c91a200000) (1024K)]
  0x0000025c5fa1dd70 JavaThread "Unconstrained build operations Thread 3"        [_thread_blocked, id=13024, stack(0x000000c91a200000,0x000000c91a300000) (1024K)]
  0x0000025c5fa1e400 JavaThread "Unconstrained build operations Thread 4"        [_thread_blocked, id=22000, stack(0x000000c91a300000,0x000000c91a400000) (1024K)]
  0x0000025c61d11c10 JavaThread "Unconstrained build operations Thread 5"        [_thread_blocked, id=23752, stack(0x000000c91a500000,0x000000c91a600000) (1024K)]
  0x0000025c61d12fc0 JavaThread "Unconstrained build operations Thread 6"        [_thread_blocked, id=14820, stack(0x000000c91a600000,0x000000c91a700000) (1024K)]
  0x0000025c61d13650 JavaThread "Unconstrained build operations Thread 7"        [_thread_blocked, id=24156, stack(0x000000c91a700000,0x000000c91a800000) (1024K)]
  0x0000025c61d14370 JavaThread "Unconstrained build operations Thread 8"        [_thread_blocked, id=21200, stack(0x000000c91a800000,0x000000c91a900000) (1024K)]
  0x0000025c61d14a00 JavaThread "Unconstrained build operations Thread 9"        [_thread_blocked, id=12828, stack(0x000000c91a900000,0x000000c91aa00000) (1024K)]
  0x0000025c61d15090 JavaThread "Unconstrained build operations Thread 10"        [_thread_blocked, id=5040, stack(0x000000c91aa00000,0x000000c91ab00000) (1024K)]
  0x0000025c61d122a0 JavaThread "Unconstrained build operations Thread 11"        [_thread_blocked, id=20284, stack(0x000000c91ab00000,0x000000c91ac00000) (1024K)]
  0x0000025c61d15720 JavaThread "Unconstrained build operations Thread 12"        [_thread_blocked, id=8640, stack(0x000000c91ac00000,0x000000c91ad00000) (1024K)]
  0x0000025c61d15db0 JavaThread "Unconstrained build operations Thread 13"        [_thread_blocked, id=9152, stack(0x000000c91ad00000,0x000000c91ae00000) (1024K)]
  0x0000025c61d12930 JavaThread "Unconstrained build operations Thread 14"        [_thread_blocked, id=18784, stack(0x000000c91ae00000,0x000000c91af00000) (1024K)]
  0x0000025c61d17160 JavaThread "Unconstrained build operations Thread 15"        [_thread_blocked, id=13228, stack(0x000000c91af00000,0x000000c91b000000) (1024K)]
  0x0000025c61d16ad0 JavaThread "Unconstrained build operations Thread 16"        [_thread_blocked, id=22228, stack(0x000000c91b000000,0x000000c91b100000) (1024K)]
  0x0000025c61d13ce0 JavaThread "Unconstrained build operations Thread 17"        [_thread_blocked, id=16792, stack(0x000000c91b100000,0x000000c91b200000) (1024K)]
  0x0000025c61d16440 JavaThread "Unconstrained build operations Thread 18"        [_thread_blocked, id=13264, stack(0x000000c91b200000,0x000000c91b300000) (1024K)]
  0x0000025c61d17e80 JavaThread "Problems report writer"            [_thread_blocked, id=25084, stack(0x000000c91a400000,0x000000c91a500000) (1024K)]
Total: 59

Other Threads:
  0x0000025c591af070 VMThread "VM Thread"                           [id=19584, stack(0x000000c917000000,0x000000c917100000) (1024K)]
  0x0000025c5919d3d0 WatcherThread "VM Periodic Task Thread"        [id=8400, stack(0x000000c916f00000,0x000000c917000000) (1024K)]
  0x0000025c41b53a20 WorkerThread "GC Thread#0"                     [id=23268, stack(0x000000c916a00000,0x000000c916b00000) (1024K)]
  0x0000025c591afef0 WorkerThread "GC Thread#1"                     [id=888, stack(0x000000c917c00000,0x000000c917d00000) (1024K)]
  0x0000025c591ae590 WorkerThread "GC Thread#2"                     [id=22532, stack(0x000000c917d00000,0x000000c917e00000) (1024K)]
  0x0000025c591ae930 WorkerThread "GC Thread#3"                     [id=22020, stack(0x000000c917e00000,0x000000c917f00000) (1024K)]
  0x0000025c591afb50 WorkerThread "GC Thread#4"                     [id=14156, stack(0x000000c917f00000,0x000000c918000000) (1024K)]
  0x0000025c591aecd0 WorkerThread "GC Thread#5"                     [id=4692, stack(0x000000c918000000,0x000000c918100000) (1024K)]
  0x0000025c5f60e050 WorkerThread "GC Thread#6"                     [id=26560, stack(0x000000c918800000,0x000000c918900000) (1024K)]
  0x0000025c5f60dcb0 WorkerThread "GC Thread#7"                     [id=12472, stack(0x000000c918900000,0x000000c918a00000) (1024K)]
  0x0000025c41b64910 ConcurrentGCThread "G1 Main Marker"            [id=20848, stack(0x000000c916b00000,0x000000c916c00000) (1024K)]
  0x0000025c41b65480 WorkerThread "G1 Conc#0"                       [id=11720, stack(0x000000c916c00000,0x000000c916d00000) (1024K)]
  0x0000025c5f60bc10 WorkerThread "G1 Conc#1"                       [id=24120, stack(0x000000c918a00000,0x000000c918b00000) (1024K)]
  0x0000025c5906f1a0 ConcurrentGCThread "G1 Refine#0"               [id=16416, stack(0x000000c916d00000,0x000000c916e00000) (1024K)]
  0x0000025c590719d0 ConcurrentGCThread "G1 Service"                [id=20260, stack(0x000000c916e00000,0x000000c916f00000) (1024K)]
Total: 15

Threads with active compile tasks:
C2 CompilerThread0  22519 8091   !   4       java.net.URLClassLoader::findClass (47 bytes)
Total: 1

VM state: at safepoint (normal execution)

VM Mutex/Monitor currently owned by a thread:  ([mutex/lock_event])
[0x00007fffdb9385b8] Threads_lock - owner thread: 0x0000025c591af070
[0x00007fffdb9386b8] Heap_lock - owner thread: 0x0000025c41b64910

Heap address: 0x0000000080000000, size: 2048 MB, Compressed Oops mode: 32-bit

CDS archive(s) not mapped
Compressed class space mapped at: 0x0000000100000000-0x0000000140000000, reserved size: 1073741824
Narrow klass base: 0x0000000000000000, Narrow klass shift: 3, Narrow klass range: 0x140000000

GC Precious Log:
 CardTable entry size: 512
 Card Set container configuration: InlinePtr #cards 5 size 8 Array Of Cards #cards 12 size 40 Howl #buckets 4 coarsen threshold 1843 Howl Bitmap #cards 512 size 80 coarsen threshold 460 Card regions per heap region 1 cards per card region 2048
 CPUs: 8 total, 8 available
 Memory: 7876M
 Large Page Support: Disabled
 NUMA Support: Disabled
 Compressed Oops: Enabled (32-bit)
 Heap Region Size: 1M
 Heap Min Capacity: 8M
 Heap Initial Capacity: 124M
 Heap Max Capacity: 2G
 Pre-touch: Disabled
 Parallel Workers: 8
 Concurrent Workers: 2
 Concurrent Refinement Workers: 8
 Periodic GC: Disabled

Heap:
 garbage-first heap   total 158720K, used 111791K [0x0000000080000000, 0x0000000100000000)
  region size 1024K, 5 young (5120K), 3 survivors (3072K)
 Metaspace       used 76413K, committed 78144K, reserved 1179648K
  class space    used 10770K, committed 11584K, reserved 1048576K

Heap Regions: E=young(eden), S=young(survivor), O=old, HS=humongous(starts), HC=humongous(continues), CS=collection set, F=free, TAMS=top-at-mark-start, PB=parsable bottom
|   0|0x0000000080000000, 0x0000000080100000, 0x0000000080100000|100%|HS|  |TAMS 0x0000000080100000| PB 0x0000000080000000| Complete 
|   1|0x0000000080100000, 0x0000000080200000, 0x0000000080200000|100%|HC|  |TAMS 0x0000000080200000| PB 0x0000000080100000| Complete 
|   2|0x0000000080200000, 0x0000000080300000, 0x0000000080300000|100%|HC|  |TAMS 0x0000000080300000| PB 0x0000000080200000| Complete 
|   3|0x0000000080300000, 0x0000000080400000, 0x0000000080400000|100%| O|  |TAMS 0x0000000080400000| PB 0x0000000080300000| Untracked 
|   4|0x0000000080400000, 0x0000000080500000, 0x0000000080500000|100%| O|  |TAMS 0x0000000080500000| PB 0x0000000080400000| Untracked 
|   5|0x0000000080500000, 0x0000000080600000, 0x0000000080600000|100%| O|  |TAMS 0x0000000080600000| PB 0x0000000080500000| Untracked 
|   6|0x0000000080600000, 0x0000000080700000, 0x0000000080700000|100%|HS|  |TAMS 0x0000000080700000| PB 0x0000000080600000| Complete 
|   7|0x0000000080700000, 0x0000000080800000, 0x0000000080800000|100%| O|  |TAMS 0x0000000080800000| PB 0x0000000080700000| Untracked 
|   8|0x0000000080800000, 0x0000000080900000, 0x0000000080900000|100%| O|  |TAMS 0x0000000080900000| PB 0x0000000080800000| Untracked 
|   9|0x0000000080900000, 0x0000000080a00000, 0x0000000080a00000|100%| O|  |TAMS 0x0000000080a00000| PB 0x0000000080900000| Untracked 
|  10|0x0000000080a00000, 0x0000000080b00000, 0x0000000080b00000|100%| O|  |TAMS 0x0000000080b00000| PB 0x0000000080a00000| Untracked 
|  11|0x0000000080b00000, 0x0000000080c00000, 0x0000000080c00000|100%| O|  |TAMS 0x0000000080c00000| PB 0x0000000080b00000| Untracked 
|  12|0x0000000080c00000, 0x0000000080d00000, 0x0000000080d00000|100%| O|  |TAMS 0x0000000080d00000| PB 0x0000000080c00000| Untracked 
|  13|0x0000000080d00000, 0x0000000080e00000, 0x0000000080e00000|100%| O|  |TAMS 0x0000000080e00000| PB 0x0000000080d00000| Untracked 
|  14|0x0000000080e00000, 0x0000000080f00000, 0x0000000080f00000|100%| O|  |TAMS 0x0000000080f00000| PB 0x0000000080e00000| Untracked 
|  15|0x0000000080f00000, 0x0000000081000000, 0x0000000081000000|100%| O|  |TAMS 0x0000000081000000| PB 0x0000000080f00000| Untracked 
|  16|0x0000000081000000, 0x0000000081100000, 0x0000000081100000|100%| O|  |TAMS 0x0000000081100000| PB 0x0000000081000000| Untracked 
|  17|0x0000000081100000, 0x0000000081200000, 0x0000000081200000|100%| O|  |TAMS 0x0000000081200000| PB 0x0000000081100000| Untracked 
|  18|0x0000000081200000, 0x0000000081300000, 0x0000000081300000|100%| O|  |TAMS 0x0000000081300000| PB 0x0000000081200000| Untracked 
|  19|0x0000000081300000, 0x0000000081400000, 0x0000000081400000|100%| O|  |TAMS 0x0000000081400000| PB 0x0000000081300000| Untracked 
|  20|0x0000000081400000, 0x0000000081500000, 0x0000000081500000|100%| O|  |TAMS 0x0000000081500000| PB 0x0000000081400000| Untracked 
|  21|0x0000000081500000, 0x0000000081600000, 0x0000000081600000|100%| O|  |TAMS 0x0000000081600000| PB 0x0000000081500000| Untracked 
|  22|0x0000000081600000, 0x0000000081700000, 0x0000000081700000|100%|HS|  |TAMS 0x0000000081700000| PB 0x0000000081600000| Complete 
|  23|0x0000000081700000, 0x0000000081800000, 0x0000000081800000|100%|HC|  |TAMS 0x0000000081800000| PB 0x0000000081700000| Complete 
|  24|0x0000000081800000, 0x0000000081900000, 0x0000000081900000|100%|HC|  |TAMS 0x0000000081900000| PB 0x0000000081800000| Complete 
|  25|0x0000000081900000, 0x0000000081a00000, 0x0000000081a00000|100%|HC|  |TAMS 0x0000000081a00000| PB 0x0000000081900000| Complete 
|  26|0x0000000081a00000, 0x0000000081b00000, 0x0000000081b00000|100%|HC|  |TAMS 0x0000000081b00000| PB 0x0000000081a00000| Complete 
|  27|0x0000000081b00000, 0x0000000081c00000, 0x0000000081c00000|100%|HC|  |TAMS 0x0000000081c00000| PB 0x0000000081b00000| Complete 
|  28|0x0000000081c00000, 0x0000000081d00000, 0x0000000081d00000|100%|HS|  |TAMS 0x0000000081d00000| PB 0x0000000081c00000| Complete 
|  29|0x0000000081d00000, 0x0000000081e00000, 0x0000000081e00000|100%|HS|  |TAMS 0x0000000081e00000| PB 0x0000000081d00000| Complete 
|  30|0x0000000081e00000, 0x0000000081f00000, 0x0000000081f00000|100%| O|  |TAMS 0x0000000081f00000| PB 0x0000000081e00000| Untracked 
|  31|0x0000000081f00000, 0x0000000082000000, 0x0000000082000000|100%| O|  |TAMS 0x0000000082000000| PB 0x0000000081f00000| Untracked 
|  32|0x0000000082000000, 0x0000000082100000, 0x0000000082100000|100%|HS|  |TAMS 0x0000000082100000| PB 0x0000000082000000| Complete 
|  33|0x0000000082100000, 0x0000000082200000, 0x0000000082200000|100%|HC|  |TAMS 0x0000000082200000| PB 0x0000000082100000| Complete 
|  34|0x0000000082200000, 0x0000000082300000, 0x0000000082300000|100%|HS|  |TAMS 0x0000000082300000| PB 0x0000000082200000| Complete 
|  35|0x0000000082300000, 0x0000000082400000, 0x0000000082400000|100%|HS|  |TAMS 0x0000000082400000| PB 0x0000000082300000| Complete 
|  36|0x0000000082400000, 0x0000000082500000, 0x0000000082500000|100%| O|  |TAMS 0x0000000082500000| PB 0x0000000082400000| Untracked 
|  37|0x0000000082500000, 0x0000000082600000, 0x0000000082600000|100%| O|  |TAMS 0x0000000082600000| PB 0x0000000082500000| Untracked 
|  38|0x0000000082600000, 0x0000000082700000, 0x0000000082700000|100%| O|  |TAMS 0x0000000082700000| PB 0x0000000082600000| Untracked 
|  39|0x0000000082700000, 0x0000000082800000, 0x0000000082800000|100%|HS|  |TAMS 0x0000000082800000| PB 0x0000000082700000| Complete 
|  40|0x0000000082800000, 0x0000000082900000, 0x0000000082900000|100%|HC|  |TAMS 0x0000000082900000| PB 0x0000000082800000| Complete 
|  41|0x0000000082900000, 0x0000000082a00000, 0x0000000082a00000|100%|HC|  |TAMS 0x0000000082a00000| PB 0x0000000082900000| Complete 
|  42|0x0000000082a00000, 0x0000000082b00000, 0x0000000082b00000|100%|HC|  |TAMS 0x0000000082b00000| PB 0x0000000082a00000| Complete 
|  43|0x0000000082b00000, 0x0000000082c00000, 0x0000000082c00000|100%|HS|  |TAMS 0x0000000082c00000| PB 0x0000000082b00000| Complete 
|  44|0x0000000082c00000, 0x0000000082d00000, 0x0000000082d00000|100%|HC|  |TAMS 0x0000000082d00000| PB 0x0000000082c00000| Complete 
|  45|0x0000000082d00000, 0x0000000082e00000, 0x0000000082e00000|100%|HC|  |TAMS 0x0000000082e00000| PB 0x0000000082d00000| Complete 
|  46|0x0000000082e00000, 0x0000000082f00000, 0x0000000082f00000|100%|HC|  |TAMS 0x0000000082f00000| PB 0x0000000082e00000| Complete 
|  47|0x0000000082f00000, 0x0000000083000000, 0x0000000083000000|100%|HC|  |TAMS 0x0000000083000000| PB 0x0000000082f00000| Complete 
|  48|0x0000000083000000, 0x0000000083100000, 0x0000000083100000|100%|HC|  |TAMS 0x0000000083100000| PB 0x0000000083000000| Complete 
|  49|0x0000000083100000, 0x0000000083200000, 0x0000000083200000|100%|HS|  |TAMS 0x0000000083200000| PB 0x0000000083100000| Complete 
|  50|0x0000000083200000, 0x0000000083300000, 0x0000000083300000|100%|HC|  |TAMS 0x0000000083300000| PB 0x0000000083200000| Complete 
|  51|0x0000000083300000, 0x0000000083400000, 0x0000000083400000|100%| O|  |TAMS 0x0000000083400000| PB 0x0000000083300000| Untracked 
|  52|0x0000000083400000, 0x0000000083500000, 0x0000000083500000|100%| O|  |TAMS 0x0000000083500000| PB 0x0000000083400000| Untracked 
|  53|0x0000000083500000, 0x0000000083600000, 0x0000000083600000|100%| O|  |TAMS 0x0000000083600000| PB 0x0000000083500000| Untracked 
|  54|0x0000000083600000, 0x0000000083700000, 0x0000000083700000|100%| O|  |TAMS 0x0000000083700000| PB 0x0000000083600000| Untracked 
|  55|0x0000000083700000, 0x0000000083800000, 0x0000000083800000|100%| O|  |TAMS 0x0000000083800000| PB 0x0000000083700000| Untracked 
|  56|0x0000000083800000, 0x0000000083900000, 0x0000000083900000|100%| O|  |TAMS 0x0000000083900000| PB 0x0000000083800000| Untracked 
|  57|0x0000000083900000, 0x0000000083a00000, 0x0000000083a00000|100%| O|  |TAMS 0x0000000083a00000| PB 0x0000000083900000| Untracked 
|  58|0x0000000083a00000, 0x0000000083b00000, 0x0000000083b00000|100%|HS|  |TAMS 0x0000000083b00000| PB 0x0000000083a00000| Complete 
|  59|0x0000000083b00000, 0x0000000083c00000, 0x0000000083c00000|100%|HC|  |TAMS 0x0000000083c00000| PB 0x0000000083b00000| Complete 
|  60|0x0000000083c00000, 0x0000000083d00000, 0x0000000083d00000|100%|HC|  |TAMS 0x0000000083d00000| PB 0x0000000083c00000| Complete 
|  61|0x0000000083d00000, 0x0000000083e00000, 0x0000000083e00000|100%|HC|  |TAMS 0x0000000083e00000| PB 0x0000000083d00000| Complete 
|  62|0x0000000083e00000, 0x0000000083f00000, 0x0000000083f00000|100%| O|  |TAMS 0x0000000083f00000| PB 0x0000000083e00000| Untracked 
|  63|0x0000000083f00000, 0x0000000084000000, 0x0000000084000000|100%| O|  |TAMS 0x0000000084000000| PB 0x0000000083f00000| Untracked 
|  64|0x0000000084000000, 0x0000000084100000, 0x0000000084100000|100%| O|  |TAMS 0x0000000084100000| PB 0x0000000084000000| Untracked 
|  65|0x0000000084100000, 0x0000000084200000, 0x0000000084200000|100%|HS|  |TAMS 0x0000000084200000| PB 0x0000000084100000| Complete 
|  66|0x0000000084200000, 0x0000000084300000, 0x0000000084300000|100%|HC|  |TAMS 0x0000000084300000| PB 0x0000000084200000| Complete 
|  67|0x0000000084300000, 0x0000000084400000, 0x0000000084400000|100%| O|  |TAMS 0x0000000084400000| PB 0x0000000084300000| Untracked 
|  68|0x0000000084400000, 0x0000000084500000, 0x0000000084500000|100%| O|  |TAMS 0x0000000084500000| PB 0x0000000084400000| Untracked 
|  69|0x0000000084500000, 0x0000000084600000, 0x0000000084600000|100%|HS|  |TAMS 0x0000000084600000| PB 0x0000000084500000| Complete 
|  70|0x0000000084600000, 0x0000000084700000, 0x0000000084700000|100%|HC|  |TAMS 0x0000000084700000| PB 0x0000000084600000| Complete 
|  71|0x0000000084700000, 0x0000000084800000, 0x0000000084800000|100%|HC|  |TAMS 0x0000000084800000| PB 0x0000000084700000| Complete 
|  72|0x0000000084800000, 0x0000000084900000, 0x0000000084900000|100%|HC|  |TAMS 0x0000000084900000| PB 0x0000000084800000| Complete 
|  73|0x0000000084900000, 0x0000000084a00000, 0x0000000084a00000|100%|HC|  |TAMS 0x0000000084a00000| PB 0x0000000084900000| Complete 
|  74|0x0000000084a00000, 0x0000000084b00000, 0x0000000084b00000|100%|HC|  |TAMS 0x0000000084b00000| PB 0x0000000084a00000| Complete 
|  75|0x0000000084b00000, 0x0000000084c00000, 0x0000000084c00000|100%|HS|  |TAMS 0x0000000084c00000| PB 0x0000000084b00000| Complete 
|  76|0x0000000084c00000, 0x0000000084d00000, 0x0000000084d00000|100%| O|  |TAMS 0x0000000084d00000| PB 0x0000000084d00000| Updating 
|  77|0x0000000084d00000, 0x0000000084e00000, 0x0000000084e00000|100%| O|  |TAMS 0x0000000084e00000| PB 0x0000000084e00000| Updating 
|  78|0x0000000084e00000, 0x0000000084f00000, 0x0000000084f00000|100%| O|  |TAMS 0x0000000084f00000| PB 0x0000000084f00000| Untracked 
|  79|0x0000000084f00000, 0x0000000085000000, 0x0000000085000000|100%| O|  |TAMS 0x0000000085000000| PB 0x0000000085000000| Updating 
|  80|0x0000000085000000, 0x0000000085100000, 0x0000000085100000|100%| O|  |TAMS 0x0000000085000000| PB 0x0000000085000000| Untracked 
|  81|0x0000000085100000, 0x0000000085200000, 0x0000000085200000|100%| O|  |TAMS 0x0000000085200000| PB 0x0000000085200000| Updating 
|  82|0x0000000085200000, 0x0000000085300000, 0x0000000085300000|100%| O|  |TAMS 0x0000000085300000| PB 0x0000000085300000| Updating 
|  83|0x0000000085300000, 0x0000000085400000, 0x0000000085400000|100%| O|  |TAMS 0x0000000085300000| PB 0x0000000085300000| Untracked 
|  84|0x0000000085400000, 0x0000000085500000, 0x0000000085500000|100%|HS|  |TAMS 0x0000000085500000| PB 0x0000000085400000| Complete 
|  85|0x0000000085500000, 0x0000000085600000, 0x0000000085600000|100%| O|  |TAMS 0x0000000085600000| PB 0x0000000085600000| Untracked 
|  86|0x0000000085600000, 0x0000000085700000, 0x0000000085700000|100%| O|  |TAMS 0x0000000085700000| PB 0x0000000085700000| Untracked 
|  87|0x0000000085700000, 0x0000000085800000, 0x0000000085800000|100%| O|  |TAMS 0x0000000085800000| PB 0x0000000085800000| Untracked 
|  88|0x0000000085800000, 0x0000000085900000, 0x0000000085900000|100%| O|  |TAMS 0x0000000085900000| PB 0x0000000085900000| Updating 
|  89|0x0000000085900000, 0x0000000085a00000, 0x0000000085a00000|100%| O|  |TAMS 0x0000000085a00000| PB 0x0000000085a00000| Updating 
|  90|0x0000000085a00000, 0x0000000085b00000, 0x0000000085b00000|100%| O|  |TAMS 0x0000000085b00000| PB 0x0000000085b00000| Updating 
|  91|0x0000000085b00000, 0x0000000085c00000, 0x0000000085c00000|100%|HS|  |TAMS 0x0000000085c00000| PB 0x0000000085b00000| Complete 
|  92|0x0000000085c00000, 0x0000000085d00000, 0x0000000085d00000|100%|HC|  |TAMS 0x0000000085d00000| PB 0x0000000085c00000| Complete 
|  93|0x0000000085d00000, 0x0000000085e00000, 0x0000000085e00000|100%|HC|  |TAMS 0x0000000085e00000| PB 0x0000000085d00000| Complete 
|  94|0x0000000085e00000, 0x0000000085f00000, 0x0000000085f00000|100%|HC|  |TAMS 0x0000000085f00000| PB 0x0000000085e00000| Complete 
|  95|0x0000000085f00000, 0x0000000086000000, 0x0000000086000000|100%|HC|  |TAMS 0x0000000086000000| PB 0x0000000085f00000| Complete 
|  96|0x0000000086000000, 0x0000000086100000, 0x0000000086100000|100%|HC|  |TAMS 0x0000000086100000| PB 0x0000000086000000| Complete 
|  97|0x0000000086100000, 0x0000000086200000, 0x0000000086200000|100%| O|  |TAMS 0x0000000086200000| PB 0x0000000086200000| Untracked 
|  98|0x0000000086200000, 0x0000000086300000, 0x0000000086300000|100%| O|  |TAMS 0x0000000086300000| PB 0x0000000086300000| Updating 
|  99|0x0000000086300000, 0x0000000086400000, 0x0000000086400000|100%| O|  |TAMS 0x0000000086400000| PB 0x0000000086400000| Updating 
| 100|0x0000000086400000, 0x0000000086500000, 0x0000000086500000|100%| O|  |TAMS 0x00000000864e6be0| PB 0x00000000864e6be0| Updating 
| 101|0x0000000086500000, 0x00000000865d8d80, 0x0000000086600000| 84%| O|  |TAMS 0x0000000086500000| PB 0x0000000086500000| Updating 
| 102|0x0000000086600000, 0x0000000086600000, 0x0000000086700000|  0%| F|  |TAMS 0x0000000086600000| PB 0x0000000086600000| Untracked 
| 103|0x0000000086700000, 0x0000000086700000, 0x0000000086800000|  0%| F|  |TAMS 0x0000000086700000| PB 0x0000000086700000| Untracked 
| 104|0x0000000086800000, 0x0000000086800000, 0x0000000086900000|  0%| F|  |TAMS 0x0000000086800000| PB 0x0000000086800000| Untracked 
| 105|0x0000000086900000, 0x0000000086900000, 0x0000000086a00000|  0%| F|  |TAMS 0x0000000086900000| PB 0x0000000086900000| Untracked 
| 106|0x0000000086a00000, 0x0000000086a00000, 0x0000000086b00000|  0%| F|  |TAMS 0x0000000086a00000| PB 0x0000000086a00000| Untracked 
| 107|0x0000000086b00000, 0x0000000086b00000, 0x0000000086c00000|  0%| F|  |TAMS 0x0000000086b00000| PB 0x0000000086b00000| Untracked 
| 108|0x0000000086c00000, 0x0000000086c53228, 0x0000000086d00000| 32%| S|CS|TAMS 0x0000000086c00000| PB 0x0000000086c00000| Complete 
| 109|0x0000000086d00000, 0x0000000086e00000, 0x0000000086e00000|100%| S|CS|TAMS 0x0000000086d00000| PB 0x0000000086d00000| Complete 
| 110|0x0000000086e00000, 0x0000000086f00000, 0x0000000086f00000|100%| S|CS|TAMS 0x0000000086e00000| PB 0x0000000086e00000| Complete 
| 111|0x0000000086f00000, 0x0000000086f00000, 0x0000000087000000|  0%| F|  |TAMS 0x0000000086f00000| PB 0x0000000086f00000| Untracked 
| 112|0x0000000087000000, 0x0000000087000000, 0x0000000087100000|  0%| F|  |TAMS 0x0000000087000000| PB 0x0000000087000000| Untracked 
| 113|0x0000000087100000, 0x0000000087100000, 0x0000000087200000|  0%| F|  |TAMS 0x0000000087100000| PB 0x0000000087100000| Untracked 
| 114|0x0000000087200000, 0x0000000087200000, 0x0000000087300000|  0%| F|  |TAMS 0x0000000087200000| PB 0x0000000087200000| Untracked 
| 115|0x0000000087300000, 0x0000000087300000, 0x0000000087400000|  0%| F|  |TAMS 0x0000000087300000| PB 0x0000000087300000| Untracked 
| 116|0x0000000087400000, 0x0000000087400000, 0x0000000087500000|  0%| F|  |TAMS 0x0000000087400000| PB 0x0000000087400000| Untracked 
| 117|0x0000000087500000, 0x0000000087500000, 0x0000000087600000|  0%| F|  |TAMS 0x0000000087500000| PB 0x0000000087500000| Untracked 
| 118|0x0000000087600000, 0x0000000087600000, 0x0000000087700000|  0%| F|  |TAMS 0x0000000087600000| PB 0x0000000087600000| Untracked 
| 119|0x0000000087700000, 0x0000000087700000, 0x0000000087800000|  0%| F|  |TAMS 0x0000000087700000| PB 0x0000000087700000| Untracked 
| 120|0x0000000087800000, 0x0000000087800000, 0x0000000087900000|  0%| F|  |TAMS 0x0000000087800000| PB 0x0000000087800000| Untracked 
| 121|0x0000000087900000, 0x0000000087900000, 0x0000000087a00000|  0%| F|  |TAMS 0x0000000087900000| PB 0x0000000087900000| Untracked 
| 122|0x0000000087a00000, 0x0000000087a00000, 0x0000000087b00000|  0%| F|  |TAMS 0x0000000087a00000| PB 0x0000000087a00000| Untracked 
| 123|0x0000000087b00000, 0x0000000087b00000, 0x0000000087c00000|  0%| F|  |TAMS 0x0000000087b00000| PB 0x0000000087b00000| Untracked 
| 124|0x0000000087c00000, 0x0000000087c00000, 0x0000000087d00000|  0%| F|  |TAMS 0x0000000087c00000| PB 0x0000000087c00000| Untracked 
| 125|0x0000000087d00000, 0x0000000087d00000, 0x0000000087e00000|  0%| F|  |TAMS 0x0000000087d00000| PB 0x0000000087d00000| Untracked 
| 126|0x0000000087e00000, 0x0000000087e00000, 0x0000000087f00000|  0%| F|  |TAMS 0x0000000087e00000| PB 0x0000000087e00000| Untracked 
| 127|0x0000000087f00000, 0x0000000087f00000, 0x0000000088000000|  0%| F|  |TAMS 0x0000000087f00000| PB 0x0000000087f00000| Untracked 
| 128|0x0000000088000000, 0x0000000088000000, 0x0000000088100000|  0%| F|  |TAMS 0x0000000088000000| PB 0x0000000088000000| Untracked 
| 129|0x0000000088100000, 0x0000000088100000, 0x0000000088200000|  0%| F|  |TAMS 0x0000000088100000| PB 0x0000000088100000| Untracked 
| 130|0x0000000088200000, 0x0000000088200000, 0x0000000088300000|  0%| F|  |TAMS 0x0000000088200000| PB 0x0000000088200000| Untracked 
| 131|0x0000000088300000, 0x0000000088300000, 0x0000000088400000|  0%| F|  |TAMS 0x0000000088300000| PB 0x0000000088300000| Untracked 
| 132|0x0000000088400000, 0x0000000088400000, 0x0000000088500000|  0%| F|  |TAMS 0x0000000088400000| PB 0x0000000088400000| Untracked 
| 133|0x0000000088500000, 0x0000000088500000, 0x0000000088600000|  0%| F|  |TAMS 0x0000000088500000| PB 0x0000000088500000| Untracked 
| 134|0x0000000088600000, 0x0000000088600000, 0x0000000088700000|  0%| F|  |TAMS 0x0000000088600000| PB 0x0000000088600000| Untracked 
| 135|0x0000000088700000, 0x0000000088700000, 0x0000000088800000|  0%| F|  |TAMS 0x0000000088700000| PB 0x0000000088700000| Untracked 
| 136|0x0000000088800000, 0x0000000088800000, 0x0000000088900000|  0%| F|  |TAMS 0x0000000088800000| PB 0x0000000088800000| Untracked 
| 137|0x0000000088900000, 0x0000000088900000, 0x0000000088a00000|  0%| F|  |TAMS 0x0000000088900000| PB 0x0000000088900000| Untracked 
| 138|0x0000000088a00000, 0x0000000088a00000, 0x0000000088b00000|  0%| F|  |TAMS 0x0000000088a00000| PB 0x0000000088a00000| Untracked 
| 139|0x0000000088b00000, 0x0000000088b00000, 0x0000000088c00000|  0%| F|  |TAMS 0x0000000088b00000| PB 0x0000000088b00000| Untracked 
| 140|0x0000000088c00000, 0x0000000088c00000, 0x0000000088d00000|  0%| F|  |TAMS 0x0000000088c00000| PB 0x0000000088c00000| Untracked 
| 141|0x0000000088d00000, 0x0000000088d00000, 0x0000000088e00000|  0%| F|  |TAMS 0x0000000088d00000| PB 0x0000000088d00000| Untracked 
| 142|0x0000000088e00000, 0x0000000088e00000, 0x0000000088f00000|  0%| F|  |TAMS 0x0000000088e00000| PB 0x0000000088e00000| Untracked 
| 143|0x0000000088f00000, 0x0000000088f00000, 0x0000000089000000|  0%| F|  |TAMS 0x0000000088f00000| PB 0x0000000088f00000| Untracked 
| 144|0x0000000089000000, 0x0000000089000000, 0x0000000089100000|  0%| F|  |TAMS 0x0000000089000000| PB 0x0000000089000000| Untracked 
| 145|0x0000000089100000, 0x0000000089100000, 0x0000000089200000|  0%| F|  |TAMS 0x0000000089100000| PB 0x0000000089100000| Untracked 
| 146|0x0000000089200000, 0x0000000089200000, 0x0000000089300000|  0%| F|  |TAMS 0x0000000089200000| PB 0x0000000089200000| Untracked 
| 147|0x0000000089300000, 0x0000000089300000, 0x0000000089400000|  0%| F|  |TAMS 0x0000000089300000| PB 0x0000000089300000| Untracked 
| 148|0x0000000089400000, 0x0000000089400000, 0x0000000089500000|  0%| F|  |TAMS 0x0000000089400000| PB 0x0000000089400000| Untracked 
|2042|0x00000000ffa00000, 0x00000000ffb00000, 0x00000000ffb00000|100%| O|  |TAMS 0x00000000ffb00000| PB 0x00000000ffb00000| Updating 
|2043|0x00000000ffb00000, 0x00000000ffb80000, 0x00000000ffc00000| 50%| E|  |TAMS 0x00000000ffb00000| PB 0x00000000ffb00000| Complete 
|2044|0x00000000ffc00000, 0x00000000ffd00000, 0x00000000ffd00000|100%| O|  |TAMS 0x00000000ffd00000| PB 0x00000000ffd00000| Untracked 
|2045|0x00000000ffd00000, 0x00000000ffe00000, 0x00000000ffe00000|100%| O|  |TAMS 0x00000000ffe00000| PB 0x00000000ffe00000| Updating 
|2046|0x00000000ffe00000, 0x00000000fff00000, 0x00000000fff00000|100%| E|CS|TAMS 0x00000000ffe00000| PB 0x00000000ffe00000| Complete 
|2047|0x00000000fff00000, 0x0000000100000000, 0x0000000100000000|100%| O|  |TAMS 0x0000000100000000| PB 0x0000000100000000| Untracked 

Card table byte_map: [0x0000025c54380000,0x0000025c54780000] _byte_map_base: 0x0000025c53f80000

Marking Bits: (CMBitMap*) 0x0000025c41b54030
 Bits: [0x0000025c54780000, 0x0000025c56780000)

Polling page: 0x0000025c3f920000

Metaspace:

Usage:
  Non-class:     64.06 MB used.
      Class:     10.51 MB used.
       Both:     74.57 MB used.

Virtual space:
  Non-class space:      128.00 MB reserved,      65.00 MB ( 51%) committed,  2 nodes.
      Class space:        1.00 GB reserved,      11.31 MB (  1%) committed,  1 nodes.
             Both:        1.12 GB reserved,      76.31 MB (  7%) committed. 

Chunk freelists:
   Non-Class:  14.66 MB
       Class:  4.53 MB
        Both:  19.18 MB

MaxMetaspaceSize: unlimited
CompressedClassSpaceSize: 1.00 GB
Initial GC threshold: 21.00 MB
Current GC threshold: 107.50 MB
CDS: off
 - commit_granule_bytes: 65536.
 - commit_granule_words: 8192.
 - virtual_space_node_default_size: 8388608.
 - enlarge_chunks_in_place: 1.
 - use_allocation_guard: 0.


Internal statistics:

num_allocs_failed_limit: 6.
num_arena_births: 3300.
num_arena_deaths: 4.
num_vsnodes_births: 3.
num_vsnodes_deaths: 0.
num_space_committed: 1221.
num_space_uncommitted: 0.
num_chunks_returned_to_freelist: 16.
num_chunks_taken_from_freelist: 6507.
num_chunk_merges: 3.
num_chunk_splits: 4199.
num_chunks_enlarged: 2556.
num_inconsistent_stats: 0.

CodeHeap 'non-profiled nmethods': size=120000Kb used=4016Kb max_used=4098Kb free=115983Kb
 bounds [0x0000025c4c720000, 0x0000025c4cb30000, 0x0000025c53c50000]
CodeHeap 'profiled nmethods': size=120000Kb used=12986Kb max_used=13635Kb free=107014Kb
 bounds [0x0000025c44c50000, 0x0000025c459b0000, 0x0000025c4c180000]
CodeHeap 'non-nmethods': size=5760Kb used=2749Kb max_used=2808Kb free=3010Kb
 bounds [0x0000025c4c180000, 0x0000025c4c450000, 0x0000025c4c720000]
CodeCache: size=245760Kb, used=19751Kb, max_used=20541Kb, free=226007Kb
 total_blobs=7786, nmethods=6896, adapters=791, full_count=0
Compilation: enabled, stopped_count=0, restarted_count=0

Compilation events (20 events):
Event: 21.919 Thread 0x0000025c593f94f0 8171   !   3       org.gradle.internal.event.DefaultListenerManager$EventBroadcast$ListenerDispatch::dispatch (46 bytes)
Event: 21.919 Thread 0x0000025c593f94f0 nmethod 8171 0x0000025c4599b110 code [0x0000025c4599b300, 0x0000025c4599b7a0]
Event: 21.924 Thread 0x0000025c593f94f0 8172       3       org.codehaus.groovy.runtime.metaclass.MetaMethodIndex$Header::<init> (26 bytes)
Event: 21.925 Thread 0x0000025c593f94f0 nmethod 8172 0x0000025c4599b990 code [0x0000025c4599bb40, 0x0000025c4599be30]
Event: 21.926 Thread 0x0000025c593f94f0 8173       3       groovyjarjarasm.asm.MethodWriter::computeAllFrames (510 bytes)
Event: 21.928 Thread 0x0000025c593f94f0 nmethod 8173 0x0000025c4599bf10 code [0x0000025c4599c260, 0x0000025c4599d608]
Event: 21.934 Thread 0x0000025c593f94f0 8174       3       java.util.Arrays::sort (32 bytes)
Event: 21.935 Thread 0x0000025c593f94f0 nmethod 8174 0x0000025c4599e110 code [0x0000025c4599e2c0, 0x0000025c4599e468]
Event: 21.935 Thread 0x0000025c593f94f0 8175       3       com.google.common.collect.MapMakerInternalMap$StrongKeyWeakValueEntry$Helper::newEntry (16 bytes)
Event: 21.936 Thread 0x0000025c593f94f0 nmethod 8175 0x0000025c4599e590 code [0x0000025c4599e740, 0x0000025c4599ea38]
Event: 21.936 Thread 0x0000025c593f94f0 8176       3       com.google.common.collect.MapMakerInternalMap$StrongKeyWeakValueEntry$Helper::setValue (14 bytes)
Event: 21.936 Thread 0x0000025c593f94f0 nmethod 8176 0x0000025c4599eb10 code [0x0000025c4599ecc0, 0x0000025c4599efb8]
Event: 21.936 Thread 0x0000025c593f94f0 8177       3       com.google.common.collect.MapMakerInternalMap$StrongKeyWeakValueEntry$Helper::setValue (32 bytes)
Event: 21.936 Thread 0x0000025c593f94f0 nmethod 8177 0x0000025c4599f090 code [0x0000025c4599f280, 0x0000025c4599f880]
Event: 21.936 Thread 0x0000025c593f94f0 8178       3       com.google.common.collect.MapMakerInternalMap$1::clear (1 bytes)
Event: 21.937 Thread 0x0000025c593f94f0 nmethod 8178 0x0000025c4599fb10 code [0x0000025c4599fca0, 0x0000025c4599fda8]
Event: 21.938 Thread 0x0000025c593f94f0 8179       3       java.util.concurrent.ConcurrentHashMap::resizeStamp (9 bytes)
Event: 21.938 Thread 0x0000025c593f94f0 nmethod 8179 0x0000025c4599fe10 code [0x0000025c4599ffc0, 0x0000025c459a00d8]
Event: 21.944 Thread 0x0000025c593f94f0 8180       3       org.codehaus.groovy.util.LockableObject::tryRelease (45 bytes)
Event: 21.945 Thread 0x0000025c593f94f0 nmethod 8180 0x0000025c459a0190 code [0x0000025c459a0340, 0x0000025c459a0600]

GC Heap History (20 events):
Event: 11.823 GC heap after
{Heap after GC invocations=15 (full 0):
 garbage-first heap   total 110592K, used 69773K [0x0000000080000000, 0x0000000100000000)
  region size 1024K, 5 young (5120K), 5 survivors (5120K)
 Metaspace       used 50871K, committed 52032K, reserved 1114112K
  class space    used 6985K, committed 7552K, reserved 1048576K
}
Event: 12.733 GC heap before
{Heap before GC invocations=15 (full 0):
 garbage-first heap   total 110592K, used 98445K [0x0000000080000000, 0x0000000100000000)
  region size 1024K, 33 young (33792K), 5 survivors (5120K)
 Metaspace       used 54305K, committed 55744K, reserved 1114112K
  class space    used 7570K, committed 8256K, reserved 1048576K
}
Event: 12.741 GC heap after
{Heap after GC invocations=16 (full 0):
 garbage-first heap   total 110592K, used 71219K [0x0000000080000000, 0x0000000100000000)
  region size 1024K, 4 young (4096K), 4 survivors (4096K)
 Metaspace       used 54305K, committed 55744K, reserved 1114112K
  class space    used 7570K, committed 8256K, reserved 1048576K
}
Event: 13.769 GC heap before
{Heap before GC invocations=17 (full 0):
 garbage-first heap   total 119808K, used 98867K [0x0000000080000000, 0x0000000100000000)
  region size 1024K, 31 young (31744K), 4 survivors (4096K)
 Metaspace       used 57295K, committed 58752K, reserved 1114112K
  class space    used 8112K, committed 8832K, reserved 1048576K
}
Event: 13.777 GC heap after
{Heap after GC invocations=18 (full 0):
 garbage-first heap   total 144384K, used 73294K [0x0000000080000000, 0x0000000100000000)
  region size 1024K, 4 young (4096K), 4 survivors (4096K)
 Metaspace       used 57295K, committed 58752K, reserved 1114112K
  class space    used 8112K, committed 8832K, reserved 1048576K
}
Event: 14.911 GC heap before
{Heap before GC invocations=18 (full 0):
 garbage-first heap   total 144384K, used 132686K [0x0000000080000000, 0x0000000100000000)
  region size 1024K, 60 young (61440K), 4 survivors (4096K)
 Metaspace       used 60899K, committed 62400K, reserved 1114112K
  class space    used 8698K, committed 9408K, reserved 1048576K
}
Event: 14.922 GC heap after
{Heap after GC invocations=19 (full 0):
 garbage-first heap   total 144384K, used 78541K [0x0000000080000000, 0x0000000100000000)
  region size 1024K, 8 young (8192K), 8 survivors (8192K)
 Metaspace       used 60899K, committed 62400K, reserved 1114112K
  class space    used 8698K, committed 9408K, reserved 1048576K
}
Event: 15.266 GC heap before
{Heap before GC invocations=19 (full 0):
 garbage-first heap   total 144384K, used 126669K [0x0000000080000000, 0x0000000100000000)
  region size 1024K, 55 young (56320K), 8 survivors (8192K)
 Metaspace       used 60946K, committed 62400K, reserved 1114112K
  class space    used 8700K, committed 9408K, reserved 1048576K
}
Event: 15.274 GC heap after
{Heap after GC invocations=20 (full 0):
 garbage-first heap   total 144384K, used 79820K [0x0000000080000000, 0x0000000100000000)
  region size 1024K, 2 young (2048K), 2 survivors (2048K)
 Metaspace       used 60946K, committed 62400K, reserved 1114112K
  class space    used 8700K, committed 9408K, reserved 1048576K
}
Event: 16.085 GC heap before
{Heap before GC invocations=21 (full 0):
 garbage-first heap   total 144384K, used 133068K [0x0000000080000000, 0x0000000100000000)
  region size 1024K, 54 young (55296K), 2 survivors (2048K)
 Metaspace       used 61631K, committed 63168K, reserved 1114112K
  class space    used 8797K, committed 9536K, reserved 1048576K
}
Event: 16.090 GC heap after
{Heap after GC invocations=22 (full 0):
 garbage-first heap   total 144384K, used 80877K [0x0000000080000000, 0x0000000100000000)
  region size 1024K, 3 young (3072K), 3 survivors (3072K)
 Metaspace       used 61631K, committed 63168K, reserved 1114112K
  class space    used 8797K, committed 9536K, reserved 1048576K
}
Event: 17.498 GC heap before
{Heap before GC invocations=22 (full 0):
 garbage-first heap   total 144384K, used 138221K [0x0000000080000000, 0x0000000100000000)
  region size 1024K, 53 young (54272K), 3 survivors (3072K)
 Metaspace       used 64497K, committed 65984K, reserved 1114112K
  class space    used 9109K, committed 9856K, reserved 1048576K
}
Event: 17.508 GC heap after
{Heap after GC invocations=23 (full 0):
 garbage-first heap   total 149504K, used 93382K [0x0000000080000000, 0x0000000100000000)
  region size 1024K, 7 young (7168K), 7 survivors (7168K)
 Metaspace       used 64497K, committed 65984K, reserved 1114112K
  class space    used 9109K, committed 9856K, reserved 1048576K
}
Event: 17.721 GC heap before
{Heap before GC invocations=23 (full 0):
 garbage-first heap   total 149504K, used 133318K [0x0000000080000000, 0x0000000100000000)
  region size 1024K, 46 young (47104K), 7 survivors (7168K)
 Metaspace       used 64502K, committed 66048K, reserved 1114112K
  class space    used 9109K, committed 9856K, reserved 1048576K
}
Event: 17.731 GC heap after
{Heap after GC invocations=24 (full 0):
 garbage-first heap   total 149504K, used 94742K [0x0000000080000000, 0x0000000100000000)
  region size 1024K, 1 young (1024K), 1 survivors (1024K)
 Metaspace       used 64502K, committed 66048K, reserved 1114112K
  class space    used 9109K, committed 9856K, reserved 1048576K
}
Event: 19.494 GC heap before
{Heap before GC invocations=25 (full 0):
 garbage-first heap   total 158720K, used 146966K [0x0000000080000000, 0x0000000100000000)
  region size 1024K, 44 young (45056K), 1 survivors (1024K)
 Metaspace       used 67533K, committed 69184K, reserved 1114112K
  class space    used 9405K, committed 10176K, reserved 1048576K
}
Event: 19.503 GC heap after
{Heap after GC invocations=26 (full 0):
 garbage-first heap   total 158720K, used 105913K [0x0000000080000000, 0x0000000100000000)
  region size 1024K, 5 young (5120K), 5 survivors (5120K)
 Metaspace       used 67533K, committed 69184K, reserved 1114112K
  class space    used 9405K, committed 10176K, reserved 1048576K
}
Event: 20.848 GC heap before
{Heap before GC invocations=26 (full 0):
 garbage-first heap   total 158720K, used 142777K [0x0000000080000000, 0x0000000100000000)
  region size 1024K, 42 young (43008K), 5 survivors (5120K)
 Metaspace       used 72436K, committed 74112K, reserved 1114112K
  class space    used 10111K, committed 10880K, reserved 1048576K
}
Event: 20.859 GC heap after
{Heap after GC invocations=27 (full 0):
 garbage-first heap   total 158720K, used 108425K [0x0000000080000000, 0x0000000100000000)
  region size 1024K, 3 young (3072K), 3 survivors (3072K)
 Metaspace       used 72436K, committed 74112K, reserved 1114112K
  class space    used 10111K, committed 10880K, reserved 1048576K
}
Event: 21.947 GC heap before
{Heap before GC invocations=27 (full 0):
 garbage-first heap   total 158720K, used 146313K [0x0000000080000000, 0x0000000100000000)
  region size 1024K, 40 young (40960K), 3 survivors (3072K)
 Metaspace       used 76338K, committed 78080K, reserved 1179648K
  class space    used 10757K, committed 11584K, reserved 1048576K
}

Dll operation events (3 events):
Event: 0.025 Loaded shared library C:\Program Files\Android\Android Studio\jbr\bin\java.dll
Event: 0.042 Loaded shared library C:\Program Files\Android\Android Studio\jbr\bin\zip.dll
Event: 0.917 Loaded shared library C:\Program Files\Android\Android Studio\jbr\bin\verify.dll

Deoptimization events (20 events):
Event: 21.568 Thread 0x0000025c5f3a7d00 DEOPT PACKING pc=0x0000025c4cb03e64 sp=0x000000c9186f71e0
Event: 21.568 Thread 0x0000025c5f3a7d00 DEOPT UNPACKING pc=0x0000025c4c1d46a2 sp=0x000000c9186f7008 mode 2
Event: 21.571 Thread 0x0000025c5f3a7d00 Uncommon trap: trap_request=0xffffffde fr.pc=0x0000025c4cb03e64 relative=0x0000000000006484
Event: 21.571 Thread 0x0000025c5f3a7d00 Uncommon trap: reason=class_check action=maybe_recompile pc=0x0000025c4cb03e64 method=java.net.URLClassLoader.defineClass(Ljava/lang/String;Ljdk/internal/loader/Resource;)Ljava/lang/Class; @ 34 c2
Event: 21.571 Thread 0x0000025c5f3a7d00 DEOPT PACKING pc=0x0000025c4cb03e64 sp=0x000000c9186f71e0
Event: 21.571 Thread 0x0000025c5f3a7d00 DEOPT UNPACKING pc=0x0000025c4c1d46a2 sp=0x000000c9186f7008 mode 2
Event: 21.676 Thread 0x0000025c5f3a7d00 Uncommon trap: trap_request=0xffffff45 fr.pc=0x0000025c4c9c0c04 relative=0x00000000000002a4
Event: 21.676 Thread 0x0000025c5f3a7d00 Uncommon trap: reason=unstable_if action=reinterpret pc=0x0000025c4c9c0c04 method=java.util.HashMap.getNode(Ljava/lang/Object;)Ljava/util/HashMap$Node; @ 57 c2
Event: 21.676 Thread 0x0000025c5f3a7d00 DEOPT PACKING pc=0x0000025c4c9c0c04 sp=0x000000c9186f76f0
Event: 21.676 Thread 0x0000025c5f3a7d00 DEOPT UNPACKING pc=0x0000025c4c1d46a2 sp=0x000000c9186f7660 mode 2
Event: 21.676 Thread 0x0000025c5f3a7d00 Uncommon trap: trap_request=0xffffff45 fr.pc=0x0000025c4c9c00f4 relative=0x00000000000007d4
Event: 21.676 Thread 0x0000025c5f3a7d00 Uncommon trap: reason=unstable_if action=reinterpret pc=0x0000025c4c9c00f4 method=java.util.HashMap.putVal(ILjava/lang/Object;Ljava/lang/Object;ZZ)Ljava/lang/Object; @ 85 c2
Event: 21.676 Thread 0x0000025c5f3a7d00 DEOPT PACKING pc=0x0000025c4c9c00f4 sp=0x000000c9186f76e0
Event: 21.676 Thread 0x0000025c5f3a7d00 DEOPT UNPACKING pc=0x0000025c4c1d46a2 sp=0x000000c9186f7610 mode 2
Event: 21.683 Thread 0x0000025c5f3a7d00 Uncommon trap: trap_request=0xffffff45 fr.pc=0x0000025c4c98178c relative=0x000000000000036c
Event: 21.683 Thread 0x0000025c5f3a7d00 Uncommon trap: reason=unstable_if action=reinterpret pc=0x0000025c4c98178c method=org.gradle.internal.reflect.PropertyAccessorType.isGetGetterName(Ljava/lang/String;)Z @ 14 c2
Event: 21.683 Thread 0x0000025c5f3a7d00 DEOPT PACKING pc=0x0000025c4c98178c sp=0x000000c9186f7b90
Event: 21.683 Thread 0x0000025c5f3a7d00 DEOPT UNPACKING pc=0x0000025c4c1d46a2 sp=0x000000c9186f7ae8 mode 2
Event: 21.791 Thread 0x0000025c5f3a7d00 DEOPT PACKING pc=0x0000025c45326a31 sp=0x000000c9186f8480
Event: 21.791 Thread 0x0000025c5f3a7d00 DEOPT UNPACKING pc=0x0000025c4c1d4e42 sp=0x000000c9186f7960 mode 0

Classes loaded (20 events):
Event: 21.275 Loading class jdk/internal/reflect/MethodHandleBooleanFieldAccessorImpl
Event: 21.276 Loading class jdk/internal/reflect/MethodHandleBooleanFieldAccessorImpl done
Event: 21.289 Loading class java/util/IdentityHashMap$EntrySet
Event: 21.290 Loading class java/util/IdentityHashMap$EntrySet done
Event: 21.290 Loading class java/util/IdentityHashMap$EntryIterator
Event: 21.290 Loading class java/util/IdentityHashMap$IdentityHashMapIterator
Event: 21.290 Loading class java/util/IdentityHashMap$IdentityHashMapIterator done
Event: 21.290 Loading class java/util/IdentityHashMap$EntryIterator done
Event: 21.290 Loading class java/util/IdentityHashMap$EntryIterator$Entry
Event: 21.291 Loading class java/util/IdentityHashMap$EntryIterator$Entry done
Event: 21.395 Loading class java/lang/invoke/SerializedLambda$1
Event: 21.396 Loading class java/lang/invoke/SerializedLambda$1 done
Event: 21.430 Loading class org/xml/sax/Locator
Event: 21.430 Loading class org/xml/sax/Locator done
Event: 21.432 Loading class org/xml/sax/SAXParseException
Event: 21.433 Loading class org/xml/sax/SAXParseException done
Event: 21.434 Loading class org/xml/sax/Attributes
Event: 21.435 Loading class org/xml/sax/Attributes done
Event: 21.676 Loading class java/util/function/LongUnaryOperator
Event: 21.676 Loading class java/util/function/LongUnaryOperator done

Classes unloaded (0 events):
No events

Classes redefined (0 events):
No events

Internal exceptions (20 events):
Event: 21.419 Thread 0x0000025c5f3a7d00 Exception <a 'java/lang/ClassNotFoundException'{0x000000008849ffb0}: org/gradle/api/internal/project/DefaultProjectBeanInfo> (0x000000008849ffb0) 
thrown [s\src\hotspot\share\classfile\systemDictionary.cpp, line 312]
Event: 21.419 Thread 0x0000025c5f3a7d00 Exception <a 'java/lang/ClassNotFoundException'{0x00000000884ac288}: org/gradle/api/internal/project/DefaultProjectCustomizer> (0x00000000884ac288) 
thrown [s\src\hotspot\share\classfile\systemDictionary.cpp, line 312]
Event: 21.426 Thread 0x0000025c5f3a7d00 Exception <a 'java/lang/ClassNotFoundException'{0x000000008836a528}: org/gradle/api/internal/project/DefaultProject_DecoratedCustomizer> (0x000000008836a528) 
thrown [s\src\hotspot\share\classfile\systemDictionary.cpp, line 312]
Event: 21.677 Thread 0x0000025c5f3a7d00 Exception <a 'java/lang/NoSuchMethodError'{0x0000000087ac1640}: 'long java.lang.invoke.DirectMethodHandle$Holder.invokeStatic(java.lang.Object, long)'> (0x0000000087ac1640) 
thrown [s\src\hotspot\share\interpreter\linkResolver.cpp, line 784]
Event: 21.803 Thread 0x0000025c5f3a7d00 Exception <a 'java/lang/NoSuchMethodError'{0x000000008752ec40}: 'java.lang.Object java.lang.invoke.DirectMethodHandle$Holder.invokeVirtual(java.lang.Object, java.lang.Object, java.lang.Object, java.lang.Object, java.lang.Object, java.lang.Object, java.lang.Object, java.lang.Object, java.lang.Object, java.lang.Object, java.lang.Object, java.lang.Object, java.lang.Object, java.lang.Object, java.lang.Object, java.lang.Object, java.lang.Object)'> (0x000000008752ec40) 
thrown [s\src\hotspot\share\interpreter\li
Event: 21.804 Thread 0x0000025c5f3a7d00 Exception <a 'java/lang/NoSuchMethodError'{0x0000000087534e30}: 'java.lang.Object java.lang.invoke.DirectMethodHandle$Holder.invokeSpecial(java.lang.Object, java.lang.Object, java.lang.Object, java.lang.Object, java.lang.Object, java.lang.Object, java.lang.Object, java.lang.Object, java.lang.Object, java.lang.Object, java.lang.Object, java.lang.Object, java.lang.Object, java.lang.Object, java.lang.Object, java.lang.Object, java.lang.Object, java.lang.Object)'> (0x0000000087534e30) 
thrown [s\src\hotspot\sh
Event: 21.804 Thread 0x0000025c5f3a7d00 Exception <a 'java/lang/NoSuchMethodError'{0x000000008753a6a8}: 'java.lang.Object java.lang.invoke.DelegatingMethodHandle$Holder.reinvoke_L(java.lang.Object, java.lang.Object, java.lang.Object, java.lang.Object, java.lang.Object, java.lang.Object, java.lang.Object, java.lang.Object, java.lang.Object, java.lang.Object, java.lang.Object, java.lang.Object, java.lang.Object, java.lang.Object, java.lang.Object, java.lang.Object, java.lang.Object)'> (0x000000008753a6a8) 
thrown [s\src\hotspot\share\interpreter\l
Event: 21.914 Thread 0x0000025c5f3a7d00 Exception <a 'java/lang/ClassNotFoundException'{0x0000000087327390}: build_dhu7q03gp58v7gld6dq17swt2BeanInfo> (0x0000000087327390) 
thrown [s\src\hotspot\share\classfile\systemDictionary.cpp, line 312]
Event: 21.914 Thread 0x0000025c5f3a7d00 Exception <a 'java/lang/ClassNotFoundException'{0x00000000873322c8}: org/gradle/api/internal/project/ProjectScriptBeanInfo> (0x00000000873322c8) 
thrown [s\src\hotspot\share\classfile\systemDictionary.cpp, line 312]
Event: 21.915 Thread 0x0000025c5f3a7d00 Exception <a 'java/lang/ClassNotFoundException'{0x000000008733d330}: org/gradle/api/internal/project/ProjectScriptCustomizer> (0x000000008733d330) 
thrown [s\src\hotspot\share\classfile\systemDictionary.cpp, line 312]
Event: 21.917 Thread 0x0000025c5f3a7d00 Exception <a 'java/lang/ClassNotFoundException'{0x0000000087355890}: build_dhu7q03gp58v7gld6dq17swt2Customizer> (0x0000000087355890) 
thrown [s\src\hotspot\share\classfile\systemDictionary.cpp, line 312]
Event: 21.930 Thread 0x0000025c5f3a7d00 Exception <a 'java/lang/ClassNotFoundException'{0x00000000873cfa48}: org/gradle/plugin/use/internal/PluginRequestCollector$PluginDependenciesSpecImplBeanInfo> (0x00000000873cfa48) 
thrown [s\src\hotspot\share\classfile\systemDictionary.cpp, line 312]
Event: 21.931 Thread 0x0000025c5f3a7d00 Exception <a 'java/lang/ClassNotFoundException'{0x00000000873e3ce8}: org/gradle/plugin/use/internal/PluginRequestCollector$PluginDependenciesSpecImplCustomizer> (0x00000000873e3ce8) 
thrown [s\src\hotspot\share\classfile\systemDictionary.cpp, line 312]
Event: 21.936 Thread 0x0000025c5f3a7d00 Exception <a 'java/lang/ClassNotFoundException'{0x0000000087229940}: org/gradle/accessors/dm/LibrariesForLibs_DecoratedBeanInfo> (0x0000000087229940) 
thrown [s\src\hotspot\share\classfile\systemDictionary.cpp, line 312]
Event: 21.936 Thread 0x0000025c5f3a7d00 Exception <a 'java/lang/ClassNotFoundException'{0x000000008723c180}: org/gradle/accessors/dm/LibrariesForLibsBeanInfo> (0x000000008723c180) 
thrown [s\src\hotspot\share\classfile\systemDictionary.cpp, line 312]
Event: 21.937 Thread 0x0000025c5f3a7d00 Exception <a 'java/lang/ClassNotFoundException'{0x00000000872536d0}: org/gradle/api/internal/catalog/AbstractExternalDependencyFactoryBeanInfo> (0x00000000872536d0) 
thrown [s\src\hotspot\share\classfile\systemDictionary.cpp, line 312]
Event: 21.938 Thread 0x0000025c5f3a7d00 Exception <a 'java/lang/ClassNotFoundException'{0x000000008726af00}: org/gradle/api/internal/catalog/AbstractExternalDependencyFactoryCustomizer> (0x000000008726af00) 
thrown [s\src\hotspot\share\classfile\systemDictionary.cpp, line 312]
Event: 21.939 Thread 0x0000025c5f3a7d00 Exception <a 'java/lang/ClassNotFoundException'{0x0000000087281440}: org/gradle/accessors/dm/LibrariesForLibsCustomizer> (0x0000000087281440) 
thrown [s\src\hotspot\share\classfile\systemDictionary.cpp, line 312]
Event: 21.940 Thread 0x0000025c5f3a7d00 Exception <a 'java/lang/ClassNotFoundException'{0x00000000872a4ec0}: org/gradle/accessors/dm/LibrariesForLibs_DecoratedCustomizer> (0x00000000872a4ec0) 
thrown [s\src\hotspot\share\classfile\systemDictionary.cpp, line 312]
Event: 21.946 Thread 0x0000025c5f3a7d00 Exception <a 'java/lang/ClassNotFoundException'{0x00000000872f38a8}: org/gradle/accessors/dm/LibrariesForLibs$PluginAccessorsBeanInfo> (0x00000000872f38a8) 
thrown [s\src\hotspot\share\classfile\systemDictionary.cpp, line 312]

ZGC Phase Switch (0 events):
No events

VM Operations (20 events):
Event: 18.253 Executing VM operation: ICBufferFull done
Event: 18.375 Executing VM operation: HandshakeAllThreads (Deoptimize)
Event: 18.375 Executing VM operation: HandshakeAllThreads (Deoptimize) done
Event: 19.378 Executing VM operation: Cleanup
Event: 19.378 Executing VM operation: Cleanup done
Event: 19.494 Executing VM operation: G1CollectForAllocation (G1 Evacuation Pause)
Event: 19.503 Executing VM operation: G1CollectForAllocation (G1 Evacuation Pause) done
Event: 20.512 Executing VM operation: Cleanup
Event: 20.513 Executing VM operation: Cleanup done
Event: 20.543 Executing VM operation: HandshakeAllThreads (Deoptimize)
Event: 20.543 Executing VM operation: HandshakeAllThreads (Deoptimize) done
Event: 20.721 Executing VM operation: HandshakeAllThreads (Deoptimize)
Event: 20.722 Executing VM operation: HandshakeAllThreads (Deoptimize) done
Event: 20.848 Executing VM operation: G1CollectForAllocation (G1 Evacuation Pause)
Event: 20.859 Executing VM operation: G1CollectForAllocation (G1 Evacuation Pause) done
Event: 21.021 Executing VM operation: HandshakeAllThreads (Deoptimize)
Event: 21.021 Executing VM operation: HandshakeAllThreads (Deoptimize) done
Event: 21.328 Executing VM operation: HandshakeAllThreads (Deoptimize)
Event: 21.328 Executing VM operation: HandshakeAllThreads (Deoptimize) done
Event: 21.946 Executing VM operation: G1CollectForAllocation (G1 Evacuation Pause)

Memory protections (0 events):
No events

Nmethod flushes (20 events):
Event: 17.816 Thread 0x0000025c591af070 flushing  nmethod 0x0000025c455ad090
Event: 17.816 Thread 0x0000025c591af070 flushing  nmethod 0x0000025c455f9210
Event: 17.816 Thread 0x0000025c591af070 flushing  nmethod 0x0000025c44cb2290
Event: 17.816 Thread 0x0000025c591af070 flushing  nmethod 0x0000025c44d1c210
Event: 17.816 Thread 0x0000025c591af070 flushing  nmethod 0x0000025c44e90590
Event: 17.816 Thread 0x0000025c591af070 flushing  nmethod 0x0000025c44ed0e90
Event: 17.816 Thread 0x0000025c591af070 flushing  nmethod 0x0000025c44ed1590
Event: 17.816 Thread 0x0000025c591af070 flushing  nmethod 0x0000025c452e4090
Event: 17.816 Thread 0x0000025c591af070 flushing  nmethod 0x0000025c453f8f10
Event: 17.816 Thread 0x0000025c591af070 flushing  nmethod 0x0000025c45549310
Event: 17.816 Thread 0x0000025c591af070 flushing  nmethod 0x0000025c4554a290
Event: 17.816 Thread 0x0000025c591af070 flushing  nmethod 0x0000025c4554ca10
Event: 17.816 Thread 0x0000025c591af070 flushing  nmethod 0x0000025c4554fa10
Event: 17.816 Thread 0x0000025c591af070 flushing  nmethod 0x0000025c4554fd90
Event: 17.816 Thread 0x0000025c591af070 flushing  nmethod 0x0000025c45550310
Event: 17.816 Thread 0x0000025c591af070 flushing  nmethod 0x0000025c45550b10
Event: 17.816 Thread 0x0000025c591af070 flushing  nmethod 0x0000025c4558d710
Event: 17.816 Thread 0x0000025c591af070 flushing  nmethod 0x0000025c4558e410
Event: 17.816 Thread 0x0000025c591af070 flushing  nmethod 0x0000025c4558eb10
Event: 17.816 Thread 0x0000025c591af070 flushing osr nmethod 0x0000025c455c2e10

Events (20 events):
Event: 13.583 Thread 0x0000025c5f3a7d00 Thread added: 0x0000025c5fa1d6e0
Event: 13.664 Thread 0x0000025c5f3a7d00 Thread added: 0x0000025c5fa1dd70
Event: 13.665 Thread 0x0000025c5f3a7d00 Thread added: 0x0000025c5fa1e400
Event: 13.692 Thread 0x0000025c593f94f0 Thread added: 0x0000025c60bcff90
Event: 17.008 Thread 0x0000025c5f3a7d00 Thread added: 0x0000025c61d11c10
Event: 17.009 Thread 0x0000025c5f3a7d00 Thread added: 0x0000025c61d12fc0
Event: 17.012 Thread 0x0000025c5f3a7d00 Thread added: 0x0000025c61d13650
Event: 17.016 Thread 0x0000025c5f3a7d00 Thread added: 0x0000025c61d14370
Event: 17.019 Thread 0x0000025c5f3a7d00 Thread added: 0x0000025c61d14a00
Event: 17.021 Thread 0x0000025c5f3a7d00 Thread added: 0x0000025c61d15090
Event: 17.023 Thread 0x0000025c5f3a7d00 Thread added: 0x0000025c61d122a0
Event: 17.103 Thread 0x0000025c5f3a7d00 Thread added: 0x0000025c61d15720
Event: 17.105 Thread 0x0000025c5f3a7d00 Thread added: 0x0000025c61d15db0
Event: 17.107 Thread 0x0000025c5f3a7d00 Thread added: 0x0000025c61d12930
Event: 17.109 Thread 0x0000025c5f3a7d00 Thread added: 0x0000025c61d17160
Event: 17.111 Thread 0x0000025c5f3a7d00 Thread added: 0x0000025c61d16ad0
Event: 17.112 Thread 0x0000025c5f3a7d00 Thread added: 0x0000025c61d13ce0
Event: 17.115 Thread 0x0000025c5f3a7d00 Thread added: 0x0000025c61d16440
Event: 18.537 Thread 0x0000025c60bcff90 Thread exited: 0x0000025c60bcff90
Event: 19.799 Thread 0x0000025c5f3a7d00 Thread added: 0x0000025c61d17e80


Dynamic libraries:
0x00007ff70d590000 - 0x00007ff70d59a000 	C:\Program Files\Android\Android Studio\jbr\bin\java.exe
0x00007ff87d700000 - 0x00007ff87d968000 	C:\WINDOWS\SYSTEM32\ntdll.dll
0x00007ff87bfe0000 - 0x00007ff87c0a9000 	C:\WINDOWS\System32\KERNEL32.DLL
0x00007ff87aaf0000 - 0x00007ff87aee8000 	C:\WINDOWS\System32\KERNELBASE.dll
0x00007ff87b200000 - 0x00007ff87b34b000 	C:\WINDOWS\System32\ucrtbase.dll
0x00007ff876d30000 - 0x00007ff876d48000 	C:\Program Files\Android\Android Studio\jbr\bin\jli.dll
0x00007ff868080000 - 0x00007ff86809b000 	C:\Program Files\Android\Android Studio\jbr\bin\VCRUNTIME140.dll
0x00007ff87d4f0000 - 0x00007ff87d6b7000 	C:\WINDOWS\System32\USER32.dll
0x00007ff87b1d0000 - 0x00007ff87b1f7000 	C:\WINDOWS\System32\win32u.dll
0x00007ff87c990000 - 0x00007ff87c9bb000 	C:\WINDOWS\System32\GDI32.dll
0x00007ff87a850000 - 0x00007ff87a97c000 	C:\WINDOWS\System32\gdi32full.dll
0x00007ff87aef0000 - 0x00007ff87af93000 	C:\WINDOWS\System32\msvcp_win.dll
0x00007ff85ef10000 - 0x00007ff85f1a4000 	C:\WINDOWS\WinSxS\amd64_microsoft.windows.common-controls_6595b64144ccf1df_6.0.26100.7019_none_3e06ffa0e335b8a8\COMCTL32.dll
0x00007ff87c4f0000 - 0x00007ff87c599000 	C:\WINDOWS\System32\msvcrt.dll
0x00007ff87cf50000 - 0x00007ff87cf81000 	C:\WINDOWS\System32\IMM32.DLL
0x00007ff871d00000 - 0x00007ff871d0c000 	C:\Program Files\Android\Android Studio\jbr\bin\vcruntime140_1.dll
0x00007ff833360000 - 0x00007ff8333ed000 	C:\Program Files\Android\Android Studio\jbr\bin\msvcp140.dll
0x00007fffdad80000 - 0x00007fffdba16000 	C:\Program Files\Android\Android Studio\jbr\bin\server\jvm.dll
0x00007ff87c5a0000 - 0x00007ff87c654000 	C:\WINDOWS\System32\ADVAPI32.dll
0x00007ff87b4a0000 - 0x00007ff87b546000 	C:\WINDOWS\System32\sechost.dll
0x00007ff87c2f0000 - 0x00007ff87c408000 	C:\WINDOWS\System32\RPCRT4.dll
0x00007ff87c720000 - 0x00007ff87c794000 	C:\WINDOWS\System32\WS2_32.dll
0x00007ff876fc0000 - 0x00007ff876ff5000 	C:\WINDOWS\SYSTEM32\WINMM.dll
0x00007ff85c060000 - 0x00007ff85c06b000 	C:\WINDOWS\SYSTEM32\VERSION.dll
0x00007ff87a6b0000 - 0x00007ff87a70e000 	C:\WINDOWS\SYSTEM32\POWRPROF.dll
0x00007ff87a690000 - 0x00007ff87a6a4000 	C:\WINDOWS\SYSTEM32\UMPDC.dll
0x00007ff879610000 - 0x00007ff87962b000 	C:\WINDOWS\SYSTEM32\kernel.appcore.dll
0x00007ff871cd0000 - 0x00007ff871cda000 	C:\Program Files\Android\Android Studio\jbr\bin\jimage.dll
0x00007ff877e80000 - 0x00007ff8780c2000 	C:\WINDOWS\SYSTEM32\DBGHELP.DLL
0x00007ff87cfa0000 - 0x00007ff87d32b000 	C:\WINDOWS\System32\combase.dll
0x00007ff87c410000 - 0x00007ff87c4e7000 	C:\WINDOWS\System32\OLEAUT32.dll
0x00007ff85b4c0000 - 0x00007ff85b4fc000 	C:\WINDOWS\SYSTEM32\dbgcore.DLL
0x00007ff87afa0000 - 0x00007ff87b045000 	C:\WINDOWS\System32\bcryptPrimitives.dll
0x00007ff872150000 - 0x00007ff87215e000 	C:\Program Files\Android\Android Studio\jbr\bin\instrument.dll
0x00007ff867850000 - 0x00007ff867870000 	C:\Program Files\Android\Android Studio\jbr\bin\java.dll
0x00007ff867830000 - 0x00007ff867848000 	C:\Program Files\Android\Android Studio\jbr\bin\zip.dll
0x00007ff87b7f0000 - 0x00007ff87bf3f000 	C:\WINDOWS\System32\SHELL32.dll
0x00007ff87a980000 - 0x00007ff87aaeb000 	C:\WINDOWS\System32\wintypes.dll
0x00007ff878470000 - 0x00007ff878ccd000 	C:\WINDOWS\SYSTEM32\windows.storage.dll
0x00007ff87b5f0000 - 0x00007ff87b6e2000 	C:\WINDOWS\System32\SHCORE.dll
0x00007ff87ce50000 - 0x00007ff87ceb7000 	C:\WINDOWS\System32\shlwapi.dll
0x00007ff87a770000 - 0x00007ff87a799000 	C:\WINDOWS\SYSTEM32\profapi.dll
0x00007ff871c60000 - 0x00007ff871c70000 	C:\Program Files\Android\Android Studio\jbr\bin\net.dll
0x00007ff868c90000 - 0x00007ff868db8000 	C:\WINDOWS\SYSTEM32\WINHTTP.dll
0x00007ff879b80000 - 0x00007ff879beb000 	C:\WINDOWS\system32\mswsock.dll
0x00007ff865560000 - 0x00007ff865576000 	C:\Program Files\Android\Android Studio\jbr\bin\nio.dll
0x00007ff8705e0000 - 0x00007ff8705f0000 	C:\Program Files\Android\Android Studio\jbr\bin\verify.dll
0x00007ff860c40000 - 0x00007ff860c67000 	C:\Users\Sushmita Naik\.gradle\native\1def1411415f61bf3af743bc5b6707747c0891f09f0c88961ee8f79bc544acac\windows-amd64\native-platform.dll
0x00007ff84e960000 - 0x00007ff84e9d8000 	C:\Users\Sushmita Naik\.gradle\native\0.2.7\x86_64-windows-gnu\gradle-fileevents.dll
0x00007ff871650000 - 0x00007ff871659000 	C:\Program Files\Android\Android Studio\jbr\bin\management.dll
0x00007ff870a10000 - 0x00007ff870a1b000 	C:\Program Files\Android\Android Studio\jbr\bin\management_ext.dll
0x00007ff87b5e0000 - 0x00007ff87b5e8000 	C:\WINDOWS\System32\PSAPI.DLL
0x00007ff879150000 - 0x00007ff879184000 	C:\WINDOWS\SYSTEM32\IPHLPAPI.DLL
0x00007ff87c7a0000 - 0x00007ff87c7aa000 	C:\WINDOWS\System32\NSI.dll
0x00007ff871bf0000 - 0x00007ff871bf9000 	C:\Program Files\Android\Android Studio\jbr\bin\extnet.dll
0x00007ff879e50000 - 0x00007ff879e6b000 	C:\WINDOWS\SYSTEM32\CRYPTSP.dll
0x00007ff879570000 - 0x00007ff8795aa000 	C:\WINDOWS\system32\rsaenh.dll
0x00007ff879c30000 - 0x00007ff879c5b000 	C:\WINDOWS\SYSTEM32\USERENV.dll
0x00007ff87a740000 - 0x00007ff87a76a000 	C:\WINDOWS\SYSTEM32\bcrypt.dll
0x00007ff879e40000 - 0x00007ff879e4c000 	C:\WINDOWS\SYSTEM32\CRYPTBASE.dll
0x00007ff846a10000 - 0x00007ff846a18000 	C:\WINDOWS\system32\wshunix.dll

JVMTI agents:
C:\Users\Sushmita Naik\.gradle\wrapper\dists\gradle-8.13-bin\5xuhj0ry160q40clulazy9h7d\gradle-8.13\lib\agents\gradle-instrumentation-agent-8.13.jar path:C:\Program Files\Android\Android Studio\jbr\bin\instrument.dll, loaded, initialized, instrumentlib options:none

dbghelp: loaded successfully - version: 4.0.5 - missing functions: none
symbol engine: initialized successfully - sym options: 0x614 - pdb path: .;C:\Program Files\Android\Android Studio\jbr\bin;C:\WINDOWS\SYSTEM32;C:\WINDOWS\WinSxS\amd64_microsoft.windows.common-controls_6595b64144ccf1df_6.0.26100.7019_none_3e06ffa0e335b8a8;C:\Program Files\Android\Android Studio\jbr\bin\server;C:\Users\Sushmita Naik\.gradle\native\1def1411415f61bf3af743bc5b6707747c0891f09f0c88961ee8f79bc544acac\windows-amd64;C:\Users\Sushmita Naik\.gradle\native\0.2.7\x86_64-windows-gnu

VM Arguments:
jvm_args: --add-opens=java.base/java.lang=ALL-UNNAMED --add-opens=java.base/java.lang.invoke=ALL-UNNAMED --add-opens=java.base/java.util=ALL-UNNAMED --add-opens=java.prefs/java.util.prefs=ALL-UNNAMED --add-exports=jdk.compiler/com.sun.tools.javac.api=ALL-UNNAMED --add-exports=jdk.compiler/com.sun.tools.javac.util=ALL-UNNAMED --add-opens=java.base/java.util=ALL-UNNAMED --add-opens=java.prefs/java.util.prefs=ALL-UNNAMED --add-opens=java.base/java.nio.charset=ALL-UNNAMED --add-opens=java.base/java.net=ALL-UNNAMED --add-opens=java.base/java.util.concurrent.atomic=ALL-UNNAMED --add-opens=java.xml/javax.xml.namespace=ALL-UNNAMED -Xmx2048m -Dfile.encoding=UTF-8 -Duser.country=IN -Duser.language=en -Duser.variant -javaagent:C:\Users\Sushmita Naik\.gradle\wrapper\dists\gradle-8.13-bin\5xuhj0ry160q40clulazy9h7d\gradle-8.13\lib\agents\gradle-instrumentation-agent-8.13.jar 
java_command: org.gradle.launcher.daemon.bootstrap.GradleDaemon 8.13
java_class_path (initial): C:\Users\Sushmita Naik\.gradle\wrapper\dists\gradle-8.13-bin\5xuhj0ry160q40clulazy9h7d\gradle-8.13\lib\gradle-daemon-main-8.13.jar
Launcher Type: SUN_STANDARD

[Global flags]
     intx CICompilerCount                          = 4                                         {product} {ergonomic}
     uint ConcGCThreads                            = 2                                         {product} {ergonomic}
     uint G1ConcRefinementThreads                  = 8                                         {product} {ergonomic}
   size_t G1HeapRegionSize                         = 1048576                                   {product} {ergonomic}
    uintx GCDrainStackTargetSize                   = 64                                        {product} {ergonomic}
   size_t InitialHeapSize                          = 130023424                                 {product} {ergonomic}
   size_t MarkStackSize                            = 4194304                                   {product} {ergonomic}
   size_t MaxHeapSize                              = 2147483648                                {product} {command line}
   size_t MaxNewSize                               = 1287651328                                {product} {ergonomic}
   size_t MinHeapDeltaBytes                        = 1048576                                   {product} {ergonomic}
   size_t MinHeapSize                              = 8388608                                   {product} {ergonomic}
    uintx NonNMethodCodeHeapSize                   = 5839372                                {pd product} {ergonomic}
    uintx NonProfiledCodeHeapSize                  = 122909434                              {pd product} {ergonomic}
    uintx ProfiledCodeHeapSize                     = 122909434                              {pd product} {ergonomic}
    uintx ReservedCodeCacheSize                    = 251658240                              {pd product} {ergonomic}
     bool SegmentedCodeCache                       = true                                      {product} {ergonomic}
   size_t SoftMaxHeapSize                          = 2147483648                             {manageable} {ergonomic}
     bool UseCompressedOops                        = true                           {product lp64_product} {ergonomic}
     bool UseG1GC                                  = true                                      {product} {ergonomic}
     bool UseLargePagesIndividualAllocation        = false                                  {pd product} {ergonomic}

Logging:
Log output configuration:
 #0: stdout all=warning uptime,level,tags foldmultilines=false
 #1: stderr all=off uptime,level,tags foldmultilines=false

Environment Variables:
PATH=C:\Program Files\Common Files\Oracle\Java\javapath;C:\Windows\system32;C:\Windows;C:\Windows\System32\Wbem;C:\Windows\System32\WindowsPowerShell\v1.0\;C:\Windows\System32\OpenSSH\;C:\Program Files\dotnet\;C:\Program Files\MySQL\MySQL Server 8.0\bin;C:\MinGW\bin;C:\Program Files\Java\jdk-21\bin;c:\Users\Sushmita Naik\AppData\Local\Programs\cursor\resources\app\bin;C:\Program Files\nodejs\;C:\Program Files\Git\cmd;C:\WINDOWS\system32;C:\WINDOWS;C:\WINDOWS\System32\Wbem;C:\WINDOWS\System32\WindowsPowerShell\v1.0\;C:\WINDOWS\System32\OpenSSH\;C:\Program Files\Go\bin;C:\Users\Sushmita Naik\AppData\Local\Microsoft\WindowsApps;C:\Users\Sushmita Naik\AppData\Local\Programs\Microsoft VS Code\bin;C:\Users\Sushmita Naik\AppData\Local\Programs\cursor\resources\app\bin;C:\Users\Sushmita Naik\AppData\Roaming\npm;C:\Program Files\JetBrains\PyCharm 2025.2.3\bin;C:\Users\Sushmita Naik\go\bin
USERNAME=Sushmita Naik
OS=Windows_NT
PROCESSOR_IDENTIFIER=Intel64 Family 6 Model 154 Stepping 4, GenuineIntel
TMP=C:\Users\SUSHMI~1\AppData\Local\Temp
TEMP=C:\Users\SUSHMI~1\AppData\Local\Temp




Periodic native trim disabled

JNI global refs:
JNI global refs: 27, weak refs: 3

JNI global refs memory usage: 835, weak refs: 833

Process memory usage:
Resident Set Size: 319916K (3% of 8065780K total physical memory with 398420K free physical memory)

OOME stack traces (most recent first):
Classloader memory used:
Loader org.gradle.internal.classloader.VisitableURLClassLoader                         : 40330K
Loader bootstrap                                                                       : 23708K
Loader org.gradle.initialization.MixInLegacyTypesClassLoader                           : 9410K
Loader org.gradle.internal.classloader.VisitableURLClassLoader                         : 993K
Loader org.gradle.internal.classloader.VisitableURLClassLoader$InstrumentingVisitableURLClassLoader: 689K
Loader jdk.internal.loader.ClassLoaders$PlatformClassLoader                            : 518K
Loader jdk.internal.reflect.DelegatingClassLoader                                      : 257K
Loader jdk.internal.loader.ClassLoaders$AppClassLoader                                 : 235K
Loader org.gradle.groovy.scripts.internal.DefaultScriptCompilationHandler$ScriptClassLoader: 155K
Loader org.codehaus.groovy.runtime.callsite.CallSiteClassLoader                        : 55616B

Classes loaded by more than one classloader:
Class org.gradle.internal.IoActions                                                   : loaded 3 times (x 71B)
Class org.gradle.api.Action                                                           : loaded 3 times (x 70B)
Class org.gradle.internal.Cast                                                        : loaded 3 times (x 71B)
Class org.gradle.api.GradleException                                                  : loaded 3 times (x 82B)
Class org.gradle.api.UncheckedIOException                                             : loaded 3 times (x 82B)
Class org.gradle.internal.classloader.DefaultClassLoaderFactory                       : loaded 2 times (x 82B)
Class kotlin.collections.AbstractList$Companion                                       : loaded 2 times (x 71B)
Class org.gradle.internal.classloader.ClassLoaderVisitor                              : loaded 2 times (x 76B)
Class org.gradle.api.internal.classpath.EffectiveClassPath                            : loaded 2 times (x 90B)
Class org.gradle.tooling.internal.gradle.DefaultProjectIdentifier                     : loaded 2 times (x 86B)
Class org.gradle.api.internal.DefaultClassPathProvider                                : loaded 2 times (x 76B)
Class [Lorg.gradle.api.internal.ClassPathProvider;                                    : loaded 2 times (x 69B)
Class org.gradle.api.internal.ClassPathProvider                                       : loaded 2 times (x 70B)
Class org.gradle.internal.service.UnknownServiceException                             : loaded 2 times (x 83B)
Class org.gradle.internal.classpath.TransformedClassPath                              : loaded 2 times (x 96B)
Class org.gradle.internal.classloader.InstrumentingClassLoader                        : loaded 2 times (x 70B)
Class kotlin.enums.EnumEntriesList                                                    : loaded 2 times (x 223B)
Class org.gradle.internal.service.ServiceLocator                                      : loaded 2 times (x 70B)
Class com.intellij.gradle.toolingExtension.util.GradleVersionUtil                     : loaded 2 times (x 71B)
Class org.gradle.tooling.model.UnsupportedMethodException                             : loaded 2 times (x 82B)
Class org.gradle.internal.InternalTransformer                                         : loaded 2 times (x 70B)
Class org.gradle.internal.time.DefaultTimer                                           : loaded 2 times (x 80B)
Class org.gradle.internal.classloader.ClasspathUtil$1                                 : loaded 2 times (x 76B)
Class org.gradle.api.internal.classpath.DefaultModuleRegistry$DefaultModule           : loaded 2 times (x 86B)
Class org.gradle.internal.time.DefaultCountdownTimer                                  : loaded 2 times (x 88B)
Class org.gradle.tooling.internal.gradle.DefaultBuildIdentifier                       : loaded 2 times (x 79B)
Class kotlin.Function                                                                 : loaded 2 times (x 70B)
Class org.gradle.api.internal.classpath.Module                                        : loaded 2 times (x 70B)
Class org.gradle.api.internal.classpath.UnknownModuleException                        : loaded 2 times (x 82B)
Class org.gradle.tooling.internal.gradle.GradleProjectIdentity                        : loaded 2 times (x 70B)
Class org.gradle.api.internal.DefaultClassPathRegistry                                : loaded 2 times (x 76B)
Class org.gradle.api.internal.ClassPathRegistry                                       : loaded 2 times (x 70B)
Class org.gradle.internal.classpath.DefaultClassPath$ImmutableUniqueList              : loaded 2 times (x 199B)
Class org.gradle.internal.operations.MultipleBuildOperationFailures                   : loaded 2 times (x 95B)
Class org.gradle.internal.classpath.ClassPath                                         : loaded 2 times (x 70B)
Class org.gradle.tooling.model.Model                                                  : loaded 2 times (x 70B)
Class kotlin.UninitializedPropertyAccessException                                     : loaded 2 times (x 82B)
Class org.gradle.internal.installation.GradleInstallation$1                           : loaded 2 times (x 75B)
Class org.gradle.api.internal.classpath.ManifestUtil                                  : loaded 2 times (x 71B)
Class org.gradle.api.internal.classpath.DefaultModuleRegistry                         : loaded 2 times (x 86B)
Class org.gradle.util.internal.DefaultGradleVersion$Stage                             : loaded 2 times (x 75B)
Class org.gradle.internal.time.MonotonicClock                                         : loaded 2 times (x 77B)
Class org.gradle.internal.service.ServiceLookupException                              : loaded 2 times (x 82B)
Class org.gradle.internal.classloader.ClassLoaderFactory                              : loaded 2 times (x 70B)
Class org.gradle.internal.service.CachingServiceLocator                               : loaded 2 times (x 82B)
Class settings_excesnyam13ldm3oqxt6gtddj$_run_closure1$_closure2                      : loaded 2 times (x 139B)
Class org.gradle.internal.time.TimeSource                                             : loaded 2 times (x 70B)
Class settings_excesnyam13ldm3oqxt6gtddj                                              : loaded 2 times (x 179B)
Class ijInit1_4jt1ha8amhjh2756kiojrlll8                                               : loaded 2 times (x 179B)
Class org.gradle.tooling.internal.gradle.GradleBuildIdentity                          : loaded 2 times (x 70B)
Class kotlin.enums.EnumEntries                                                        : loaded 2 times (x 70B)
Class org.gradle.internal.exceptions.ResolutionProvider                               : loaded 2 times (x 70B)
Class org.gradle.tooling.model.ProjectIdentifier                                      : loaded 2 times (x 70B)
Class org.gradle.internal.classloader.ClasspathUtil                                   : loaded 2 times (x 71B)
Class org.gradle.internal.time.TimeSource$1                                           : loaded 2 times (x 77B)
Class kotlin.jvm.internal.DefaultConstructorMarker                                    : loaded 2 times (x 71B)
Class org.gradle.api.specs.Spec                                                       : loaded 2 times (x 70B)
Class com.intellij.gradle.toolingExtension.impl.model.utilDummyModel.DummyModel       : loaded 2 times (x 70B)
Class org.gradle.internal.time.Clock                                                  : loaded 2 times (x 70B)
Class kotlin.collections.AbstractList                                                 : loaded 2 times (x 197B)
Class kotlin.collections.AbstractCollection                                           : loaded 2 times (x 117B)
Class sync_studio_tooling_7qy1fceh2voc9fbutc3wz64lv                                   : loaded 2 times (x 179B)
Class org.gradle.internal.impldep.com.google.common.base.Preconditions                : loaded 2 times (x 71B)
Class org.gradle.internal.classloader.VisitableURLClassLoader$InstrumentingVisitableURLClassLoader: loaded 2 times (x 123B)
Class org.gradle.internal.classloader.VisitableURLClassLoader$Spec                    : loaded 2 times (x 74B)
Class org.gradle.internal.classpath.DefaultClassPath                                  : loaded 2 times (x 90B)
Class org.gradle.util.internal.DefaultGradleVersion                                   : loaded 2 times (x 80B)
Class settings_excesnyam13ldm3oqxt6gtddj$_run_closure1                                : loaded 2 times (x 139B)
Class org.gradle.internal.classloader.ClassLoaderSpec                                 : loaded 2 times (x 71B)
Class kotlin.Unit                                                                     : loaded 2 times (x 71B)
Class org.gradle.internal.classloader.VisitableURLClassLoader                         : loaded 2 times (x 117B)
Class org.gradle.internal.classloader.ClassLoaderHierarchy                            : loaded 2 times (x 70B)
Class org.gradle.internal.classloader.FilteringClassLoader                            : loaded 2 times (x 105B)
Class kotlin.jvm.functions.Function1                                                  : loaded 2 times (x 70B)
Class org.gradle.internal.classpath.DefaultClassPath$ImmutableUniqueList$Builder      : loaded 2 times (x 75B)
Class org.gradle.api.internal.classpath.ModuleRegistry                                : loaded 2 times (x 70B)
Class org.gradle.internal.exceptions.NonGradleCauseExceptionsHolder                   : loaded 2 times (x 70B)
Class org.jetbrains.plugins.gradle.tooling.ModelBuilderService$Parameter              : loaded 2 times (x 70B)
Class kotlin.NotImplementedError                                                      : loaded 2 times (x 82B)
Class kotlin.enums.EnumEntriesKt                                                      : loaded 2 times (x 71B)
Class org.gradle.internal.classloader.SystemClassLoaderSpec                           : loaded 2 times (x 71B)
Class org.gradle.internal.exceptions.MultiCauseException                              : loaded 2 times (x 70B)
Class org.gradle.internal.time.CountdownTimer                                         : loaded 2 times (x 70B)
Class kotlin.jvm.internal.Intrinsics                                                  : loaded 2 times (x 71B)
Class org.gradle.tooling.model.ProjectModel                                           : loaded 2 times (x 70B)
Class kotlin.KotlinNullPointerException                                               : loaded 2 times (x 83B)
Class org.gradle.internal.exceptions.DefaultMultiCauseException                       : loaded 2 times (x 95B)
Class org.gradle.internal.time.Time                                                   : loaded 2 times (x 71B)
Class org.gradle.api.internal.classpath.GlobalCacheRootsProvider                      : loaded 2 times (x 70B)
Class org.gradle.tooling.model.BuildIdentifier                                        : loaded 2 times (x 70B)
Class org.gradle.internal.time.Timer                                                  : loaded 2 times (x 70B)
Class kotlin.jvm.internal.markers.KMappedMarker                                       : loaded 2 times (x 70B)
Class org.gradle.internal.installation.CurrentGradleInstallationLocator               : loaded 2 times (x 71B)
Class org.gradle.internal.service.DefaultServiceLocator                               : loaded 2 times (x 83B)
Class org.gradle.util.GradleVersion                                                   : loaded 2 times (x 79B)
Class org.gradle.internal.installation.CurrentGradleInstallation                      : loaded 2 times (x 73B)
Class org.gradle.util.internal.GUtil                                                  : loaded 2 times (x 71B)
Class org.gradle.internal.installation.GradleInstallation                             : loaded 2 times (x 75B)

---------------  S Y S T E M  ---------------

OS:
 Windows 11 , 64 bit Build 26100 (10.0.26100.7019)
OS uptime: 10 days 3:49 hours
Hyper-V role detected

CPU: total 8 (initial active 8) (4 cores per cpu, 2 threads per core) family 6 model 154 stepping 4 microcode 0x437, cx8, cmov, fxsr, ht, mmx, 3dnowpref, sse, sse2, sse3, ssse3, sse4.1, sse4.2, popcnt, lzcnt, tsc, tscinvbit, avx, avx2, aes, erms, clmul, bmi1, bmi2, adx, sha, fma, vzeroupper, clflush, clflushopt, clwb, hv, serialize, rdtscp, rdpid, fsrm, f16c, cet_ibt, cet_ss
Processor Information for the first 8 processors :
  Max Mhz: 1200, Current Mhz: 1200, Mhz Limit: 1200

Memory: 4k page, system-wide physical 7876M (376M free)
TotalPageFile size 32452M (AvailPageFile size 14M)
current process WorkingSet (physical memory assigned to process): 312M, peak: 317M
current process commit charge ("private bytes"): 438M, peak: 439M

vm_info: OpenJDK 64-Bit Server VM (21.0.8+-14196175-b1038.72) for windows-amd64 JRE (21.0.8+-14196175-b1038.72), built on 2025-10-01T10:24:33Z by "builder" with MS VC++ 16.10 / 16.11 (VS2019)

END.
