#
# There is insufficient memory for the Java Runtime Environment to continue.
# Native memory allocation (malloc) failed to allocate 1974576 bytes. Error detail: Chunk::new
# Possible reasons:
#   The system is out of physical RAM or swap space
#   This process is running with CompressedOops enabled, and the Java Heap may be blocking the growth of the native heap
# Possible solutions:
#   Reduce memory load on the system
#   Increase physical memory or swap space
#   Check if swap backing store is full
#   Decrease Java heap size (-Xmx/-Xms)
#   Decrease number of Java threads
#   Decrease Java thread stack sizes (-Xss)
#   Set larger code cache with -XX:ReservedCodeCacheSize=
#   JVM is running with Unscaled Compressed Oops mode in which the Java heap is
#     placed in the first 4GB address space. The Java Heap base address is the
#     maximum limit for the native heap growth. Please use -XX:HeapBaseMinAddress
#     to set the Java Heap base and to place the Java Heap above 4GB virtual address.
# This output file may be truncated or incomplete.
#
#  Out of Memory Error (arena.cpp:168), pid=17960, tid=8684
#
# JRE version: OpenJDK Runtime Environment (21.0.8) (build 21.0.8+-14196175-b1038.72)
# Java VM: OpenJDK 64-Bit Server VM (21.0.8+-14196175-b1038.72, mixed mode, tiered, compressed oops, compressed class ptrs, g1 gc, windows-amd64)
# No core dump will be written. Minidumps are not enabled by default on client versions of Windows
#

---------------  S U M M A R Y ------------

Command Line: --add-opens=java.base/java.lang=ALL-UNNAMED --add-opens=java.base/java.lang.invoke=ALL-UNNAMED --add-opens=java.base/java.util=ALL-UNNAMED --add-opens=java.prefs/java.util.prefs=ALL-UNNAMED --add-exports=jdk.compiler/com.sun.tools.javac.api=ALL-UNNAMED --add-exports=jdk.compiler/com.sun.tools.javac.util=ALL-UNNAMED --add-opens=java.base/java.util=ALL-UNNAMED --add-opens=java.prefs/java.util.prefs=ALL-UNNAMED --add-opens=java.base/java.nio.charset=ALL-UNNAMED --add-opens=java.base/java.net=ALL-UNNAMED --add-opens=java.base/java.util.concurrent.atomic=ALL-UNNAMED --add-opens=java.xml/javax.xml.namespace=ALL-UNNAMED -Xmx2048m -Dfile.encoding=UTF-8 -Duser.country=IN -Duser.language=en -Duser.variant -javaagent:C:\Users\Sushmita Naik\.gradle\wrapper\dists\gradle-8.13-bin\5xuhj0ry160q40clulazy9h7d\gradle-8.13\lib\agents\gradle-instrumentation-agent-8.13.jar org.gradle.launcher.daemon.bootstrap.GradleDaemon 8.13

Host: 12th Gen Intel(R) Core(TM) i3-1215U, 8 cores, 7G,  Windows 11 , 64 bit Build 26100 (10.0.26100.7019)
Time: Tue Dec 16 15:01:51 2025 India Standard Time elapsed time: 13.185174 seconds (0d 0h 0m 13s)

---------------  T H R E A D  ---------------

Current thread (0x000001887c197910):  JavaThread "C2 CompilerThread0" daemon [_thread_in_native, id=8684, stack(0x000000710fd00000,0x000000710fe00000) (1024K)]


Current CompileTask:
C2:13185 8130   !   4       java.net.URLClassLoader::findClass (47 bytes)

Stack: [0x000000710fd00000,0x000000710fe00000]
Native frames: (J=compiled Java code, j=interpreted, Vv=VM code, C=native code)
V  [jvm.dll+0x6d68d9]
V  [jvm.dll+0x866693]
V  [jvm.dll+0x868c4e]
V  [jvm.dll+0x869333]
V  [jvm.dll+0x280566]
V  [jvm.dll+0xc07cd]
V  [jvm.dll+0xc0d03]
V  [jvm.dll+0x3b95e1]
V  [jvm.dll+0x385507]
V  [jvm.dll+0x38497a]
V  [jvm.dll+0x249252]
V  [jvm.dll+0x248821]
V  [jvm.dll+0x1c73a4]
V  [jvm.dll+0x257f9e]
V  [jvm.dll+0x2564e6]
V  [jvm.dll+0x3f4696]
V  [jvm.dll+0x80eac8]
V  [jvm.dll+0x6d512d]
C  [ucrtbase.dll+0x37b0]
C  [KERNEL32.DLL+0x2e8d7]
C  [ntdll.dll+0x8c53c]


---------------  P R O C E S S  ---------------

Threads class SMR info:
_java_thread_list=0x000001881551e480, length=60, elements={
0x0000018871aeae10, 0x000001887c1633a0, 0x000001887c171e20, 0x000001887c172880,
0x000001887c1753c0, 0x000001887c174610, 0x000001887c1926e0, 0x000001887c193540,
0x000001887c197910, 0x000001887c1983b0, 0x000001887c4a89a0, 0x000001887dc3a090,
0x000001887d95adc0, 0x000001887dde5600, 0x000001887dd77f00, 0x000001887dd870e0,
0x000001887df10b60, 0x000001887df02f80, 0x000001887dfc27c0, 0x000001887dfc1410,
0x000001887dfc3b70, 0x000001887dfc4200, 0x000001887dfc2e50, 0x000001887dfc4890,
0x000001887dfc2130, 0x000001887dfc34e0, 0x0000018813d9eaf0, 0x0000018813d9b670,
0x0000018813d9e460, 0x0000018813d9d0b0, 0x0000018813d9f180, 0x0000018813d9d740,
0x0000018813d9bd00, 0x0000018813d9f810, 0x0000018813d9c390, 0x0000018813d9ddd0,
0x0000018813d9ca20, 0x0000018813da0bc0, 0x0000018813da18e0, 0x0000018813da2c90,
0x0000018813da0530, 0x0000018813da2600, 0x000001881419e610, 0x000001881419d8f0,
0x000001881419f9c0, 0x000001881419d260, 0x00000188141a0050, 0x000001881419df80,
0x000001881419cbd0, 0x00000188141a06e0, 0x00000188141a3b60, 0x00000188141a34d0,
0x00000188141a41f0, 0x00000188141a2120, 0x00000188141a0d70, 0x00000188141a2e40,
0x00000188141a1400, 0x00000188141a27b0, 0x0000018814568c70, 0x0000018814f9b1a0
}

Java Threads: ( => current thread )
  0x0000018871aeae10 JavaThread "main"                              [_thread_blocked, id=27044, stack(0x000000710ee00000,0x000000710ef00000) (1024K)]
  0x000001887c1633a0 JavaThread "Common-Cleaner"             daemon [_thread_blocked, id=24440, stack(0x000000710f600000,0x000000710f700000) (1024K)]
  0x000001887c171e20 JavaThread "Reference Handler"          daemon [_thread_blocked, id=14992, stack(0x000000710f700000,0x000000710f800000) (1024K)]
  0x000001887c172880 JavaThread "Finalizer"                  daemon [_thread_blocked, id=22444, stack(0x000000710f800000,0x000000710f900000) (1024K)]
  0x000001887c1753c0 JavaThread "Signal Dispatcher"          daemon [_thread_blocked, id=2660, stack(0x000000710f900000,0x000000710fa00000) (1024K)]
  0x000001887c174610 JavaThread "Attach Listener"            daemon [_thread_blocked, id=23392, stack(0x000000710fa00000,0x000000710fb00000) (1024K)]
  0x000001887c1926e0 JavaThread "Service Thread"             daemon [_thread_blocked, id=25756, stack(0x000000710fb00000,0x000000710fc00000) (1024K)]
  0x000001887c193540 JavaThread "Monitor Deflation Thread"   daemon [_thread_blocked, id=17212, stack(0x000000710fc00000,0x000000710fd00000) (1024K)]
=>0x000001887c197910 JavaThread "C2 CompilerThread0"         daemon [_thread_in_native, id=8684, stack(0x000000710fd00000,0x000000710fe00000) (1024K)]
  0x000001887c1983b0 JavaThread "C1 CompilerThread0"         daemon [_thread_blocked, id=21896, stack(0x000000710fe00000,0x000000710ff00000) (1024K)]
  0x000001887c4a89a0 JavaThread "Notification Thread"        daemon [_thread_blocked, id=2688, stack(0x000000710ff00000,0x0000007110000000) (1024K)]
  0x000001887dc3a090 JavaThread "Daemon health stats"               [_thread_blocked, id=17736, stack(0x0000007110600000,0x0000007110700000) (1024K)]
  0x000001887d95adc0 JavaThread "Incoming local TCP Connector on port 49785"        [_thread_in_native, id=12828, stack(0x0000007110700000,0x0000007110800000) (1024K)]
  0x000001887dde5600 JavaThread "Daemon periodic checks"            [_thread_blocked, id=21420, stack(0x0000007110800000,0x0000007110900000) (1024K)]
  0x000001887dd77f00 JavaThread "Daemon"                            [_thread_blocked, id=16744, stack(0x0000007110900000,0x0000007110a00000) (1024K)]
  0x000001887dd870e0 JavaThread "Handler for socket connection from /127.0.0.1:49785 to /127.0.0.1:49786"        [_thread_in_native, id=24192, stack(0x0000007110a00000,0x0000007110b00000) (1024K)]
  0x000001887df10b60 JavaThread "Cancel handler"                    [_thread_blocked, id=27524, stack(0x0000007110b00000,0x0000007110c00000) (1024K)]
  0x000001887df02f80 JavaThread "Daemon worker"                     [_thread_in_Java, id=27780, stack(0x0000007110c00000,0x0000007110d00000) (1024K)]
  0x000001887dfc27c0 JavaThread "Asynchronous log dispatcher for DefaultDaemonConnection: socket connection from /127.0.0.1:49785 to /127.0.0.1:49786"        [_thread_blocked, id=8008, stack(0x0000007110d00000,0x0000007110e00000) (1024K)]
  0x000001887dfc1410 JavaThread "Stdin handler"                     [_thread_blocked, id=5880, stack(0x0000007110e00000,0x0000007110f00000) (1024K)]
  0x000001887dfc3b70 JavaThread "Daemon client event forwarder"        [_thread_blocked, id=18216, stack(0x0000007110f00000,0x0000007111000000) (1024K)]
  0x000001887dfc4200 JavaThread "Cache worker for journal cache (C:\Users\Sushmita Naik\.gradle\caches\journal-1)"        [_thread_blocked, id=23424, stack(0x0000007111200000,0x0000007111300000) (1024K)]
  0x000001887dfc2e50 JavaThread "File lock request listener"        [_thread_in_native, id=24836, stack(0x0000007111300000,0x0000007111400000) (1024K)]
  0x000001887dfc4890 JavaThread "Cache worker for file hash cache (C:\Users\Sushmita Naik\.gradle\caches\8.13\fileHashes)"        [_thread_blocked, id=8988, stack(0x0000007111400000,0x0000007111500000) (1024K)]
  0x000001887dfc2130 JavaThread "Cache worker for file hash cache (C:\Users\Sushmita Naik\AndroidStudioProjects\Samparka\.gradle\8.13\fileHashes)"        [_thread_blocked, id=27848, stack(0x0000007111500000,0x0000007111600000) (1024K)]
  0x000001887dfc34e0 JavaThread "Cache worker for Build Output Cleanup Cache (C:\Users\Sushmita Naik\AndroidStudioProjects\Samparka\.gradle\buildOutputCleanup)"        [_thread_blocked, id=21956, stack(0x0000007111600000,0x0000007111700000) (1024K)]
  0x0000018813d9eaf0 JavaThread "File watcher server"        daemon [_thread_in_native, id=16740, stack(0x0000007111700000,0x0000007111800000) (1024K)]
  0x0000018813d9b670 JavaThread "File watcher consumer"      daemon [_thread_blocked, id=14476, stack(0x0000007111800000,0x0000007111900000) (1024K)]
  0x0000018813d9e460 JavaThread "jar transforms"                    [_thread_blocked, id=16112, stack(0x0000007111900000,0x0000007111a00000) (1024K)]
  0x0000018813d9d0b0 JavaThread "jar transforms Thread 2"           [_thread_blocked, id=20052, stack(0x0000007111a00000,0x0000007111b00000) (1024K)]
  0x0000018813d9f180 JavaThread "jar transforms Thread 3"           [_thread_blocked, id=26780, stack(0x0000007111b00000,0x0000007111c00000) (1024K)]
  0x0000018813d9d740 JavaThread "jar transforms Thread 4"           [_thread_blocked, id=13728, stack(0x0000007111c00000,0x0000007111d00000) (1024K)]
  0x0000018813d9bd00 JavaThread "jar transforms Thread 5"           [_thread_blocked, id=8180, stack(0x0000007111d00000,0x0000007111e00000) (1024K)]
  0x0000018813d9f810 JavaThread "jar transforms Thread 6"           [_thread_blocked, id=11720, stack(0x0000007111e00000,0x0000007111f00000) (1024K)]
  0x0000018813d9c390 JavaThread "jar transforms Thread 7"           [_thread_blocked, id=21548, stack(0x0000007111f00000,0x0000007112000000) (1024K)]
  0x0000018813d9ddd0 JavaThread "jar transforms Thread 8"           [_thread_blocked, id=18748, stack(0x0000007112000000,0x0000007112100000) (1024K)]
  0x0000018813d9ca20 JavaThread "Cache worker for checksums cache (C:\Users\Sushmita Naik\AndroidStudioProjects\Samparka\.gradle\8.13\checksums)"        [_thread_blocked, id=23064, stack(0x0000007112100000,0x0000007112200000) (1024K)]
  0x0000018813da0bc0 JavaThread "Cache worker for file content cache (C:\Users\Sushmita Naik\.gradle\caches\8.13\fileContent)"        [_thread_blocked, id=23232, stack(0x0000007112200000,0x0000007112300000) (1024K)]
  0x0000018813da18e0 JavaThread "Cache worker for cache directory md-supplier (C:\Users\Sushmita Naik\.gradle\caches\8.13\md-supplier)"        [_thread_blocked, id=28348, stack(0x0000007112300000,0x0000007112400000) (1024K)]
  0x0000018813da2c90 JavaThread "Cache worker for cache directory md-rule (C:\Users\Sushmita Naik\.gradle\caches\8.13\md-rule)"        [_thread_blocked, id=26004, stack(0x0000007112400000,0x0000007112500000) (1024K)]
  0x0000018813da0530 JavaThread "Unconstrained build operations"        [_thread_blocked, id=27616, stack(0x0000007112500000,0x0000007112600000) (1024K)]
  0x0000018813da2600 JavaThread "Unconstrained build operations Thread 2"        [_thread_blocked, id=28480, stack(0x0000007112600000,0x0000007112700000) (1024K)]
  0x000001881419e610 JavaThread "Unconstrained build operations Thread 3"        [_thread_blocked, id=22096, stack(0x0000007112700000,0x0000007112800000) (1024K)]
  0x000001881419d8f0 JavaThread "Unconstrained build operations Thread 4"        [_thread_blocked, id=18536, stack(0x0000007112800000,0x0000007112900000) (1024K)]
  0x000001881419f9c0 JavaThread "Unconstrained build operations Thread 5"        [_thread_blocked, id=9640, stack(0x0000007112b00000,0x0000007112c00000) (1024K)]
  0x000001881419d260 JavaThread "Unconstrained build operations Thread 6"        [_thread_blocked, id=14360, stack(0x0000007112c00000,0x0000007112d00000) (1024K)]
  0x00000188141a0050 JavaThread "Unconstrained build operations Thread 7"        [_thread_blocked, id=18572, stack(0x0000007112d00000,0x0000007112e00000) (1024K)]
  0x000001881419df80 JavaThread "Unconstrained build operations Thread 8"        [_thread_blocked, id=26320, stack(0x0000007112e00000,0x0000007112f00000) (1024K)]
  0x000001881419cbd0 JavaThread "Unconstrained build operations Thread 9"        [_thread_blocked, id=11512, stack(0x0000007112f00000,0x0000007113000000) (1024K)]
  0x00000188141a06e0 JavaThread "Unconstrained build operations Thread 10"        [_thread_blocked, id=19692, stack(0x0000007113000000,0x0000007113100000) (1024K)]
  0x00000188141a3b60 JavaThread "Unconstrained build operations Thread 11"        [_thread_blocked, id=7248, stack(0x0000007113100000,0x0000007113200000) (1024K)]
  0x00000188141a34d0 JavaThread "Unconstrained build operations Thread 12"        [_thread_blocked, id=21072, stack(0x0000007113200000,0x0000007113300000) (1024K)]
  0x00000188141a41f0 JavaThread "Unconstrained build operations Thread 13"        [_thread_blocked, id=20500, stack(0x0000007113300000,0x0000007113400000) (1024K)]
  0x00000188141a2120 JavaThread "Unconstrained build operations Thread 14"        [_thread_blocked, id=14356, stack(0x0000007113400000,0x0000007113500000) (1024K)]
  0x00000188141a0d70 JavaThread "Unconstrained build operations Thread 15"        [_thread_blocked, id=16300, stack(0x0000007113500000,0x0000007113600000) (1024K)]
  0x00000188141a2e40 JavaThread "Unconstrained build operations Thread 16"        [_thread_blocked, id=21104, stack(0x0000007113600000,0x0000007113700000) (1024K)]
  0x00000188141a1400 JavaThread "Unconstrained build operations Thread 17"        [_thread_blocked, id=11392, stack(0x0000007113700000,0x0000007113800000) (1024K)]
  0x00000188141a27b0 JavaThread "Unconstrained build operations Thread 18"        [_thread_blocked, id=28188, stack(0x0000007113800000,0x0000007113900000) (1024K)]
  0x0000018814568c70 JavaThread "Problems report writer"            [_thread_blocked, id=14460, stack(0x0000007112a00000,0x0000007112b00000) (1024K)]
  0x0000018814f9b1a0 JavaThread "C2 CompilerThread1"         daemon [_thread_in_native, id=14448, stack(0x0000007112900000,0x0000007112a00000) (1024K)]
Total: 60

Other Threads:
  0x000001887c115860 VMThread "VM Thread"                           [id=12864, stack(0x000000710f500000,0x000000710f600000) (1024K)]
  0x000001887bf53640 WatcherThread "VM Periodic Task Thread"        [id=28628, stack(0x000000710f400000,0x000000710f500000) (1024K)]
  0x0000018871b43390 WorkerThread "GC Thread#0"                     [id=796, stack(0x000000710ef00000,0x000000710f000000) (1024K)]
  0x000001887c7d6b40 WorkerThread "GC Thread#1"                     [id=27068, stack(0x0000007110000000,0x0000007110100000) (1024K)]
  0x000001887c6e9120 WorkerThread "GC Thread#2"                     [id=18604, stack(0x0000007110100000,0x0000007110200000) (1024K)]
  0x000001887cf07e40 WorkerThread "GC Thread#3"                     [id=15968, stack(0x0000007110200000,0x0000007110300000) (1024K)]
  0x000001887cf081e0 WorkerThread "GC Thread#4"                     [id=11176, stack(0x0000007110300000,0x0000007110400000) (1024K)]
  0x000001887d93cc40 WorkerThread "GC Thread#5"                     [id=6460, stack(0x0000007110400000,0x0000007110500000) (1024K)]
  0x000001887d93cfe0 WorkerThread "GC Thread#6"                     [id=22628, stack(0x0000007110500000,0x0000007110600000) (1024K)]
  0x000001887defce70 WorkerThread "GC Thread#7"                     [id=22228, stack(0x0000007111000000,0x0000007111100000) (1024K)]
  0x0000018871b54280 ConcurrentGCThread "G1 Main Marker"            [id=28644, stack(0x000000710f000000,0x000000710f100000) (1024K)]
  0x0000018871b54c90 WorkerThread "G1 Conc#0"                       [id=27228, stack(0x000000710f100000,0x000000710f200000) (1024K)]
  0x000001887defd210 WorkerThread "G1 Conc#1"                       [id=18552, stack(0x0000007111100000,0x0000007111200000) (1024K)]
  0x000001887be18c60 ConcurrentGCThread "G1 Refine#0"               [id=27820, stack(0x000000710f200000,0x000000710f300000) (1024K)]
  0x000001887be19480 ConcurrentGCThread "G1 Service"                [id=1760, stack(0x000000710f300000,0x000000710f400000) (1024K)]
Total: 15

Threads with active compile tasks:
C2 CompilerThread0  13240 8130   !   4       java.net.URLClassLoader::findClass (47 bytes)
C2 CompilerThread1  13240 8131       4       java.net.URLClassLoader$1::run (5 bytes)
Total: 2

VM state: not at safepoint (normal execution)

VM Mutex/Monitor currently owned by a thread: None

Heap address: 0x0000000080000000, size: 2048 MB, Compressed Oops mode: 32-bit

CDS archive(s) not mapped
Compressed class space mapped at: 0x0000000100000000-0x0000000140000000, reserved size: 1073741824
Narrow klass base: 0x0000000000000000, Narrow klass shift: 3, Narrow klass range: 0x140000000

GC Precious Log:
 CardTable entry size: 512
 Card Set container configuration: InlinePtr #cards 5 size 8 Array Of Cards #cards 12 size 40 Howl #buckets 4 coarsen threshold 1843 Howl Bitmap #cards 512 size 80 coarsen threshold 460 Card regions per heap region 1 cards per card region 2048
 CPUs: 8 total, 8 available
 Memory: 7876M
 Large Page Support: Disabled
 NUMA Support: Disabled
 Compressed Oops: Enabled (32-bit)
 Heap Region Size: 1M
 Heap Min Capacity: 8M
 Heap Initial Capacity: 124M
 Heap Max Capacity: 2G
 Pre-touch: Disabled
 Parallel Workers: 8
 Concurrent Workers: 2
 Concurrent Refinement Workers: 8
 Periodic GC: Disabled

Heap:
 garbage-first heap   total 172032K, used 155540K [0x0000000080000000, 0x0000000100000000)
  region size 1024K, 55 young (56320K), 6 survivors (6144K)
 Metaspace       used 74485K, committed 76160K, reserved 1114112K
  class space    used 10431K, committed 11264K, reserved 1048576K

Heap Regions: E=young(eden), S=young(survivor), O=old, HS=humongous(starts), HC=humongous(continues), CS=collection set, F=free, TAMS=top-at-mark-start, PB=parsable bottom
|   0|0x0000000080000000, 0x0000000080100000, 0x0000000080100000|100%|HS|  |TAMS 0x0000000080000000| PB 0x0000000080000000| Complete 
|   1|0x0000000080100000, 0x0000000080200000, 0x0000000080200000|100%|HC|  |TAMS 0x0000000080100000| PB 0x0000000080100000| Complete 
|   2|0x0000000080200000, 0x0000000080300000, 0x0000000080300000|100%|HC|  |TAMS 0x0000000080200000| PB 0x0000000080200000| Complete 
|   3|0x0000000080300000, 0x0000000080400000, 0x0000000080400000|100%| O|  |TAMS 0x0000000080300000| PB 0x0000000080300000| Untracked 
|   4|0x0000000080400000, 0x0000000080500000, 0x0000000080500000|100%| O|  |TAMS 0x0000000080400000| PB 0x0000000080400000| Untracked 
|   5|0x0000000080500000, 0x0000000080600000, 0x0000000080600000|100%| O|  |TAMS 0x0000000080500000| PB 0x0000000080500000| Untracked 
|   6|0x0000000080600000, 0x0000000080700000, 0x0000000080700000|100%|HS|  |TAMS 0x0000000080600000| PB 0x0000000080600000| Complete 
|   7|0x0000000080700000, 0x0000000080800000, 0x0000000080800000|100%| O|  |TAMS 0x0000000080700000| PB 0x0000000080700000| Untracked 
|   8|0x0000000080800000, 0x0000000080900000, 0x0000000080900000|100%| O|  |TAMS 0x0000000080800000| PB 0x0000000080800000| Untracked 
|   9|0x0000000080900000, 0x0000000080a00000, 0x0000000080a00000|100%| O|  |TAMS 0x0000000080900000| PB 0x0000000080900000| Untracked 
|  10|0x0000000080a00000, 0x0000000080b00000, 0x0000000080b00000|100%| O|  |TAMS 0x0000000080a00000| PB 0x0000000080a00000| Untracked 
|  11|0x0000000080b00000, 0x0000000080c00000, 0x0000000080c00000|100%| O|  |TAMS 0x0000000080b00000| PB 0x0000000080b00000| Untracked 
|  12|0x0000000080c00000, 0x0000000080d00000, 0x0000000080d00000|100%|HS|  |TAMS 0x0000000080c00000| PB 0x0000000080c00000| Complete 
|  13|0x0000000080d00000, 0x0000000080e00000, 0x0000000080e00000|100%| O|  |TAMS 0x0000000080d00000| PB 0x0000000080d00000| Untracked 
|  14|0x0000000080e00000, 0x0000000080f00000, 0x0000000080f00000|100%| O|  |TAMS 0x0000000080e00000| PB 0x0000000080e00000| Untracked 
|  15|0x0000000080f00000, 0x0000000081000000, 0x0000000081000000|100%| O|  |TAMS 0x0000000080f00000| PB 0x0000000080f00000| Untracked 
|  16|0x0000000081000000, 0x0000000081100000, 0x0000000081100000|100%| O|  |TAMS 0x0000000081000000| PB 0x0000000081000000| Untracked 
|  17|0x0000000081100000, 0x0000000081200000, 0x0000000081200000|100%| O|  |TAMS 0x0000000081100000| PB 0x0000000081100000| Untracked 
|  18|0x0000000081200000, 0x0000000081300000, 0x0000000081300000|100%| O|  |TAMS 0x0000000081200000| PB 0x0000000081200000| Untracked 
|  19|0x0000000081300000, 0x0000000081400000, 0x0000000081400000|100%| O|  |TAMS 0x0000000081300000| PB 0x0000000081300000| Untracked 
|  20|0x0000000081400000, 0x0000000081500000, 0x0000000081500000|100%| O|  |TAMS 0x0000000081400000| PB 0x0000000081400000| Untracked 
|  21|0x0000000081500000, 0x0000000081600000, 0x0000000081600000|100%| O|  |TAMS 0x0000000081500000| PB 0x0000000081500000| Untracked 
|  22|0x0000000081600000, 0x0000000081700000, 0x0000000081700000|100%|HS|  |TAMS 0x0000000081600000| PB 0x0000000081600000| Complete 
|  23|0x0000000081700000, 0x0000000081800000, 0x0000000081800000|100%|HC|  |TAMS 0x0000000081700000| PB 0x0000000081700000| Complete 
|  24|0x0000000081800000, 0x0000000081900000, 0x0000000081900000|100%|HC|  |TAMS 0x0000000081800000| PB 0x0000000081800000| Complete 
|  25|0x0000000081900000, 0x0000000081a00000, 0x0000000081a00000|100%|HC|  |TAMS 0x0000000081900000| PB 0x0000000081900000| Complete 
|  26|0x0000000081a00000, 0x0000000081b00000, 0x0000000081b00000|100%|HC|  |TAMS 0x0000000081a00000| PB 0x0000000081a00000| Complete 
|  27|0x0000000081b00000, 0x0000000081c00000, 0x0000000081c00000|100%|HC|  |TAMS 0x0000000081b00000| PB 0x0000000081b00000| Complete 
|  28|0x0000000081c00000, 0x0000000081d00000, 0x0000000081d00000|100%|HS|  |TAMS 0x0000000081c00000| PB 0x0000000081c00000| Complete 
|  29|0x0000000081d00000, 0x0000000081e00000, 0x0000000081e00000|100%|HS|  |TAMS 0x0000000081d00000| PB 0x0000000081d00000| Complete 
|  30|0x0000000081e00000, 0x0000000081f00000, 0x0000000081f00000|100%|HC|  |TAMS 0x0000000081e00000| PB 0x0000000081e00000| Complete 
|  31|0x0000000081f00000, 0x0000000082000000, 0x0000000082000000|100%|HS|  |TAMS 0x0000000081f00000| PB 0x0000000081f00000| Complete 
|  32|0x0000000082000000, 0x0000000082100000, 0x0000000082100000|100%|HC|  |TAMS 0x0000000082000000| PB 0x0000000082000000| Complete 
|  33|0x0000000082100000, 0x0000000082200000, 0x0000000082200000|100%|HC|  |TAMS 0x0000000082100000| PB 0x0000000082100000| Complete 
|  34|0x0000000082200000, 0x0000000082300000, 0x0000000082300000|100%|HC|  |TAMS 0x0000000082200000| PB 0x0000000082200000| Complete 
|  35|0x0000000082300000, 0x0000000082400000, 0x0000000082400000|100%|HS|  |TAMS 0x0000000082300000| PB 0x0000000082300000| Complete 
|  36|0x0000000082400000, 0x0000000082500000, 0x0000000082500000|100%|HS|  |TAMS 0x0000000082400000| PB 0x0000000082400000| Complete 
|  37|0x0000000082500000, 0x0000000082600000, 0x0000000082600000|100%|HC|  |TAMS 0x0000000082500000| PB 0x0000000082500000| Complete 
|  38|0x0000000082600000, 0x0000000082700000, 0x0000000082700000|100%|HC|  |TAMS 0x0000000082600000| PB 0x0000000082600000| Complete 
|  39|0x0000000082700000, 0x0000000082800000, 0x0000000082800000|100%|HC|  |TAMS 0x0000000082700000| PB 0x0000000082700000| Complete 
|  40|0x0000000082800000, 0x0000000082900000, 0x0000000082900000|100%|HC|  |TAMS 0x0000000082800000| PB 0x0000000082800000| Complete 
|  41|0x0000000082900000, 0x0000000082a00000, 0x0000000082a00000|100%|HC|  |TAMS 0x0000000082900000| PB 0x0000000082900000| Complete 
|  42|0x0000000082a00000, 0x0000000082b00000, 0x0000000082b00000|100%|HS|  |TAMS 0x0000000082a00000| PB 0x0000000082a00000| Complete 
|  43|0x0000000082b00000, 0x0000000082c00000, 0x0000000082c00000|100%|HS|  |TAMS 0x0000000082b00000| PB 0x0000000082b00000| Complete 
|  44|0x0000000082c00000, 0x0000000082d00000, 0x0000000082d00000|100%|HC|  |TAMS 0x0000000082c00000| PB 0x0000000082c00000| Complete 
|  45|0x0000000082d00000, 0x0000000082e00000, 0x0000000082e00000|100%| O|  |TAMS 0x0000000082d00000| PB 0x0000000082d00000| Untracked 
|  46|0x0000000082e00000, 0x0000000082f00000, 0x0000000082f00000|100%| O|  |TAMS 0x0000000082e00000| PB 0x0000000082e00000| Untracked 
|  47|0x0000000082f00000, 0x0000000083000000, 0x0000000083000000|100%| O|  |TAMS 0x0000000082f00000| PB 0x0000000082f00000| Untracked 
|  48|0x0000000083000000, 0x0000000083100000, 0x0000000083100000|100%| O|  |TAMS 0x0000000083000000| PB 0x0000000083000000| Untracked 
|  49|0x0000000083100000, 0x0000000083200000, 0x0000000083200000|100%| O|  |TAMS 0x0000000083100000| PB 0x0000000083100000| Untracked 
|  50|0x0000000083200000, 0x0000000083300000, 0x0000000083300000|100%|HS|  |TAMS 0x0000000083200000| PB 0x0000000083200000| Complete 
|  51|0x0000000083300000, 0x0000000083400000, 0x0000000083400000|100%|HC|  |TAMS 0x0000000083300000| PB 0x0000000083300000| Complete 
|  52|0x0000000083400000, 0x0000000083500000, 0x0000000083500000|100%|HC|  |TAMS 0x0000000083400000| PB 0x0000000083400000| Complete 
|  53|0x0000000083500000, 0x0000000083600000, 0x0000000083600000|100%|HC|  |TAMS 0x0000000083500000| PB 0x0000000083500000| Complete 
|  54|0x0000000083600000, 0x0000000083700000, 0x0000000083700000|100%| O|  |TAMS 0x0000000083600000| PB 0x0000000083600000| Untracked 
|  55|0x0000000083700000, 0x0000000083800000, 0x0000000083800000|100%| O|  |TAMS 0x0000000083700000| PB 0x0000000083700000| Untracked 
|  56|0x0000000083800000, 0x0000000083900000, 0x0000000083900000|100%| O|  |TAMS 0x0000000083800000| PB 0x0000000083800000| Untracked 
|  57|0x0000000083900000, 0x0000000083a00000, 0x0000000083a00000|100%| O|  |TAMS 0x0000000083900000| PB 0x0000000083900000| Untracked 
|  58|0x0000000083a00000, 0x0000000083b00000, 0x0000000083b00000|100%| O|  |TAMS 0x0000000083a00000| PB 0x0000000083a00000| Untracked 
|  59|0x0000000083b00000, 0x0000000083c00000, 0x0000000083c00000|100%|HS|  |TAMS 0x0000000083b00000| PB 0x0000000083b00000| Complete 
|  60|0x0000000083c00000, 0x0000000083d00000, 0x0000000083d00000|100%|HC|  |TAMS 0x0000000083c00000| PB 0x0000000083c00000| Complete 
|  61|0x0000000083d00000, 0x0000000083e00000, 0x0000000083e00000|100%| O|  |TAMS 0x0000000083d00000| PB 0x0000000083d00000| Untracked 
|  62|0x0000000083e00000, 0x0000000083f00000, 0x0000000083f00000|100%| O|Cm|TAMS 0x0000000083e00000| PB 0x0000000083e00000| Complete 
|  63|0x0000000083f00000, 0x0000000084000000, 0x0000000084000000|100%| O|  |TAMS 0x0000000083f00000| PB 0x0000000083f00000| Untracked 
|  64|0x0000000084000000, 0x0000000084100000, 0x0000000084100000|100%| O|  |TAMS 0x0000000084000000| PB 0x0000000084000000| Untracked 
|  65|0x0000000084100000, 0x0000000084200000, 0x0000000084200000|100%|HS|  |TAMS 0x0000000084100000| PB 0x0000000084100000| Complete 
|  66|0x0000000084200000, 0x0000000084300000, 0x0000000084300000|100%| O|  |TAMS 0x0000000084200000| PB 0x0000000084200000| Untracked 
|  67|0x0000000084300000, 0x0000000084400000, 0x0000000084400000|100%|HS|  |TAMS 0x0000000084300000| PB 0x0000000084300000| Complete 
|  68|0x0000000084400000, 0x0000000084500000, 0x0000000084500000|100%|HC|  |TAMS 0x0000000084400000| PB 0x0000000084400000| Complete 
|  69|0x0000000084500000, 0x0000000084600000, 0x0000000084600000|100%|HC|  |TAMS 0x0000000084500000| PB 0x0000000084500000| Complete 
|  70|0x0000000084600000, 0x0000000084700000, 0x0000000084700000|100%|HC|  |TAMS 0x0000000084600000| PB 0x0000000084600000| Complete 
|  71|0x0000000084700000, 0x0000000084800000, 0x0000000084800000|100%|HC|  |TAMS 0x0000000084700000| PB 0x0000000084700000| Complete 
|  72|0x0000000084800000, 0x0000000084900000, 0x0000000084900000|100%|HC|  |TAMS 0x0000000084800000| PB 0x0000000084800000| Complete 
|  73|0x0000000084900000, 0x0000000084a00000, 0x0000000084a00000|100%|HS|  |TAMS 0x0000000084900000| PB 0x0000000084900000| Complete 
|  74|0x0000000084a00000, 0x0000000084b00000, 0x0000000084b00000|100%| O|  |TAMS 0x0000000084a00000| PB 0x0000000084a00000| Untracked 
|  75|0x0000000084b00000, 0x0000000084c00000, 0x0000000084c00000|100%| O|  |TAMS 0x0000000084b00000| PB 0x0000000084b00000| Untracked 
|  76|0x0000000084c00000, 0x0000000084d00000, 0x0000000084d00000|100%| O|  |TAMS 0x0000000084c00000| PB 0x0000000084c00000| Untracked 
|  77|0x0000000084d00000, 0x0000000084e00000, 0x0000000084e00000|100%| O|  |TAMS 0x0000000084d00000| PB 0x0000000084d00000| Untracked 
|  78|0x0000000084e00000, 0x0000000084f00000, 0x0000000084f00000|100%| O|  |TAMS 0x0000000084e00000| PB 0x0000000084e00000| Untracked 
|  79|0x0000000084f00000, 0x0000000085000000, 0x0000000085000000|100%| O|Cm|TAMS 0x0000000084f00000| PB 0x0000000084f00000| Complete 
|  80|0x0000000085000000, 0x0000000085000000, 0x0000000085100000|  0%| F|  |TAMS 0x0000000085000000| PB 0x0000000085000000| Untracked 
|  81|0x0000000085100000, 0x0000000085100000, 0x0000000085200000|  0%| F|  |TAMS 0x0000000085100000| PB 0x0000000085100000| Untracked 
|  82|0x0000000085200000, 0x0000000085300000, 0x0000000085300000|100%| O|  |TAMS 0x0000000085200000| PB 0x0000000085200000| Untracked 
|  83|0x0000000085300000, 0x0000000085400000, 0x0000000085400000|100%| O|  |TAMS 0x0000000085300000| PB 0x0000000085300000| Untracked 
|  84|0x0000000085400000, 0x0000000085500000, 0x0000000085500000|100%| O|  |TAMS 0x0000000085400000| PB 0x0000000085400000| Untracked 
|  85|0x0000000085500000, 0x0000000085600000, 0x0000000085600000|100%| O|  |TAMS 0x0000000085500000| PB 0x0000000085500000| Untracked 
|  86|0x0000000085600000, 0x0000000085700000, 0x0000000085700000|100%| S|CS|TAMS 0x0000000085600000| PB 0x0000000085600000| Complete 
|  87|0x0000000085700000, 0x00000000857e5198, 0x0000000085800000| 89%| O|  |TAMS 0x0000000085700000| PB 0x0000000085700000| Untracked 
|  88|0x0000000085800000, 0x0000000085900000, 0x0000000085900000|100%|HS|  |TAMS 0x0000000085800000| PB 0x0000000085800000| Complete 
|  89|0x0000000085900000, 0x0000000085a00000, 0x0000000085a00000|100%|HC|  |TAMS 0x0000000085900000| PB 0x0000000085900000| Complete 
|  90|0x0000000085a00000, 0x0000000085b00000, 0x0000000085b00000|100%|HC|  |TAMS 0x0000000085a00000| PB 0x0000000085a00000| Complete 
|  91|0x0000000085b00000, 0x0000000085c00000, 0x0000000085c00000|100%|HC|  |TAMS 0x0000000085b00000| PB 0x0000000085b00000| Complete 
|  92|0x0000000085c00000, 0x0000000085d00000, 0x0000000085d00000|100%|HC|  |TAMS 0x0000000085c00000| PB 0x0000000085c00000| Complete 
|  93|0x0000000085d00000, 0x0000000085e00000, 0x0000000085e00000|100%|HC|  |TAMS 0x0000000085d00000| PB 0x0000000085d00000| Complete 
|  94|0x0000000085e00000, 0x0000000085f00000, 0x0000000085f00000|100%| S|CS|TAMS 0x0000000085e00000| PB 0x0000000085e00000| Complete 
|  95|0x0000000085f00000, 0x0000000085f00000, 0x0000000086000000|  0%| F|  |TAMS 0x0000000085f00000| PB 0x0000000085f00000| Untracked 
|  96|0x0000000086000000, 0x0000000086100000, 0x0000000086100000|100%| S|CS|TAMS 0x0000000086000000| PB 0x0000000086000000| Complete 
|  97|0x0000000086100000, 0x0000000086100000, 0x0000000086200000|  0%| F|  |TAMS 0x0000000086100000| PB 0x0000000086100000| Untracked 
|  98|0x0000000086200000, 0x0000000086200000, 0x0000000086300000|  0%| F|  |TAMS 0x0000000086200000| PB 0x0000000086200000| Untracked 
|  99|0x0000000086300000, 0x0000000086300000, 0x0000000086400000|  0%| F|  |TAMS 0x0000000086300000| PB 0x0000000086300000| Untracked 
| 100|0x0000000086400000, 0x0000000086400000, 0x0000000086500000|  0%| F|  |TAMS 0x0000000086400000| PB 0x0000000086400000| Untracked 
| 101|0x0000000086500000, 0x0000000086500000, 0x0000000086600000|  0%| F|  |TAMS 0x0000000086500000| PB 0x0000000086500000| Untracked 
| 102|0x0000000086600000, 0x0000000086600000, 0x0000000086700000|  0%| F|  |TAMS 0x0000000086600000| PB 0x0000000086600000| Untracked 
| 103|0x0000000086700000, 0x0000000086700000, 0x0000000086800000|  0%| F|  |TAMS 0x0000000086700000| PB 0x0000000086700000| Untracked 
| 104|0x0000000086800000, 0x0000000086800000, 0x0000000086900000|  0%| F|  |TAMS 0x0000000086800000| PB 0x0000000086800000| Untracked 
| 105|0x0000000086900000, 0x0000000086900000, 0x0000000086a00000|  0%| F|  |TAMS 0x0000000086900000| PB 0x0000000086900000| Untracked 
| 106|0x0000000086a00000, 0x0000000086a00000, 0x0000000086b00000|  0%| F|  |TAMS 0x0000000086a00000| PB 0x0000000086a00000| Untracked 
| 107|0x0000000086b00000, 0x0000000086b00000, 0x0000000086c00000|  0%| F|  |TAMS 0x0000000086b00000| PB 0x0000000086b00000| Untracked 
| 108|0x0000000086c00000, 0x0000000086c00000, 0x0000000086d00000|  0%| F|  |TAMS 0x0000000086c00000| PB 0x0000000086c00000| Untracked 
| 109|0x0000000086d00000, 0x0000000086e00000, 0x0000000086e00000|100%| E|  |TAMS 0x0000000086d00000| PB 0x0000000086d00000| Complete 
| 110|0x0000000086e00000, 0x0000000086f00000, 0x0000000086f00000|100%| E|CS|TAMS 0x0000000086e00000| PB 0x0000000086e00000| Complete 
| 111|0x0000000086f00000, 0x0000000087000000, 0x0000000087000000|100%| E|CS|TAMS 0x0000000086f00000| PB 0x0000000086f00000| Complete 
| 112|0x0000000087000000, 0x0000000087100000, 0x0000000087100000|100%| E|CS|TAMS 0x0000000087000000| PB 0x0000000087000000| Complete 
| 113|0x0000000087100000, 0x0000000087200000, 0x0000000087200000|100%| E|CS|TAMS 0x0000000087100000| PB 0x0000000087100000| Complete 
| 114|0x0000000087200000, 0x0000000087300000, 0x0000000087300000|100%| E|CS|TAMS 0x0000000087200000| PB 0x0000000087200000| Complete 
| 115|0x0000000087300000, 0x0000000087400000, 0x0000000087400000|100%| E|CS|TAMS 0x0000000087300000| PB 0x0000000087300000| Complete 
| 116|0x0000000087400000, 0x0000000087500000, 0x0000000087500000|100%| E|CS|TAMS 0x0000000087400000| PB 0x0000000087400000| Complete 
| 117|0x0000000087500000, 0x0000000087600000, 0x0000000087600000|100%| E|CS|TAMS 0x0000000087500000| PB 0x0000000087500000| Complete 
| 118|0x0000000087600000, 0x0000000087700000, 0x0000000087700000|100%| E|CS|TAMS 0x0000000087600000| PB 0x0000000087600000| Complete 
| 119|0x0000000087700000, 0x0000000087800000, 0x0000000087800000|100%| E|CS|TAMS 0x0000000087700000| PB 0x0000000087700000| Complete 
| 120|0x0000000087800000, 0x0000000087900000, 0x0000000087900000|100%| E|CS|TAMS 0x0000000087800000| PB 0x0000000087800000| Complete 
| 121|0x0000000087900000, 0x0000000087a00000, 0x0000000087a00000|100%| E|CS|TAMS 0x0000000087900000| PB 0x0000000087900000| Complete 
| 122|0x0000000087a00000, 0x0000000087b00000, 0x0000000087b00000|100%| E|CS|TAMS 0x0000000087a00000| PB 0x0000000087a00000| Complete 
| 123|0x0000000087b00000, 0x0000000087c00000, 0x0000000087c00000|100%| E|CS|TAMS 0x0000000087b00000| PB 0x0000000087b00000| Complete 
| 124|0x0000000087c00000, 0x0000000087d00000, 0x0000000087d00000|100%| E|CS|TAMS 0x0000000087c00000| PB 0x0000000087c00000| Complete 
| 125|0x0000000087d00000, 0x0000000087e00000, 0x0000000087e00000|100%| E|CS|TAMS 0x0000000087d00000| PB 0x0000000087d00000| Complete 
| 126|0x0000000087e00000, 0x0000000087f00000, 0x0000000087f00000|100%| E|CS|TAMS 0x0000000087e00000| PB 0x0000000087e00000| Complete 
| 127|0x0000000087f00000, 0x0000000088000000, 0x0000000088000000|100%| E|CS|TAMS 0x0000000087f00000| PB 0x0000000087f00000| Complete 
| 128|0x0000000088000000, 0x0000000088100000, 0x0000000088100000|100%| E|CS|TAMS 0x0000000088000000| PB 0x0000000088000000| Complete 
| 129|0x0000000088100000, 0x0000000088200000, 0x0000000088200000|100%| E|CS|TAMS 0x0000000088100000| PB 0x0000000088100000| Complete 
| 130|0x0000000088200000, 0x0000000088300000, 0x0000000088300000|100%| E|CS|TAMS 0x0000000088200000| PB 0x0000000088200000| Complete 
| 131|0x0000000088300000, 0x0000000088400000, 0x0000000088400000|100%| E|CS|TAMS 0x0000000088300000| PB 0x0000000088300000| Complete 
| 132|0x0000000088400000, 0x0000000088500000, 0x0000000088500000|100%| E|CS|TAMS 0x0000000088400000| PB 0x0000000088400000| Complete 
| 133|0x0000000088500000, 0x0000000088600000, 0x0000000088600000|100%| E|CS|TAMS 0x0000000088500000| PB 0x0000000088500000| Complete 
| 134|0x0000000088600000, 0x0000000088700000, 0x0000000088700000|100%| E|CS|TAMS 0x0000000088600000| PB 0x0000000088600000| Complete 
| 135|0x0000000088700000, 0x0000000088800000, 0x0000000088800000|100%| E|CS|TAMS 0x0000000088700000| PB 0x0000000088700000| Complete 
| 136|0x0000000088800000, 0x0000000088900000, 0x0000000088900000|100%| E|CS|TAMS 0x0000000088800000| PB 0x0000000088800000| Complete 
| 137|0x0000000088900000, 0x0000000088a00000, 0x0000000088a00000|100%| E|CS|TAMS 0x0000000088900000| PB 0x0000000088900000| Complete 
| 138|0x0000000088a00000, 0x0000000088b00000, 0x0000000088b00000|100%| E|CS|TAMS 0x0000000088a00000| PB 0x0000000088a00000| Complete 
| 139|0x0000000088b00000, 0x0000000088c00000, 0x0000000088c00000|100%| E|CS|TAMS 0x0000000088b00000| PB 0x0000000088b00000| Complete 
| 140|0x0000000088c00000, 0x0000000088d00000, 0x0000000088d00000|100%| E|CS|TAMS 0x0000000088c00000| PB 0x0000000088c00000| Complete 
| 141|0x0000000088d00000, 0x0000000088e00000, 0x0000000088e00000|100%| E|CS|TAMS 0x0000000088d00000| PB 0x0000000088d00000| Complete 
| 142|0x0000000088e00000, 0x0000000088f00000, 0x0000000088f00000|100%| E|CS|TAMS 0x0000000088e00000| PB 0x0000000088e00000| Complete 
| 143|0x0000000088f00000, 0x0000000089000000, 0x0000000089000000|100%| E|CS|TAMS 0x0000000088f00000| PB 0x0000000088f00000| Complete 
| 144|0x0000000089000000, 0x0000000089100000, 0x0000000089100000|100%| E|CS|TAMS 0x0000000089000000| PB 0x0000000089000000| Complete 
| 145|0x0000000089100000, 0x0000000089200000, 0x0000000089200000|100%| E|CS|TAMS 0x0000000089100000| PB 0x0000000089100000| Complete 
| 146|0x0000000089200000, 0x0000000089300000, 0x0000000089300000|100%| E|CS|TAMS 0x0000000089200000| PB 0x0000000089200000| Complete 
| 147|0x0000000089300000, 0x0000000089400000, 0x0000000089400000|100%| E|CS|TAMS 0x0000000089300000| PB 0x0000000089300000| Complete 
| 148|0x0000000089400000, 0x0000000089500000, 0x0000000089500000|100%| E|CS|TAMS 0x0000000089400000| PB 0x0000000089400000| Complete 
| 149|0x0000000089500000, 0x0000000089600000, 0x0000000089600000|100%| E|CS|TAMS 0x0000000089500000| PB 0x0000000089500000| Complete 
| 150|0x0000000089600000, 0x0000000089700000, 0x0000000089700000|100%| E|CS|TAMS 0x0000000089600000| PB 0x0000000089600000| Complete 
| 151|0x0000000089700000, 0x0000000089800000, 0x0000000089800000|100%| E|CS|TAMS 0x0000000089700000| PB 0x0000000089700000| Complete 
| 152|0x0000000089800000, 0x0000000089900000, 0x0000000089900000|100%| E|CS|TAMS 0x0000000089800000| PB 0x0000000089800000| Complete 
| 153|0x0000000089900000, 0x0000000089a00000, 0x0000000089a00000|100%| E|CS|TAMS 0x0000000089900000| PB 0x0000000089900000| Complete 
| 154|0x0000000089a00000, 0x0000000089b00000, 0x0000000089b00000|100%| E|CS|TAMS 0x0000000089a00000| PB 0x0000000089a00000| Complete 
| 155|0x0000000089b00000, 0x0000000089c00000, 0x0000000089c00000|100%| E|CS|TAMS 0x0000000089b00000| PB 0x0000000089b00000| Complete 
| 156|0x0000000089c00000, 0x0000000089d00000, 0x0000000089d00000|100%| S|CS|TAMS 0x0000000089c00000| PB 0x0000000089c00000| Complete 
| 157|0x0000000089d00000, 0x0000000089e00000, 0x0000000089e00000|100%| S|CS|TAMS 0x0000000089d00000| PB 0x0000000089d00000| Complete 
| 158|0x0000000089e00000, 0x0000000089f00000, 0x0000000089f00000|100%| S|CS|TAMS 0x0000000089e00000| PB 0x0000000089e00000| Complete 
|2039|0x00000000ff700000, 0x00000000ff800000, 0x00000000ff800000|100%| O|  |TAMS 0x00000000ff700000| PB 0x00000000ff700000| Untracked 
|2040|0x00000000ff800000, 0x00000000ff900000, 0x00000000ff900000|100%| O|  |TAMS 0x00000000ff800000| PB 0x00000000ff800000| Untracked 
|2041|0x00000000ff900000, 0x00000000ffa00000, 0x00000000ffa00000|100%| O|  |TAMS 0x00000000ff900000| PB 0x00000000ff900000| Untracked 
|2042|0x00000000ffa00000, 0x00000000ffb00000, 0x00000000ffb00000|100%| O|  |TAMS 0x00000000ffa00000| PB 0x00000000ffa00000| Untracked 
|2043|0x00000000ffb00000, 0x00000000ffc00000, 0x00000000ffc00000|100%| E|CS|TAMS 0x00000000ffb00000| PB 0x00000000ffb00000| Complete 
|2044|0x00000000ffc00000, 0x00000000ffd00000, 0x00000000ffd00000|100%| O|  |TAMS 0x00000000ffc00000| PB 0x00000000ffc00000| Untracked 
|2045|0x00000000ffd00000, 0x00000000ffe00000, 0x00000000ffe00000|100%| E|CS|TAMS 0x00000000ffd00000| PB 0x00000000ffd00000| Complete 
|2046|0x00000000ffe00000, 0x00000000fff00000, 0x00000000fff00000|100%| O|  |TAMS 0x00000000ffe00000| PB 0x00000000ffe00000| Untracked 
|2047|0x00000000fff00000, 0x0000000100000000, 0x0000000100000000|100%| O|  |TAMS 0x00000000fff00000| PB 0x00000000fff00000| Untracked 

Card table byte_map: [0x00000188770a0000,0x00000188774a0000] _byte_map_base: 0x0000018876ca0000

Marking Bits: (CMBitMap*) 0x0000018871b439a0
 Bits: [0x00000188774a0000, 0x00000188794a0000)

Polling page: 0x0000018871bb0000

Metaspace:

Usage:
  Non-class:     62.57 MB used.
      Class:     10.19 MB used.
       Both:     72.76 MB used.

Virtual space:
  Non-class space:       64.00 MB reserved,      63.44 MB (>99%) committed,  1 nodes.
      Class space:        1.00 GB reserved,      11.00 MB (  1%) committed,  1 nodes.
             Both:        1.06 GB reserved,      74.44 MB (  7%) committed. 

Chunk freelists:
   Non-Class:  624.00 KB
       Class:  4.84 MB
        Both:  5.45 MB

MaxMetaspaceSize: unlimited
CompressedClassSpaceSize: 1.00 GB
Initial GC threshold: 21.00 MB
Current GC threshold: 107.12 MB
CDS: off
 - commit_granule_bytes: 65536.
 - commit_granule_words: 8192.
 - virtual_space_node_default_size: 8388608.
 - enlarge_chunks_in_place: 1.
 - use_allocation_guard: 0.


Internal statistics:

num_allocs_failed_limit: 6.
num_arena_births: 3154.
num_arena_deaths: 0.
num_vsnodes_births: 2.
num_vsnodes_deaths: 0.
num_space_committed: 1191.
num_space_uncommitted: 0.
num_chunks_returned_to_freelist: 6.
num_chunks_taken_from_freelist: 6184.
num_chunk_merges: 6.
num_chunk_splits: 4038.
num_chunks_enlarged: 2528.
num_inconsistent_stats: 0.

CodeHeap 'non-profiled nmethods': size=120000Kb used=4211Kb max_used=4211Kb free=115788Kb
 bounds [0x0000018807ad0000, 0x0000018807ef0000, 0x000001880f000000]
CodeHeap 'profiled nmethods': size=120000Kb used=13234Kb max_used=13234Kb free=106765Kb
 bounds [0x0000018800000000, 0x0000018800cf0000, 0x0000018807530000]
CodeHeap 'non-nmethods': size=5760Kb used=2742Kb max_used=2786Kb free=3017Kb
 bounds [0x0000018807530000, 0x0000018807800000, 0x0000018807ad0000]
CodeCache: size=245760Kb, used=20187Kb, max_used=20231Kb, free=225570Kb
 total_blobs=7860, nmethods=6973, adapters=791, full_count=0
Compilation: enabled, stopped_count=0, restarted_count=0

Compilation events (20 events):
Event: 12.728 Thread 0x000001887c1983b0 nmethod 8125 0x0000018800ce0f90 code [0x0000018800ce11c0, 0x0000018800ce17f8]
Event: 12.768 Thread 0x000001887c1983b0 8127       3       org.gradle.internal.serialize.graph.codecs.Binding::encodingForType (17 bytes)
Event: 12.768 Thread 0x000001887c197910 8126       4       kotlin.jvm.internal.Intrinsics::checkNotNullParameter (9 bytes)
Event: 12.768 Thread 0x000001887c1983b0 nmethod 8127 0x0000018800ce1a90 code [0x0000018800ce1cc0, 0x0000018800ce2320]
Event: 12.768 Thread 0x000001887c197910 nmethod 8126 0x0000018807eebc10 code [0x0000018807eebda0, 0x0000018807eebe28]
Event: 12.780 Thread 0x000001887c1983b0 8128       3       org.gradle.internal.serialize.graph.codecs.BindingsBuilder::bind (177 bytes)
Event: 12.782 Thread 0x000001887c1983b0 nmethod 8128 0x0000018800ce2590 code [0x0000018800ce2ae0, 0x0000018800ce5360]
Event: 12.787 Thread 0x000001887c197910 8129       4       org.gradle.internal.serialize.graph.codecs.BindingsBuilder$producerForSubtypesOf$1::encodingForType (9 bytes)
Event: 12.789 Thread 0x000001887c197910 nmethod 8129 0x0000018807eebf10 code [0x0000018807eec0a0, 0x0000018807eec1f0]
Event: 12.903 Thread 0x000001887c197910 8130   !   4       java.net.URLClassLoader::findClass (47 bytes)
Event: 12.990 Thread 0x000001887c1983b0 8132       3       org.gradle.internal.serialize.graph.codecs.BindingsBuilder$producerForSubtypesOf$1::encodingForType (9 bytes)
Event: 12.990 Thread 0x000001887c1983b0 nmethod 8132 0x0000018800ce6210 code [0x0000018800ce63c0, 0x0000018800ce65f0]
Event: 13.019 Thread 0x000001887c1983b0 8134       3       java.util.Arrays$ArrayList::iterator (12 bytes)
Event: 13.019 Thread 0x000001887c1983b0 nmethod 8134 0x0000018800ce6690 code [0x0000018800ce6840, 0x0000018800ce6ac0]
Event: 13.019 Thread 0x000001887c1983b0 8135       3       java.util.Arrays$ArrayItr::<init> (10 bytes)
Event: 13.020 Thread 0x000001887c1983b0 nmethod 8135 0x0000018800ce6b90 code [0x0000018800ce6d40, 0x0000018800ce6ef8]
Event: 13.020 Thread 0x000001887c1983b0 8133       3       kotlin.jvm.internal.Intrinsics::checkNotNullExpressionValue (38 bytes)
Event: 13.020 Thread 0x000001887c1983b0 nmethod 8133 0x0000018800ce6f90 code [0x0000018800ce7200, 0x0000018800ce7a30]
Event: 13.023 Thread 0x000001887c1983b0 8138       3       java.lang.invoke.LambdaForm::create (12 bytes)
Event: 13.023 Thread 0x000001887c1983b0 nmethod 8138 0x0000018800ce7d90 code [0x0000018800ce7f40, 0x0000018800ce8068]

GC Heap History (20 events):
Event: 6.605 GC heap before
{Heap before GC invocations=13 (full 0):
 garbage-first heap   total 111616K, used 90584K [0x0000000080000000, 0x0000000100000000)
  region size 1024K, 28 young (28672K), 4 survivors (4096K)
 Metaspace       used 46727K, committed 47744K, reserved 1114112K
  class space    used 6435K, committed 6912K, reserved 1048576K
}
Event: 6.611 GC heap after
{Heap after GC invocations=14 (full 0):
 garbage-first heap   total 111616K, used 67776K [0x0000000080000000, 0x0000000100000000)
  region size 1024K, 2 young (2048K), 2 survivors (2048K)
 Metaspace       used 46727K, committed 47744K, reserved 1114112K
  class space    used 6435K, committed 6912K, reserved 1048576K
}
Event: 7.239 GC heap before
{Heap before GC invocations=14 (full 0):
 garbage-first heap   total 111616K, used 103616K [0x0000000080000000, 0x0000000100000000)
  region size 1024K, 33 young (33792K), 2 survivors (2048K)
 Metaspace       used 50764K, committed 51904K, reserved 1114112K
  class space    used 6959K, committed 7488K, reserved 1048576K
}
Event: 7.246 GC heap after
{Heap after GC invocations=15 (full 0):
 garbage-first heap   total 134144K, used 69528K [0x0000000080000000, 0x0000000100000000)
  region size 1024K, 5 young (5120K), 5 survivors (5120K)
 Metaspace       used 50764K, committed 51904K, reserved 1114112K
  class space    used 6959K, committed 7488K, reserved 1048576K
}
Event: 8.153 GC heap before
{Heap before GC invocations=15 (full 0):
 garbage-first heap   total 134144K, used 117656K [0x0000000080000000, 0x0000000100000000)
  region size 1024K, 52 young (53248K), 5 survivors (5120K)
 Metaspace       used 56466K, committed 57920K, reserved 1114112K
  class space    used 7940K, committed 8640K, reserved 1048576K
}
Event: 8.161 GC heap after
{Heap after GC invocations=16 (full 0):
 garbage-first heap   total 134144K, used 72178K [0x0000000080000000, 0x0000000100000000)
  region size 1024K, 5 young (5120K), 5 survivors (5120K)
 Metaspace       used 56466K, committed 57920K, reserved 1114112K
  class space    used 7940K, committed 8640K, reserved 1048576K
}
Event: 9.184 GC heap before
{Heap before GC invocations=17 (full 0):
 garbage-first heap   total 134144K, used 122354K [0x0000000080000000, 0x0000000100000000)
  region size 1024K, 52 young (53248K), 5 survivors (5120K)
 Metaspace       used 60746K, committed 62272K, reserved 1114112K
  class space    used 8684K, committed 9408K, reserved 1048576K
}
Event: 9.193 GC heap after
{Heap after GC invocations=18 (full 0):
 garbage-first heap   total 134144K, used 78424K [0x0000000080000000, 0x0000000100000000)
  region size 1024K, 7 young (7168K), 7 survivors (7168K)
 Metaspace       used 60746K, committed 62272K, reserved 1114112K
  class space    used 8684K, committed 9408K, reserved 1048576K
}
Event: 9.434 GC heap before
{Heap before GC invocations=18 (full 0):
 garbage-first heap   total 134144K, used 118360K [0x0000000080000000, 0x0000000100000000)
  region size 1024K, 46 young (47104K), 7 survivors (7168K)
 Metaspace       used 60839K, committed 62336K, reserved 1114112K
  class space    used 8687K, committed 9408K, reserved 1048576K
}
Event: 9.444 GC heap after
{Heap after GC invocations=19 (full 0):
 garbage-first heap   total 134144K, used 79881K [0x0000000080000000, 0x0000000100000000)
  region size 1024K, 3 young (3072K), 3 survivors (3072K)
 Metaspace       used 60839K, committed 62336K, reserved 1114112K
  class space    used 8687K, committed 9408K, reserved 1048576K
}
Event: 9.648 GC heap before
{Heap before GC invocations=19 (full 0):
 garbage-first heap   total 134144K, used 121865K [0x0000000080000000, 0x0000000100000000)
  region size 1024K, 44 young (45056K), 3 survivors (3072K)
 Metaspace       used 60855K, committed 62336K, reserved 1114112K
  class space    used 8687K, committed 9408K, reserved 1048576K
}
Event: 9.653 GC heap after
{Heap after GC invocations=20 (full 0):
 garbage-first heap   total 134144K, used 80481K [0x0000000080000000, 0x0000000100000000)
  region size 1024K, 3 young (3072K), 3 survivors (3072K)
 Metaspace       used 60855K, committed 62336K, reserved 1114112K
  class space    used 8687K, committed 9408K, reserved 1048576K
}
Event: 10.006 GC heap before
{Heap before GC invocations=21 (full 0):
 garbage-first heap   total 135168K, used 122465K [0x0000000080000000, 0x0000000100000000)
  region size 1024K, 44 young (45056K), 3 survivors (3072K)
 Metaspace       used 62051K, committed 63488K, reserved 1114112K
  class space    used 8856K, committed 9536K, reserved 1048576K
}
Event: 10.010 GC heap after
{Heap after GC invocations=22 (full 0):
 garbage-first heap   total 135168K, used 81476K [0x0000000080000000, 0x0000000100000000)
  region size 1024K, 4 young (4096K), 4 survivors (4096K)
 Metaspace       used 62051K, committed 63488K, reserved 1114112K
  class space    used 8856K, committed 9536K, reserved 1048576K
}
Event: 10.612 GC heap before
{Heap before GC invocations=22 (full 0):
 garbage-first heap   total 135168K, used 128580K [0x0000000080000000, 0x0000000100000000)
  region size 1024K, 44 young (45056K), 4 survivors (4096K)
 Metaspace       used 64316K, committed 65792K, reserved 1114112K
  class space    used 9099K, committed 9792K, reserved 1048576K
}
Event: 10.620 GC heap after
{Heap after GC invocations=23 (full 0):
 garbage-first heap   total 140288K, used 92683K [0x0000000080000000, 0x0000000100000000)
  region size 1024K, 6 young (6144K), 6 survivors (6144K)
 Metaspace       used 64316K, committed 65792K, reserved 1114112K
  class space    used 9099K, committed 9792K, reserved 1048576K
}
Event: 10.704 GC heap before
{Heap before GC invocations=23 (full 0):
 garbage-first heap   total 140288K, used 125451K [0x0000000080000000, 0x0000000100000000)
  region size 1024K, 38 young (38912K), 6 survivors (6144K)
 Metaspace       used 64354K, committed 65792K, reserved 1114112K
  class space    used 9099K, committed 9792K, reserved 1048576K
}
Event: 10.709 GC heap after
{Heap after GC invocations=24 (full 0):
 garbage-first heap   total 168960K, used 94100K [0x0000000080000000, 0x0000000100000000)
  region size 1024K, 1 young (1024K), 1 survivors (1024K)
 Metaspace       used 64354K, committed 65792K, reserved 1114112K
  class space    used 9099K, committed 9792K, reserved 1048576K
}
Event: 11.874 GC heap before
{Heap before GC invocations=25 (full 0):
 garbage-first heap   total 168960K, used 164756K [0x0000000080000000, 0x0000000100000000)
  region size 1024K, 62 young (63488K), 1 survivors (1024K)
 Metaspace       used 67740K, committed 69312K, reserved 1114112K
  class space    used 9437K, committed 10176K, reserved 1048576K
}
Event: 11.881 GC heap after
{Heap after GC invocations=26 (full 0):
 garbage-first heap   total 172032K, used 106388K [0x0000000080000000, 0x0000000100000000)
  region size 1024K, 6 young (6144K), 6 survivors (6144K)
 Metaspace       used 67740K, committed 69312K, reserved 1114112K
  class space    used 9437K, committed 10176K, reserved 1048576K
}

Dll operation events (3 events):
Event: 0.019 Loaded shared library C:\Program Files\Android\Android Studio\jbr\bin\java.dll
Event: 0.026 Loaded shared library C:\Program Files\Android\Android Studio\jbr\bin\zip.dll
Event: 0.637 Loaded shared library C:\Program Files\Android\Android Studio\jbr\bin\verify.dll

Deoptimization events (20 events):
Event: 12.594 Thread 0x000001887df02f80 Uncommon trap: trap_request=0xffffffc6 fr.pc=0x0000018807d7b93c relative=0x000000000000061c
Event: 12.594 Thread 0x000001887df02f80 Uncommon trap: reason=bimorphic_or_optimized_type_check action=maybe_recompile pc=0x0000018807d7b93c method=java.util.HashMap$TreeNode.find(ILjava/lang/Object;Ljava/lang/Class;)Ljava/util/HashMap$TreeNode; @ 68 c2
Event: 12.594 Thread 0x000001887df02f80 DEOPT PACKING pc=0x0000018807d7b93c sp=0x0000007110cf7920
Event: 12.594 Thread 0x000001887df02f80 DEOPT UNPACKING pc=0x00000188075846a2 sp=0x0000007110cf7890 mode 2
Event: 12.594 Thread 0x000001887df02f80 Uncommon trap: trap_request=0xffffffc6 fr.pc=0x0000018807d7b93c relative=0x000000000000061c
Event: 12.594 Thread 0x000001887df02f80 Uncommon trap: reason=bimorphic_or_optimized_type_check action=maybe_recompile pc=0x0000018807d7b93c method=java.util.HashMap$TreeNode.find(ILjava/lang/Object;Ljava/lang/Class;)Ljava/util/HashMap$TreeNode; @ 68 c2
Event: 12.594 Thread 0x000001887df02f80 DEOPT PACKING pc=0x0000018807d7b93c sp=0x0000007110cf7850
Event: 12.594 Thread 0x000001887df02f80 DEOPT UNPACKING pc=0x00000188075846a2 sp=0x0000007110cf77e0 mode 2
Event: 12.594 Thread 0x000001887df02f80 Uncommon trap: trap_request=0xffffffc6 fr.pc=0x0000018807d7b93c relative=0x000000000000061c
Event: 12.594 Thread 0x000001887df02f80 Uncommon trap: reason=bimorphic_or_optimized_type_check action=maybe_recompile pc=0x0000018807d7b93c method=java.util.HashMap$TreeNode.find(ILjava/lang/Object;Ljava/lang/Class;)Ljava/util/HashMap$TreeNode; @ 68 c2
Event: 12.594 Thread 0x000001887df02f80 DEOPT PACKING pc=0x0000018807d7b93c sp=0x0000007110cf7920
Event: 12.594 Thread 0x000001887df02f80 DEOPT UNPACKING pc=0x00000188075846a2 sp=0x0000007110cf7890 mode 2
Event: 12.886 Thread 0x000001887df02f80 Uncommon trap: trap_request=0xffffff45 fr.pc=0x0000018807eec130 relative=0x0000000000000090
Event: 12.886 Thread 0x000001887df02f80 Uncommon trap: reason=unstable_if action=reinterpret pc=0x0000018807eec130 method=org.gradle.internal.serialize.graph.codecs.BindingsBuilder$producerForSubtypesOf$1.encodingForType(Ljava/lang/Class;)Lorg/gradle/internal/serialize/graph/Codec; @ 27 c2
Event: 12.886 Thread 0x000001887df02f80 DEOPT PACKING pc=0x0000018807eec130 sp=0x0000007110cf8720
Event: 12.886 Thread 0x000001887df02f80 DEOPT UNPACKING pc=0x00000188075846a2 sp=0x0000007110cf8628 mode 2
Event: 13.019 Thread 0x000001887df02f80 Uncommon trap: trap_request=0xffffff45 fr.pc=0x0000018807d349f0 relative=0x0000000000000670
Event: 13.019 Thread 0x000001887df02f80 Uncommon trap: reason=unstable_if action=reinterpret pc=0x0000018807d349f0 method=java.lang.invoke.LambdaForm$BasicType.basicType(C)Ljava/lang/invoke/LambdaForm$BasicType; @ 1 c2
Event: 13.019 Thread 0x000001887df02f80 DEOPT PACKING pc=0x0000018807d349f0 sp=0x0000007110cf6880
Event: 13.019 Thread 0x000001887df02f80 DEOPT UNPACKING pc=0x00000188075846a2 sp=0x0000007110cf6730 mode 2

Classes loaded (20 events):
Event: 12.460 Loading class java/util/Comparators$NaturalOrderComparator
Event: 12.460 Loading class java/util/Comparators$NaturalOrderComparator done
Event: 12.564 Loading class java/io/FileWriter
Event: 12.564 Loading class java/io/FileWriter done
Event: 12.938 Loading class java/util/concurrent/atomic/AtomicReferenceFieldUpdater
Event: 12.943 Loading class java/util/concurrent/atomic/AtomicReferenceFieldUpdater done
Event: 12.943 Loading class java/util/concurrent/atomic/AtomicReferenceFieldUpdater$AtomicReferenceFieldUpdaterImpl
Event: 12.943 Loading class java/util/concurrent/atomic/AtomicReferenceFieldUpdater$AtomicReferenceFieldUpdaterImpl done
Event: 12.944 Loading class java/util/concurrent/atomic/AtomicReferenceFieldUpdater$AtomicReferenceFieldUpdaterImpl$1
Event: 12.944 Loading class java/util/concurrent/atomic/AtomicReferenceFieldUpdater$AtomicReferenceFieldUpdaterImpl$1 done
Event: 13.019 Loading class jdk/internal/reflect/MethodHandleBooleanFieldAccessorImpl
Event: 13.020 Loading class jdk/internal/reflect/MethodHandleBooleanFieldAccessorImpl done
Event: 13.026 Loading class java/util/IdentityHashMap$EntrySet
Event: 13.027 Loading class java/util/IdentityHashMap$EntrySet done
Event: 13.027 Loading class java/util/IdentityHashMap$EntryIterator
Event: 13.027 Loading class java/util/IdentityHashMap$IdentityHashMapIterator
Event: 13.027 Loading class java/util/IdentityHashMap$IdentityHashMapIterator done
Event: 13.027 Loading class java/util/IdentityHashMap$EntryIterator done
Event: 13.027 Loading class java/util/IdentityHashMap$EntryIterator$Entry
Event: 13.027 Loading class java/util/IdentityHashMap$EntryIterator$Entry done

Classes unloaded (0 events):
No events

Classes redefined (0 events):
No events

Internal exceptions (20 events):
Event: 11.802 Thread 0x000001887df02f80 Exception <a 'java/lang/ClassNotFoundException'{0x000000008647c690}: org/gradle/api/internal/artifacts/repositories/AbstractResolutionAwareArtifactRepositoryCustomizer> (0x000000008647c690) 
thrown [s\src\hotspot\share\classfile\systemDictionary.cpp, line 312]
Event: 11.803 Thread 0x000001887df02f80 Exception <a 'java/lang/ClassNotFoundException'{0x00000000864a1fe0}: org/gradle/api/internal/artifacts/repositories/AbstractAuthenticationSupportedRepositoryCustomizer> (0x00000000864a1fe0) 
thrown [s\src\hotspot\share\classfile\systemDictionary.cpp, line 312]
Event: 11.804 Thread 0x000001887df02f80 Exception <a 'java/lang/ClassNotFoundException'{0x00000000864d11b8}: org/gradle/api/internal/artifacts/repositories/DefaultMavenArtifactRepositoryCustomizer> (0x00000000864d11b8) 
thrown [s\src\hotspot\share\classfile\systemDictionary.cpp, line 312]
Event: 11.806 Thread 0x000001887df02f80 Exception <a 'java/lang/ClassNotFoundException'{0x0000000086304d70}: org/gradle/api/internal/artifacts/repositories/DefaultMavenArtifactRepository_DecoratedCustomizer> (0x0000000086304d70) 
thrown [s\src\hotspot\share\classfile\systemDictionary.cpp, line 312]
Event: 11.979 Thread 0x000001887df02f80 Exception <a 'java/lang/ClassNotFoundException'{0x0000000089af3a08}: org/gradle/initialization/DefaultProjectDescriptorBeanInfo> (0x0000000089af3a08) 
thrown [s\src\hotspot\share\classfile\systemDictionary.cpp, line 312]
Event: 11.979 Thread 0x000001887df02f80 Exception <a 'java/lang/ClassNotFoundException'{0x0000000089936c10}: org/gradle/initialization/DefaultProjectDescriptorCustomizer> (0x0000000089936c10) 
thrown [s\src\hotspot\share\classfile\systemDictionary.cpp, line 312]
Event: 11.982 Thread 0x000001887df02f80 Exception <a 'java/lang/IncompatibleClassChangeError'{0x000000008995ad70}: Found class java.lang.Object, but interface was expected> (0x000000008995ad70) 
thrown [s\src\hotspot\share\interpreter\linkResolver.cpp, line 851]
Event: 12.085 Thread 0x000001887dfc3b70 Exception <a 'java/lang/NoSuchMethodError'{0x0000000089598358}: static Lorg/gradle/internal/build/event/types/DefaultOperationStartedProgressEvent;.<clinit>()V> (0x0000000089598358) 
thrown [s\src\hotspot\share\prims\jni.cpp, line 1144]
Event: 12.085 Thread 0x000001887dfc3b70 Exception <a 'java/lang/NoSuchMethodError'{0x0000000089599d00}: static Lorg/gradle/internal/build/event/types/AbstractProgressEvent;.<clinit>()V> (0x0000000089599d00) 
thrown [s\src\hotspot\share\prims\jni.cpp, line 1144]
Event: 12.087 Thread 0x000001887dfc3b70 Exception <a 'java/lang/NoSuchMethodError'{0x00000000895ae398}: static Lorg/gradle/internal/build/event/types/DefaultBuildPhaseDescriptor;.<clinit>()V> (0x00000000895ae398) 
thrown [s\src\hotspot\share\prims\jni.cpp, line 1144]
Event: 12.087 Thread 0x000001887dfc3b70 Exception <a 'java/lang/NoSuchMethodError'{0x00000000895b1b88}: static Lorg/gradle/internal/build/event/types/DefaultOperationDescriptor;.<clinit>()V> (0x00000000895b1b88) 
thrown [s\src\hotspot\share\prims\jni.cpp, line 1144]
Event: 12.089 Thread 0x000001887dfc3b70 Exception <a 'java/lang/NoSuchMethodError'{0x00000000895c5db0}: static Lorg/gradle/internal/operations/OperationIdentifier;.<clinit>()V> (0x00000000895c5db0) 
thrown [s\src\hotspot\share\prims\jni.cpp, line 1144]
Event: 12.244 Thread 0x000001887df02f80 Exception <a 'sun/nio/fs/WindowsException'{0x00000000890d7cc8}> (0x00000000890d7cc8) 
thrown [s\src\hotspot\share\prims\jni.cpp, line 537]
Event: 12.244 Thread 0x000001887df02f80 Exception <a 'sun/nio/fs/WindowsException'{0x00000000890d96e8}> (0x00000000890d96e8) 
thrown [s\src\hotspot\share\prims\jni.cpp, line 537]
Event: 12.245 Thread 0x000001887df02f80 Exception <a 'sun/nio/fs/WindowsException'{0x00000000890e2c38}> (0x00000000890e2c38) 
thrown [s\src\hotspot\share\prims\jni.cpp, line 537]
Event: 12.455 Thread 0x000001887df02f80 Exception <a 'java/lang/NoSuchMethodError'{0x000000008877f390}: 'void java.lang.invoke.DirectMethodHandle$Holder.invokeStatic(java.lang.Object, java.lang.Object, java.lang.Object, java.lang.Object, java.lang.Object, java.lang.Object, java.lang.Object)'> (0x000000008877f390) 
thrown [s\src\hotspot\share\interpreter\linkResolver.cpp, line 784]
Event: 13.021 Thread 0x000001887df02f80 Exception <a 'java/lang/NoSuchMethodError'{0x0000000086f17208}: 'void java.lang.invoke.DelegatingMethodHandle$Holder.reinvoke_L(java.lang.Object, java.lang.Object, int)'> (0x0000000086f17208) 
thrown [s\src\hotspot\share\interpreter\linkResolver.cpp, line 784]
Event: 13.021 Thread 0x000001887df02f80 Exception <a 'java/lang/NoSuchMethodError'{0x0000000086f1e7a0}: 'int java.lang.invoke.Invokers$Holder.invokeExact_MT(java.lang.Object, java.lang.Object, java.lang.Object)'> (0x0000000086f1e7a0) 
thrown [s\src\hotspot\share\interpreter\linkResolver.cpp, line 784]
Event: 13.023 Thread 0x000001887df02f80 Exception <a 'java/lang/NoSuchMethodError'{0x0000000086f350a8}: 'void java.lang.invoke.DelegatingMethodHandle$Holder.reinvoke_L(java.lang.Object, java.lang.Object, long)'> (0x0000000086f350a8) 
thrown [s\src\hotspot\share\interpreter\linkResolver.cpp, line 784]
Event: 13.023 Thread 0x000001887df02f80 Exception <a 'java/lang/NoSuchMethodError'{0x0000000086f3c858}: 'long java.lang.invoke.Invokers$Holder.invokeExact_MT(java.lang.Object, java.lang.Object, java.lang.Object)'> (0x0000000086f3c858) 
thrown [s\src\hotspot\share\interpreter\linkResolver.cpp, line 784]

ZGC Phase Switch (0 events):
No events

VM Operations (20 events):
Event: 11.114 Executing VM operation: ICBufferFull
Event: 11.114 Executing VM operation: ICBufferFull done
Event: 11.229 Executing VM operation: HandshakeAllThreads (Deoptimize)
Event: 11.229 Executing VM operation: HandshakeAllThreads (Deoptimize) done
Event: 11.747 Executing VM operation: ICBufferFull
Event: 11.747 Executing VM operation: ICBufferFull done
Event: 11.874 Executing VM operation: G1CollectForAllocation (G1 Evacuation Pause)
Event: 11.881 Executing VM operation: G1CollectForAllocation (G1 Evacuation Pause) done
Event: 12.420 Executing VM operation: HandshakeAllThreads (Deoptimize)
Event: 12.420 Executing VM operation: HandshakeAllThreads (Deoptimize) done
Event: 12.421 Executing VM operation: HandshakeAllThreads (Deoptimize)
Event: 12.421 Executing VM operation: HandshakeAllThreads (Deoptimize) done
Event: 12.462 Executing VM operation: ICBufferFull
Event: 12.462 Executing VM operation: ICBufferFull done
Event: 12.463 Executing VM operation: HandshakeAllThreads (Deoptimize)
Event: 12.464 Executing VM operation: HandshakeAllThreads (Deoptimize) done
Event: 12.565 Executing VM operation: HandshakeAllThreads (Deoptimize)
Event: 12.565 Executing VM operation: HandshakeAllThreads (Deoptimize) done
Event: 12.766 Executing VM operation: HandshakeAllThreads (Deoptimize)
Event: 12.766 Executing VM operation: HandshakeAllThreads (Deoptimize) done

Memory protections (0 events):
No events

Nmethod flushes (20 events):
Event: 10.750 Thread 0x000001887c115860 flushing  nmethod 0x000001880093fe10
Event: 10.750 Thread 0x000001887c115860 flushing  nmethod 0x0000018800940d90
Event: 10.750 Thread 0x000001887c115860 flushing  nmethod 0x00000188009aae10
Event: 10.750 Thread 0x000001887c115860 flushing  nmethod 0x0000018800504510
Event: 10.750 Thread 0x000001887c115860 flushing  nmethod 0x0000018800545f10
Event: 10.750 Thread 0x000001887c115860 flushing  nmethod 0x00000188005d2110
Event: 10.750 Thread 0x000001887c115860 flushing  nmethod 0x0000018800671710
Event: 10.750 Thread 0x000001887c115860 flushing  nmethod 0x0000018800672510
Event: 10.750 Thread 0x000001887c115860 flushing  nmethod 0x00000188006a1010
Event: 10.750 Thread 0x000001887c115860 flushing  nmethod 0x000001880076ec90
Event: 10.750 Thread 0x000001887c115860 flushing  nmethod 0x000001880090f610
Event: 10.750 Thread 0x000001887c115860 flushing  nmethod 0x000001880090fe10
Event: 10.750 Thread 0x000001887c115860 flushing  nmethod 0x0000018800914210
Event: 10.750 Thread 0x000001887c115860 flushing  nmethod 0x000001880094cc10
Event: 10.750 Thread 0x000001887c115860 flushing  nmethod 0x000001880094da10
Event: 10.750 Thread 0x000001887c115860 flushing  nmethod 0x000001880094e610
Event: 10.750 Thread 0x000001887c115860 flushing  nmethod 0x000001880094ec10
Event: 10.750 Thread 0x000001887c115860 flushing  nmethod 0x000001880094ff10
Event: 10.750 Thread 0x000001887c115860 flushing  nmethod 0x0000018800952090
Event: 10.750 Thread 0x000001887c115860 flushing osr nmethod 0x0000018800993190

Events (20 events):
Event: 10.360 Thread 0x000001887df02f80 Thread added: 0x000001881419d260
Event: 10.361 Thread 0x000001887df02f80 Thread added: 0x00000188141a0050
Event: 10.362 Thread 0x000001887df02f80 Thread added: 0x000001881419df80
Event: 10.364 Thread 0x000001887df02f80 Thread added: 0x000001881419cbd0
Event: 10.365 Thread 0x000001887df02f80 Thread added: 0x00000188141a06e0
Event: 10.366 Thread 0x000001887df02f80 Thread added: 0x00000188141a3b60
Event: 10.404 Thread 0x000001887df02f80 Thread added: 0x00000188141a34d0
Event: 10.405 Thread 0x000001887df02f80 Thread added: 0x00000188141a41f0
Event: 10.406 Thread 0x000001887df02f80 Thread added: 0x00000188141a2120
Event: 10.408 Thread 0x000001887df02f80 Thread added: 0x00000188141a0d70
Event: 10.409 Thread 0x000001887df02f80 Thread added: 0x00000188141a2e40
Event: 10.410 Thread 0x000001887df02f80 Thread added: 0x00000188141a1400
Event: 10.411 Thread 0x000001887df02f80 Thread added: 0x00000188141a27b0
Event: 10.979 Thread 0x000001881596f860 Thread exited: 0x000001881596f860
Event: 10.979 Thread 0x000001887e3edb40 Thread exited: 0x000001887e3edb40
Event: 10.997 Thread 0x000001887c1983b0 Thread added: 0x0000018813511880
Event: 11.353 Thread 0x0000018813511880 Thread exited: 0x0000018813511880
Event: 11.613 Thread 0x000001887c1983b0 Thread added: 0x0000018814374370
Event: 11.966 Thread 0x000001887df02f80 Thread added: 0x0000018814568c70
Event: 12.411 Thread 0x0000018814374370 Thread exited: 0x0000018814374370


Dynamic libraries:
0x00007ff633af0000 - 0x00007ff633afa000 	C:\Program Files\Android\Android Studio\jbr\bin\java.exe
0x00007ff87d700000 - 0x00007ff87d968000 	C:\WINDOWS\SYSTEM32\ntdll.dll
0x00007ff87bfe0000 - 0x00007ff87c0a9000 	C:\WINDOWS\System32\KERNEL32.DLL
0x00007ff87aaf0000 - 0x00007ff87aee8000 	C:\WINDOWS\System32\KERNELBASE.dll
0x00007ff87b200000 - 0x00007ff87b34b000 	C:\WINDOWS\System32\ucrtbase.dll
0x00007ff865560000 - 0x00007ff865578000 	C:\Program Files\Android\Android Studio\jbr\bin\jli.dll
0x00007ff871f00000 - 0x00007ff871f1b000 	C:\Program Files\Android\Android Studio\jbr\bin\VCRUNTIME140.dll
0x00007ff87d4f0000 - 0x00007ff87d6b7000 	C:\WINDOWS\System32\USER32.dll
0x00007ff87b1d0000 - 0x00007ff87b1f7000 	C:\WINDOWS\System32\win32u.dll
0x00007ff87c990000 - 0x00007ff87c9bb000 	C:\WINDOWS\System32\GDI32.dll
0x00007ff87a850000 - 0x00007ff87a97c000 	C:\WINDOWS\System32\gdi32full.dll
0x00007ff87aef0000 - 0x00007ff87af93000 	C:\WINDOWS\System32\msvcp_win.dll
0x00007ff85ef10000 - 0x00007ff85f1a4000 	C:\WINDOWS\WinSxS\amd64_microsoft.windows.common-controls_6595b64144ccf1df_6.0.26100.7019_none_3e06ffa0e335b8a8\COMCTL32.dll
0x00007ff87c4f0000 - 0x00007ff87c599000 	C:\WINDOWS\System32\msvcrt.dll
0x00007ff87cf50000 - 0x00007ff87cf81000 	C:\WINDOWS\System32\IMM32.DLL
0x00007ff871f30000 - 0x00007ff871f3c000 	C:\Program Files\Android\Android Studio\jbr\bin\vcruntime140_1.dll
0x00007ff82d750000 - 0x00007ff82d7dd000 	C:\Program Files\Android\Android Studio\jbr\bin\msvcp140.dll
0x00007fffdad80000 - 0x00007fffdba16000 	C:\Program Files\Android\Android Studio\jbr\bin\server\jvm.dll
0x00007ff87c5a0000 - 0x00007ff87c654000 	C:\WINDOWS\System32\ADVAPI32.dll
0x00007ff87b4a0000 - 0x00007ff87b546000 	C:\WINDOWS\System32\sechost.dll
0x00007ff87c2f0000 - 0x00007ff87c408000 	C:\WINDOWS\System32\RPCRT4.dll
0x00007ff87c720000 - 0x00007ff87c794000 	C:\WINDOWS\System32\WS2_32.dll
0x00007ff876fc0000 - 0x00007ff876ff5000 	C:\WINDOWS\SYSTEM32\WINMM.dll
0x00007ff87a6b0000 - 0x00007ff87a70e000 	C:\WINDOWS\SYSTEM32\POWRPROF.dll
0x00007ff85c060000 - 0x00007ff85c06b000 	C:\WINDOWS\SYSTEM32\VERSION.dll
0x00007ff87a690000 - 0x00007ff87a6a4000 	C:\WINDOWS\SYSTEM32\UMPDC.dll
0x00007ff879610000 - 0x00007ff87962b000 	C:\WINDOWS\SYSTEM32\kernel.appcore.dll
0x00007ff871d00000 - 0x00007ff871d0a000 	C:\Program Files\Android\Android Studio\jbr\bin\jimage.dll
0x00007ff877e80000 - 0x00007ff8780c2000 	C:\WINDOWS\SYSTEM32\DBGHELP.DLL
0x00007ff87cfa0000 - 0x00007ff87d32b000 	C:\WINDOWS\System32\combase.dll
0x00007ff87c410000 - 0x00007ff87c4e7000 	C:\WINDOWS\System32\OLEAUT32.dll
0x00007ff85b4c0000 - 0x00007ff85b4fc000 	C:\WINDOWS\SYSTEM32\dbgcore.DLL
0x00007ff87afa0000 - 0x00007ff87b045000 	C:\WINDOWS\System32\bcryptPrimitives.dll
0x00007ff876d40000 - 0x00007ff876d4e000 	C:\Program Files\Android\Android Studio\jbr\bin\instrument.dll
0x00007ff871680000 - 0x00007ff8716a0000 	C:\Program Files\Android\Android Studio\jbr\bin\java.dll
0x00007ff8701b0000 - 0x00007ff8701c8000 	C:\Program Files\Android\Android Studio\jbr\bin\zip.dll
0x00007ff87b7f0000 - 0x00007ff87bf3f000 	C:\WINDOWS\System32\SHELL32.dll
0x00007ff87a980000 - 0x00007ff87aaeb000 	C:\WINDOWS\System32\wintypes.dll
0x00007ff878470000 - 0x00007ff878ccd000 	C:\WINDOWS\SYSTEM32\windows.storage.dll
0x00007ff87b5f0000 - 0x00007ff87b6e2000 	C:\WINDOWS\System32\SHCORE.dll
0x00007ff87ce50000 - 0x00007ff87ceb7000 	C:\WINDOWS\System32\shlwapi.dll
0x00007ff87a770000 - 0x00007ff87a799000 	C:\WINDOWS\SYSTEM32\profapi.dll
0x00007ff871cd0000 - 0x00007ff871ce0000 	C:\Program Files\Android\Android Studio\jbr\bin\net.dll
0x00007ff868c90000 - 0x00007ff868db8000 	C:\WINDOWS\SYSTEM32\WINHTTP.dll
0x00007ff879b80000 - 0x00007ff879beb000 	C:\WINDOWS\system32\mswsock.dll
0x00007ff868080000 - 0x00007ff868096000 	C:\Program Files\Android\Android Studio\jbr\bin\nio.dll
0x00007ff8708e0000 - 0x00007ff8708f0000 	C:\Program Files\Android\Android Studio\jbr\bin\verify.dll
0x00007ff862330000 - 0x00007ff862357000 	C:\Users\Sushmita Naik\.gradle\native\1def1411415f61bf3af743bc5b6707747c0891f09f0c88961ee8f79bc544acac\windows-amd64\native-platform.dll
0x00007ff82f1a0000 - 0x00007ff82f218000 	C:\Users\Sushmita Naik\.gradle\native\0.2.7\x86_64-windows-gnu\gradle-fileevents.dll
0x00007ff871650000 - 0x00007ff871659000 	C:\Program Files\Android\Android Studio\jbr\bin\management.dll
0x00007ff870cd0000 - 0x00007ff870cdb000 	C:\Program Files\Android\Android Studio\jbr\bin\management_ext.dll
0x00007ff87b5e0000 - 0x00007ff87b5e8000 	C:\WINDOWS\System32\PSAPI.DLL
0x00007ff879150000 - 0x00007ff879184000 	C:\WINDOWS\SYSTEM32\IPHLPAPI.DLL
0x00007ff87c7a0000 - 0x00007ff87c7aa000 	C:\WINDOWS\System32\NSI.dll
0x00007ff871c60000 - 0x00007ff871c69000 	C:\Program Files\Android\Android Studio\jbr\bin\extnet.dll
0x00007ff879e50000 - 0x00007ff879e6b000 	C:\WINDOWS\SYSTEM32\CRYPTSP.dll
0x00007ff879570000 - 0x00007ff8795aa000 	C:\WINDOWS\system32\rsaenh.dll
0x00007ff879c30000 - 0x00007ff879c5b000 	C:\WINDOWS\SYSTEM32\USERENV.dll
0x00007ff87a740000 - 0x00007ff87a76a000 	C:\WINDOWS\SYSTEM32\bcrypt.dll
0x00007ff879e40000 - 0x00007ff879e4c000 	C:\WINDOWS\SYSTEM32\CRYPTBASE.dll
0x00007ff846a10000 - 0x00007ff846a18000 	C:\WINDOWS\system32\wshunix.dll

JVMTI agents:
C:\Users\Sushmita Naik\.gradle\wrapper\dists\gradle-8.13-bin\5xuhj0ry160q40clulazy9h7d\gradle-8.13\lib\agents\gradle-instrumentation-agent-8.13.jar path:C:\Program Files\Android\Android Studio\jbr\bin\instrument.dll, loaded, initialized, instrumentlib options:none

dbghelp: loaded successfully - version: 4.0.5 - missing functions: none
symbol engine: initialized successfully - sym options: 0x614 - pdb path: .;C:\Program Files\Android\Android Studio\jbr\bin;C:\WINDOWS\SYSTEM32;C:\WINDOWS\WinSxS\amd64_microsoft.windows.common-controls_6595b64144ccf1df_6.0.26100.7019_none_3e06ffa0e335b8a8;C:\Program Files\Android\Android Studio\jbr\bin\server;C:\Users\Sushmita Naik\.gradle\native\1def1411415f61bf3af743bc5b6707747c0891f09f0c88961ee8f79bc544acac\windows-amd64;C:\Users\Sushmita Naik\.gradle\native\0.2.7\x86_64-windows-gnu

VM Arguments:
jvm_args: --add-opens=java.base/java.lang=ALL-UNNAMED --add-opens=java.base/java.lang.invoke=ALL-UNNAMED --add-opens=java.base/java.util=ALL-UNNAMED --add-opens=java.prefs/java.util.prefs=ALL-UNNAMED --add-exports=jdk.compiler/com.sun.tools.javac.api=ALL-UNNAMED --add-exports=jdk.compiler/com.sun.tools.javac.util=ALL-UNNAMED --add-opens=java.base/java.util=ALL-UNNAMED --add-opens=java.prefs/java.util.prefs=ALL-UNNAMED --add-opens=java.base/java.nio.charset=ALL-UNNAMED --add-opens=java.base/java.net=ALL-UNNAMED --add-opens=java.base/java.util.concurrent.atomic=ALL-UNNAMED --add-opens=java.xml/javax.xml.namespace=ALL-UNNAMED -Xmx2048m -Dfile.encoding=UTF-8 -Duser.country=IN -Duser.language=en -Duser.variant -javaagent:C:\Users\Sushmita Naik\.gradle\wrapper\dists\gradle-8.13-bin\5xuhj0ry160q40clulazy9h7d\gradle-8.13\lib\agents\gradle-instrumentation-agent-8.13.jar 
java_command: org.gradle.launcher.daemon.bootstrap.GradleDaemon 8.13
java_class_path (initial): C:\Users\Sushmita Naik\.gradle\wrapper\dists\gradle-8.13-bin\5xuhj0ry160q40clulazy9h7d\gradle-8.13\lib\gradle-daemon-main-8.13.jar
Launcher Type: SUN_STANDARD

[Global flags]
     intx CICompilerCount                          = 4                                         {product} {ergonomic}
     uint ConcGCThreads                            = 2                                         {product} {ergonomic}
     uint G1ConcRefinementThreads                  = 8                                         {product} {ergonomic}
   size_t G1HeapRegionSize                         = 1048576                                   {product} {ergonomic}
    uintx GCDrainStackTargetSize                   = 64                                        {product} {ergonomic}
   size_t InitialHeapSize                          = 130023424                                 {product} {ergonomic}
   size_t MarkStackSize                            = 4194304                                   {product} {ergonomic}
   size_t MaxHeapSize                              = 2147483648                                {product} {command line}
   size_t MaxNewSize                               = 1287651328                                {product} {ergonomic}
   size_t MinHeapDeltaBytes                        = 1048576                                   {product} {ergonomic}
   size_t MinHeapSize                              = 8388608                                   {product} {ergonomic}
    uintx NonNMethodCodeHeapSize                   = 5839372                                {pd product} {ergonomic}
    uintx NonProfiledCodeHeapSize                  = 122909434                              {pd product} {ergonomic}
    uintx ProfiledCodeHeapSize                     = 122909434                              {pd product} {ergonomic}
    uintx ReservedCodeCacheSize                    = 251658240                              {pd product} {ergonomic}
     bool SegmentedCodeCache                       = true                                      {product} {ergonomic}
   size_t SoftMaxHeapSize                          = 2147483648                             {manageable} {ergonomic}
     bool UseCompressedOops                        = true                           {product lp64_product} {ergonomic}
     bool UseG1GC                                  = true                                      {product} {ergonomic}
     bool UseLargePagesIndividualAllocation        = false                                  {pd product} {ergonomic}

Logging:
Log output configuration:
 #0: stdout all=warning uptime,level,tags foldmultilines=false
 #1: stderr all=off uptime,level,tags foldmultilines=false

Environment Variables:
PATH=C:\Program Files\Common Files\Oracle\Java\javapath;C:\Windows\system32;C:\Windows;C:\Windows\System32\Wbem;C:\Windows\System32\WindowsPowerShell\v1.0\;C:\Windows\System32\OpenSSH\;C:\Program Files\dotnet\;C:\Program Files\MySQL\MySQL Server 8.0\bin;C:\MinGW\bin;C:\Program Files\Java\jdk-21\bin;c:\Users\Sushmita Naik\AppData\Local\Programs\cursor\resources\app\bin;C:\Program Files\nodejs\;C:\Program Files\Git\cmd;C:\WINDOWS\system32;C:\WINDOWS;C:\WINDOWS\System32\Wbem;C:\WINDOWS\System32\WindowsPowerShell\v1.0\;C:\WINDOWS\System32\OpenSSH\;C:\Program Files\Go\bin;C:\Users\Sushmita Naik\AppData\Local\Microsoft\WindowsApps;C:\Users\Sushmita Naik\AppData\Local\Programs\Microsoft VS Code\bin;C:\Users\Sushmita Naik\AppData\Local\Programs\cursor\resources\app\bin;C:\Users\Sushmita Naik\AppData\Roaming\npm;C:\Program Files\JetBrains\PyCharm 2025.2.3\bin;C:\Users\Sushmita Naik\go\bin
USERNAME=Sushmita Naik
OS=Windows_NT
PROCESSOR_IDENTIFIER=Intel64 Family 6 Model 154 Stepping 4, GenuineIntel
TMP=C:\Users\SUSHMI~1\AppData\Local\Temp
TEMP=C:\Users\SUSHMI~1\AppData\Local\Temp




Periodic native trim disabled

JNI global refs:
JNI global refs: 27, weak refs: 3

JNI global refs memory usage: 835, weak refs: 833

Process memory usage:
Resident Set Size: 388512K (4% of 8065780K total physical memory with 1633088K free physical memory)

OOME stack traces (most recent first):
Classloader memory used:
Loader org.gradle.internal.classloader.VisitableURLClassLoader                         : 39386K
Loader bootstrap                                                                       : 23511K
Loader org.gradle.initialization.MixInLegacyTypesClassLoader                           : 8877K
Loader org.gradle.internal.classloader.VisitableURLClassLoader                         : 943K
Loader org.gradle.internal.classloader.VisitableURLClassLoader$InstrumentingVisitableURLClassLoader: 586K
Loader jdk.internal.loader.ClassLoaders$PlatformClassLoader                            : 515K
Loader jdk.internal.loader.ClassLoaders$AppClassLoader                                 : 235K
Loader jdk.internal.reflect.DelegatingClassLoader                                      : 219K
Loader org.gradle.groovy.scripts.internal.DefaultScriptCompilationHandler$ScriptClassLoader: 140K
Loader groovy.lang.GroovyClassLoader$InnerLoader                                       : 60632B
Loader org.codehaus.groovy.runtime.callsite.CallSiteClassLoader                        : 52816B

Classes loaded by more than one classloader:
Class org.gradle.internal.IoActions                                                   : loaded 3 times (x 71B)
Class org.gradle.api.Action                                                           : loaded 3 times (x 70B)
Class org.gradle.internal.Cast                                                        : loaded 3 times (x 71B)
Class org.gradle.api.GradleException                                                  : loaded 3 times (x 82B)
Class org.gradle.api.UncheckedIOException                                             : loaded 3 times (x 82B)
Class org.gradle.internal.classloader.DefaultClassLoaderFactory                       : loaded 2 times (x 82B)
Class kotlin.collections.AbstractList$Companion                                       : loaded 2 times (x 71B)
Class org.gradle.internal.classloader.ClassLoaderVisitor                              : loaded 2 times (x 76B)
Class org.gradle.api.internal.classpath.EffectiveClassPath                            : loaded 2 times (x 90B)
Class org.gradle.tooling.internal.gradle.DefaultProjectIdentifier                     : loaded 2 times (x 86B)
Class org.gradle.api.internal.DefaultClassPathProvider                                : loaded 2 times (x 76B)
Class [Lorg.gradle.api.internal.ClassPathProvider;                                    : loaded 2 times (x 69B)
Class org.gradle.api.internal.ClassPathProvider                                       : loaded 2 times (x 70B)
Class org.gradle.internal.service.UnknownServiceException                             : loaded 2 times (x 83B)
Class sync_studio_tooling1_16vlg3uf634lppw3jnjjszn5n                                  : loaded 2 times (x 179B)
Class org.gradle.internal.classpath.TransformedClassPath                              : loaded 2 times (x 96B)
Class org.gradle.internal.classloader.InstrumentingClassLoader                        : loaded 2 times (x 70B)
Class kotlin.enums.EnumEntriesList                                                    : loaded 2 times (x 223B)
Class _BuildScript_                                                                   : loaded 2 times (x 173B)
Class org.gradle.internal.service.ServiceLocator                                      : loaded 2 times (x 70B)
Class com.intellij.gradle.toolingExtension.util.GradleVersionUtil                     : loaded 2 times (x 71B)
Class org.gradle.tooling.model.UnsupportedMethodException                             : loaded 2 times (x 82B)
Class org.gradle.internal.InternalTransformer                                         : loaded 2 times (x 70B)
Class org.gradle.internal.time.DefaultTimer                                           : loaded 2 times (x 80B)
Class org.gradle.internal.classloader.ClasspathUtil$1                                 : loaded 2 times (x 76B)
Class org.gradle.api.internal.classpath.DefaultModuleRegistry$DefaultModule           : loaded 2 times (x 86B)
Class org.gradle.internal.time.DefaultCountdownTimer                                  : loaded 2 times (x 88B)
Class org.gradle.tooling.internal.gradle.DefaultBuildIdentifier                       : loaded 2 times (x 79B)
Class kotlin.Function                                                                 : loaded 2 times (x 70B)
Class org.gradle.api.internal.classpath.Module                                        : loaded 2 times (x 70B)
Class org.gradle.api.internal.classpath.UnknownModuleException                        : loaded 2 times (x 82B)
Class org.gradle.tooling.internal.gradle.GradleProjectIdentity                        : loaded 2 times (x 70B)
Class org.gradle.api.internal.DefaultClassPathRegistry                                : loaded 2 times (x 76B)
Class org.gradle.api.internal.ClassPathRegistry                                       : loaded 2 times (x 70B)
Class org.gradle.internal.classpath.DefaultClassPath$ImmutableUniqueList              : loaded 2 times (x 199B)
Class org.gradle.internal.operations.MultipleBuildOperationFailures                   : loaded 2 times (x 95B)
Class org.gradle.internal.classpath.ClassPath                                         : loaded 2 times (x 70B)
Class org.gradle.tooling.model.Model                                                  : loaded 2 times (x 70B)
Class kotlin.UninitializedPropertyAccessException                                     : loaded 2 times (x 82B)
Class org.gradle.api.internal.classpath.ManifestUtil                                  : loaded 2 times (x 71B)
Class org.gradle.internal.installation.GradleInstallation$1                           : loaded 2 times (x 75B)
Class org.gradle.api.internal.classpath.ModuleRegistry                                : loaded 2 times (x 70B)
Class org.gradle.api.internal.classpath.DefaultModuleRegistry                         : loaded 2 times (x 86B)
Class org.gradle.util.internal.DefaultGradleVersion$Stage                             : loaded 2 times (x 75B)
Class org.gradle.internal.time.MonotonicClock                                         : loaded 2 times (x 77B)
Class org.gradle.internal.service.ServiceLookupException                              : loaded 2 times (x 82B)
Class org.gradle.internal.classloader.ClassLoaderFactory                              : loaded 2 times (x 70B)
Class org.gradle.internal.service.CachingServiceLocator                               : loaded 2 times (x 82B)
Class settings_excesnyam13ldm3oqxt6gtddj$_run_closure1$_closure2                      : loaded 2 times (x 139B)
Class org.gradle.internal.time.TimeSource                                             : loaded 2 times (x 70B)
Class settings_excesnyam13ldm3oqxt6gtddj                                              : loaded 2 times (x 179B)
Class org.gradle.tooling.internal.gradle.GradleBuildIdentity                          : loaded 2 times (x 70B)
Class kotlin.enums.EnumEntries                                                        : loaded 2 times (x 70B)
Class org.gradle.internal.exceptions.ResolutionProvider                               : loaded 2 times (x 70B)
Class org.gradle.tooling.model.ProjectIdentifier                                      : loaded 2 times (x 70B)
Class org.gradle.internal.classloader.ClasspathUtil                                   : loaded 2 times (x 71B)
Class org.gradle.internal.time.TimeSource$1                                           : loaded 2 times (x 77B)
Class kotlin.jvm.internal.DefaultConstructorMarker                                    : loaded 2 times (x 71B)
Class org.gradle.api.specs.Spec                                                       : loaded 2 times (x 70B)
Class com.intellij.gradle.toolingExtension.impl.model.utilDummyModel.DummyModel       : loaded 2 times (x 70B)
Class org.gradle.internal.time.Clock                                                  : loaded 2 times (x 70B)
Class kotlin.collections.AbstractList                                                 : loaded 2 times (x 197B)
Class kotlin.collections.AbstractCollection                                           : loaded 2 times (x 117B)
Class ijInit2_beb3xozg3y1l18wbrskycqt3x                                               : loaded 2 times (x 179B)
Class org.gradle.internal.impldep.com.google.common.base.Preconditions                : loaded 2 times (x 71B)
Class _BuildScript_$_run_closure1$_closure2                                           : loaded 2 times (x 132B)
Class org.gradle.internal.classloader.VisitableURLClassLoader$InstrumentingVisitableURLClassLoader: loaded 2 times (x 123B)
Class org.gradle.internal.classloader.VisitableURLClassLoader$Spec                    : loaded 2 times (x 74B)
Class org.gradle.internal.classpath.DefaultClassPath                                  : loaded 2 times (x 90B)
Class org.gradle.util.internal.DefaultGradleVersion                                   : loaded 2 times (x 80B)
Class settings_excesnyam13ldm3oqxt6gtddj$_run_closure1                                : loaded 2 times (x 139B)
Class org.gradle.internal.classloader.ClassLoaderSpec                                 : loaded 2 times (x 71B)
Class kotlin.Unit                                                                     : loaded 2 times (x 71B)
Class org.gradle.internal.classloader.VisitableURLClassLoader                         : loaded 2 times (x 117B)
Class org.gradle.internal.classloader.ClassLoaderHierarchy                            : loaded 2 times (x 70B)
Class org.gradle.internal.classloader.FilteringClassLoader                            : loaded 2 times (x 105B)
Class kotlin.jvm.functions.Function1                                                  : loaded 2 times (x 70B)
Class org.gradle.internal.classpath.DefaultClassPath$ImmutableUniqueList$Builder      : loaded 2 times (x 75B)
Class _BuildScript_$_run_closure1                                                     : loaded 2 times (x 132B)
Class org.gradle.internal.exceptions.NonGradleCauseExceptionsHolder                   : loaded 2 times (x 70B)
Class org.jetbrains.plugins.gradle.tooling.ModelBuilderService$Parameter              : loaded 2 times (x 70B)
Class kotlin.NotImplementedError                                                      : loaded 2 times (x 82B)
Class kotlin.enums.EnumEntriesKt                                                      : loaded 2 times (x 71B)
Class org.gradle.internal.classloader.SystemClassLoaderSpec                           : loaded 2 times (x 71B)
Class org.gradle.internal.exceptions.MultiCauseException                              : loaded 2 times (x 70B)
Class org.gradle.internal.time.CountdownTimer                                         : loaded 2 times (x 70B)
Class kotlin.jvm.internal.Intrinsics                                                  : loaded 2 times (x 71B)
Class org.gradle.tooling.model.ProjectModel                                           : loaded 2 times (x 70B)
Class kotlin.KotlinNullPointerException                                               : loaded 2 times (x 83B)
Class org.gradle.internal.exceptions.DefaultMultiCauseException                       : loaded 2 times (x 95B)
Class org.gradle.internal.time.Time                                                   : loaded 2 times (x 71B)
Class JetGradlePlugin                                                                 : loaded 2 times (x 96B)
Class org.gradle.api.internal.classpath.GlobalCacheRootsProvider                      : loaded 2 times (x 70B)
Class org.gradle.tooling.model.BuildIdentifier                                        : loaded 2 times (x 70B)
Class org.gradle.internal.time.Timer                                                  : loaded 2 times (x 70B)
Class kotlin.jvm.internal.markers.KMappedMarker                                       : loaded 2 times (x 70B)
Class org.gradle.internal.installation.CurrentGradleInstallationLocator               : loaded 2 times (x 71B)
Class org.gradle.internal.service.DefaultServiceLocator                               : loaded 2 times (x 83B)
Class org.gradle.util.GradleVersion                                                   : loaded 2 times (x 79B)
Class org.gradle.internal.installation.CurrentGradleInstallation                      : loaded 2 times (x 73B)
Class org.gradle.util.internal.GUtil                                                  : loaded 2 times (x 71B)
Class org.gradle.internal.installation.GradleInstallation                             : loaded 2 times (x 75B)

---------------  S Y S T E M  ---------------

OS:
 Windows 11 , 64 bit Build 26100 (10.0.26100.7019)
OS uptime: 10 days 4:55 hours
Hyper-V role detected

CPU: total 8 (initial active 8) (4 cores per cpu, 2 threads per core) family 6 model 154 stepping 4 microcode 0x437, cx8, cmov, fxsr, ht, mmx, 3dnowpref, sse, sse2, sse3, ssse3, sse4.1, sse4.2, popcnt, lzcnt, tsc, tscinvbit, avx, avx2, aes, erms, clmul, bmi1, bmi2, adx, sha, fma, vzeroupper, clflush, clflushopt, clwb, hv, serialize, rdtscp, rdpid, fsrm, f16c, cet_ibt, cet_ss
Processor Information for the first 8 processors :
  Max Mhz: 1200, Current Mhz: 1200, Mhz Limit: 1200

Memory: 4k page, system-wide physical 7876M (1595M free)
TotalPageFile size 32452M (AvailPageFile size 12M)
current process WorkingSet (physical memory assigned to process): 379M, peak: 379M
current process commit charge ("private bytes"): 416M, peak: 418M

vm_info: OpenJDK 64-Bit Server VM (21.0.8+-14196175-b1038.72) for windows-amd64 JRE (21.0.8+-14196175-b1038.72), built on 2025-10-01T10:24:33Z by "builder" with MS VC++ 16.10 / 16.11 (VS2019)

END.
